#-----------------------------------------------------------
# Vivado v2018.1 (64-bit)
# SW Build 2188600 on Wed Apr  4 18:40:38 MDT 2018
# IP Build 2185939 on Wed Apr  4 20:55:05 MDT 2018
# Start of session at: Fri May  8 23:03:23 2026
# Process ID: 13864
# Current directory: C:/Users/USER/OneDrive/Desktop/GithubFiles/Nano-Processor-Design/Nano_Processor_Advanced
# Command line: vivado.exe -gui_launcher_event rodinguilauncherevent2116 C:\Users\USER\OneDrive\Desktop\GithubFiles\Nano-Processor-Design\Nano_Processor_Advanced\Nano_Processor_Advanced.xpr
# Log file: C:/Users/USER/OneDrive/Desktop/GithubFiles/Nano-Processor-Design/Nano_Processor_Advanced/vivado.log
# Journal file: C:/Users/USER/OneDrive/Desktop/GithubFiles/Nano-Processor-Design/Nano_Processor_Advanced\vivado.jou
#-----------------------------------------------------------
start_gui
open_project C:/Users/USER/OneDrive/Desktop/GithubFiles/Nano-Processor-Design/Nano_Processor_Advanced/Nano_Processor_Advanced.xpr
INFO: [ProjectBase 1-489] The host OS only allows 260 characters in a normal path. The project is stored in a path with more than 80 characters. If you experience issues with IP, Block Designs, or files not being found, please consider moving the project to a location with a shorter path. Alternately consider using the OS subst command to map part of the path to a drive letter.
Current project path is 'C:/Users/USER/OneDrive/Desktop/GithubFiles/Nano-Processor-Design/Nano_Processor_Advanced'
Scanning sources...
Finished scanning sources
INFO: [IP_Flow 19-234] Refreshing IP repositories
INFO: [IP_Flow 19-1704] No user IP repositories specified
INFO: [IP_Flow 19-2313] Loaded Vivado IP repository 'C:/Xilinxnew/Vivado/2018.1/data/ip'.
open_project: Time (s): cpu = 00:00:14 ; elapsed = 00:00:08 . Memory (MB): peak = 930.707 ; gain = 156.355
update_compile_order -fileset sources_1
set_property top decoder_3to8 [current_fileset]
update_compile_order -fileset sources_1
reset_run synth_1
launch_runs synth_1 -jobs 8
[Fri May  8 23:04:27 2026] Launched synth_1...
Run output will be captured here: C:/Users/USER/OneDrive/Desktop/GithubFiles/Nano-Processor-Design/Nano_Processor_Advanced/Nano_Processor_Advanced.runs/synth_1/runme.log
open_run synth_1 -name synth_1
Design is defaulting to impl run constrset: constrs_1
Design is defaulting to synth run part: xc7a35tcpg236-1
INFO: [Netlist 29-17] Analyzing 3 Unisim elements for replacement
INFO: [Netlist 29-28] Unisim Transformation completed in 0 CPU seconds
INFO: [Project 1-479] Netlist was created with Vivado 2018.1
INFO: [Device 21-403] Loading part xc7a35tcpg236-1
INFO: [Project 1-570] Preparing netlist for logic optimization
Parsing XDC File [C:/Users/USER/OneDrive/Desktop/GithubFiles/Nano-Processor-Design/Nano_Processor_Advanced/Nano_Processor_Advanced.srcs/constrs_1/new/Nano_Processor_Constarints.xdc]
WARNING: [Vivado 12-584] No ports matched 'clk'. [C:/Users/USER/OneDrive/Desktop/GithubFiles/Nano-Processor-Design/Nano_Processor_Advanced/Nano_Processor_Advanced.srcs/constrs_1/new/Nano_Processor_Constarints.xdc:7]
CRITICAL WARNING: [Common 17-55] 'set_property' expects at least one object. [C:/Users/USER/OneDrive/Desktop/GithubFiles/Nano-Processor-Design/Nano_Processor_Advanced/Nano_Processor_Advanced.srcs/constrs_1/new/Nano_Processor_Constarints.xdc:7]
Resolution: If [get_<value>] was used to populate the object, check to make sure this command returns at least one valid object.
WARNING: [Vivado 12-584] No ports matched 'clk'. [C:/Users/USER/OneDrive/Desktop/GithubFiles/Nano-Processor-Design/Nano_Processor_Advanced/Nano_Processor_Advanced.srcs/constrs_1/new/Nano_Processor_Constarints.xdc:8]
CRITICAL WARNING: [Common 17-55] 'set_property' expects at least one object. [C:/Users/USER/OneDrive/Desktop/GithubFiles/Nano-Processor-Design/Nano_Processor_Advanced/Nano_Processor_Advanced.srcs/constrs_1/new/Nano_Processor_Constarints.xdc:8]
Resolution: If [get_<value>] was used to populate the object, check to make sure this command returns at least one valid object.
WARNING: [Vivado 12-584] No ports matched 'clk'. [C:/Users/USER/OneDrive/Desktop/GithubFiles/Nano-Processor-Design/Nano_Processor_Advanced/Nano_Processor_Advanced.srcs/constrs_1/new/Nano_Processor_Constarints.xdc:9]
CRITICAL WARNING: [Vivado 12-4739] create_clock:No valid object(s) found for '-objects [get_ports clk]'. [C:/Users/USER/OneDrive/Desktop/GithubFiles/Nano-Processor-Design/Nano_Processor_Advanced/Nano_Processor_Advanced.srcs/constrs_1/new/Nano_Processor_Constarints.xdc:9]
Resolution: Check if the specified object(s) exists in the current design. If it does, ensure that the correct design hierarchy was specified for the object. If you are working with clocks, make sure create_clock was used to create the clock object before it is referenced.
WARNING: [Vivado 12-584] No ports matched 'reset_btn'. [C:/Users/USER/OneDrive/Desktop/GithubFiles/Nano-Processor-Design/Nano_Processor_Advanced/Nano_Processor_Advanced.srcs/constrs_1/new/Nano_Processor_Constarints.xdc:12]
CRITICAL WARNING: [Common 17-55] 'set_property' expects at least one object. [C:/Users/USER/OneDrive/Desktop/GithubFiles/Nano-Processor-Design/Nano_Processor_Advanced/Nano_Processor_Advanced.srcs/constrs_1/new/Nano_Processor_Constarints.xdc:12]
Resolution: If [get_<value>] was used to populate the object, check to make sure this command returns at least one valid object.
WARNING: [Vivado 12-584] No ports matched 'reset_btn'. [C:/Users/USER/OneDrive/Desktop/GithubFiles/Nano-Processor-Design/Nano_Processor_Advanced/Nano_Processor_Advanced.srcs/constrs_1/new/Nano_Processor_Constarints.xdc:13]
CRITICAL WARNING: [Common 17-55] 'set_property' expects at least one object. [C:/Users/USER/OneDrive/Desktop/GithubFiles/Nano-Processor-Design/Nano_Processor_Advanced/Nano_Processor_Advanced.srcs/constrs_1/new/Nano_Processor_Constarints.xdc:13]
Resolution: If [get_<value>] was used to populate the object, check to make sure this command returns at least one valid object.
WARNING: [Vivado 12-584] No ports matched 'led[0]'. [C:/Users/USER/OneDrive/Desktop/GithubFiles/Nano-Processor-Design/Nano_Processor_Advanced/Nano_Processor_Advanced.srcs/constrs_1/new/Nano_Processor_Constarints.xdc:16]
CRITICAL WARNING: [Common 17-55] 'set_property' expects at least one object. [C:/Users/USER/OneDrive/Desktop/GithubFiles/Nano-Processor-Design/Nano_Processor_Advanced/Nano_Processor_Advanced.srcs/constrs_1/new/Nano_Processor_Constarints.xdc:16]
Resolution: If [get_<value>] was used to populate the object, check to make sure this command returns at least one valid object.
WARNING: [Vivado 12-584] No ports matched 'led[1]'. [C:/Users/USER/OneDrive/Desktop/GithubFiles/Nano-Processor-Design/Nano_Processor_Advanced/Nano_Processor_Advanced.srcs/constrs_1/new/Nano_Processor_Constarints.xdc:17]
CRITICAL WARNING: [Common 17-55] 'set_property' expects at least one object. [C:/Users/USER/OneDrive/Desktop/GithubFiles/Nano-Processor-Design/Nano_Processor_Advanced/Nano_Processor_Advanced.srcs/constrs_1/new/Nano_Processor_Constarints.xdc:17]
Resolution: If [get_<value>] was used to populate the object, check to make sure this command returns at least one valid object.
WARNING: [Vivado 12-584] No ports matched 'led[2]'. [C:/Users/USER/OneDrive/Desktop/GithubFiles/Nano-Processor-Design/Nano_Processor_Advanced/Nano_Processor_Advanced.srcs/constrs_1/new/Nano_Processor_Constarints.xdc:18]
CRITICAL WARNING: [Common 17-55] 'set_property' expects at least one object. [C:/Users/USER/OneDrive/Desktop/GithubFiles/Nano-Processor-Design/Nano_Processor_Advanced/Nano_Processor_Advanced.srcs/constrs_1/new/Nano_Processor_Constarints.xdc:18]
Resolution: If [get_<value>] was used to populate the object, check to make sure this command returns at least one valid object.
WARNING: [Vivado 12-584] No ports matched 'led[3]'. [C:/Users/USER/OneDrive/Desktop/GithubFiles/Nano-Processor-Design/Nano_Processor_Advanced/Nano_Processor_Advanced.srcs/constrs_1/new/Nano_Processor_Constarints.xdc:19]
CRITICAL WARNING: [Common 17-55] 'set_property' expects at least one object. [C:/Users/USER/OneDrive/Desktop/GithubFiles/Nano-Processor-Design/Nano_Processor_Advanced/Nano_Processor_Advanced.srcs/constrs_1/new/Nano_Processor_Constarints.xdc:19]
Resolution: If [get_<value>] was used to populate the object, check to make sure this command returns at least one valid object.
WARNING: [Vivado 12-584] No ports matched 'led[4]'. [C:/Users/USER/OneDrive/Desktop/GithubFiles/Nano-Processor-Design/Nano_Processor_Advanced/Nano_Processor_Advanced.srcs/constrs_1/new/Nano_Processor_Constarints.xdc:20]
CRITICAL WARNING: [Common 17-55] 'set_property' expects at least one object. [C:/Users/USER/OneDrive/Desktop/GithubFiles/Nano-Processor-Design/Nano_Processor_Advanced/Nano_Processor_Advanced.srcs/constrs_1/new/Nano_Processor_Constarints.xdc:20]
Resolution: If [get_<value>] was used to populate the object, check to make sure this command returns at least one valid object.
WARNING: [Vivado 12-584] No ports matched 'led[5]'. [C:/Users/USER/OneDrive/Desktop/GithubFiles/Nano-Processor-Design/Nano_Processor_Advanced/Nano_Processor_Advanced.srcs/constrs_1/new/Nano_Processor_Constarints.xdc:21]
CRITICAL WARNING: [Common 17-55] 'set_property' expects at least one object. [C:/Users/USER/OneDrive/Desktop/GithubFiles/Nano-Processor-Design/Nano_Processor_Advanced/Nano_Processor_Advanced.srcs/constrs_1/new/Nano_Processor_Constarints.xdc:21]
Resolution: If [get_<value>] was used to populate the object, check to make sure this command returns at least one valid object.
WARNING: [Vivado 12-584] No ports matched 'led[6]'. [C:/Users/USER/OneDrive/Desktop/GithubFiles/Nano-Processor-Design/Nano_Processor_Advanced/Nano_Processor_Advanced.srcs/constrs_1/new/Nano_Processor_Constarints.xdc:22]
CRITICAL WARNING: [Common 17-55] 'set_property' expects at least one object. [C:/Users/USER/OneDrive/Desktop/GithubFiles/Nano-Processor-Design/Nano_Processor_Advanced/Nano_Processor_Advanced.srcs/constrs_1/new/Nano_Processor_Constarints.xdc:22]
Resolution: If [get_<value>] was used to populate the object, check to make sure this command returns at least one valid object.
WARNING: [Vivado 12-584] No ports matched 'led[7]'. [C:/Users/USER/OneDrive/Desktop/GithubFiles/Nano-Processor-Design/Nano_Processor_Advanced/Nano_Processor_Advanced.srcs/constrs_1/new/Nano_Processor_Constarints.xdc:23]
CRITICAL WARNING: [Common 17-55] 'set_property' expects at least one object. [C:/Users/USER/OneDrive/Desktop/GithubFiles/Nano-Processor-Design/Nano_Processor_Advanced/Nano_Processor_Advanced.srcs/constrs_1/new/Nano_Processor_Constarints.xdc:23]
Resolution: If [get_<value>] was used to populate the object, check to make sure this command returns at least one valid object.
WARNING: [Vivado 12-584] No ports matched 'led[8]'. [C:/Users/USER/OneDrive/Desktop/GithubFiles/Nano-Processor-Design/Nano_Processor_Advanced/Nano_Processor_Advanced.srcs/constrs_1/new/Nano_Processor_Constarints.xdc:24]
CRITICAL WARNING: [Common 17-55] 'set_property' expects at least one object. [C:/Users/USER/OneDrive/Desktop/GithubFiles/Nano-Processor-Design/Nano_Processor_Advanced/Nano_Processor_Advanced.srcs/constrs_1/new/Nano_Processor_Constarints.xdc:24]
Resolution: If [get_<value>] was used to populate the object, check to make sure this command returns at least one valid object.
WARNING: [Vivado 12-584] No ports matched 'led[9]'. [C:/Users/USER/OneDrive/Desktop/GithubFiles/Nano-Processor-Design/Nano_Processor_Advanced/Nano_Processor_Advanced.srcs/constrs_1/new/Nano_Processor_Constarints.xdc:25]
CRITICAL WARNING: [Common 17-55] 'set_property' expects at least one object. [C:/Users/USER/OneDrive/Desktop/GithubFiles/Nano-Processor-Design/Nano_Processor_Advanced/Nano_Processor_Advanced.srcs/constrs_1/new/Nano_Processor_Constarints.xdc:25]
Resolution: If [get_<value>] was used to populate the object, check to make sure this command returns at least one valid object.
WARNING: [Vivado 12-584] No ports matched 'led[10]'. [C:/Users/USER/OneDrive/Desktop/GithubFiles/Nano-Processor-Design/Nano_Processor_Advanced/Nano_Processor_Advanced.srcs/constrs_1/new/Nano_Processor_Constarints.xdc:26]
CRITICAL WARNING: [Common 17-55] 'set_property' expects at least one object. [C:/Users/USER/OneDrive/Desktop/GithubFiles/Nano-Processor-Design/Nano_Processor_Advanced/Nano_Processor_Advanced.srcs/constrs_1/new/Nano_Processor_Constarints.xdc:26]
Resolution: If [get_<value>] was used to populate the object, check to make sure this command returns at least one valid object.
WARNING: [Vivado 12-584] No ports matched 'led[11]'. [C:/Users/USER/OneDrive/Desktop/GithubFiles/Nano-Processor-Design/Nano_Processor_Advanced/Nano_Processor_Advanced.srcs/constrs_1/new/Nano_Processor_Constarints.xdc:27]
CRITICAL WARNING: [Common 17-55] 'set_property' expects at least one object. [C:/Users/USER/OneDrive/Desktop/GithubFiles/Nano-Processor-Design/Nano_Processor_Advanced/Nano_Processor_Advanced.srcs/constrs_1/new/Nano_Processor_Constarints.xdc:27]
Resolution: If [get_<value>] was used to populate the object, check to make sure this command returns at least one valid object.
WARNING: [Vivado 12-584] No ports matched 'led[12]'. [C:/Users/USER/OneDrive/Desktop/GithubFiles/Nano-Processor-Design/Nano_Processor_Advanced/Nano_Processor_Advanced.srcs/constrs_1/new/Nano_Processor_Constarints.xdc:28]
CRITICAL WARNING: [Common 17-55] 'set_property' expects at least one object. [C:/Users/USER/OneDrive/Desktop/GithubFiles/Nano-Processor-Design/Nano_Processor_Advanced/Nano_Processor_Advanced.srcs/constrs_1/new/Nano_Processor_Constarints.xdc:28]
Resolution: If [get_<value>] was used to populate the object, check to make sure this command returns at least one valid object.
WARNING: [Vivado 12-584] No ports matched 'led[13]'. [C:/Users/USER/OneDrive/Desktop/GithubFiles/Nano-Processor-Design/Nano_Processor_Advanced/Nano_Processor_Advanced.srcs/constrs_1/new/Nano_Processor_Constarints.xdc:29]
CRITICAL WARNING: [Common 17-55] 'set_property' expects at least one object. [C:/Users/USER/OneDrive/Desktop/GithubFiles/Nano-Processor-Design/Nano_Processor_Advanced/Nano_Processor_Advanced.srcs/constrs_1/new/Nano_Processor_Constarints.xdc:29]
Resolution: If [get_<value>] was used to populate the object, check to make sure this command returns at least one valid object.
WARNING: [Vivado 12-584] No ports matched 'led[14]'. [C:/Users/USER/OneDrive/Desktop/GithubFiles/Nano-Processor-Design/Nano_Processor_Advanced/Nano_Processor_Advanced.srcs/constrs_1/new/Nano_Processor_Constarints.xdc:30]
CRITICAL WARNING: [Common 17-55] 'set_property' expects at least one object. [C:/Users/USER/OneDrive/Desktop/GithubFiles/Nano-Processor-Design/Nano_Processor_Advanced/Nano_Processor_Advanced.srcs/constrs_1/new/Nano_Processor_Constarints.xdc:30]
Resolution: If [get_<value>] was used to populate the object, check to make sure this command returns at least one valid object.
WARNING: [Vivado 12-584] No ports matched 'led[15]'. [C:/Users/USER/OneDrive/Desktop/GithubFiles/Nano-Processor-Design/Nano_Processor_Advanced/Nano_Processor_Advanced.srcs/constrs_1/new/Nano_Processor_Constarints.xdc:31]
CRITICAL WARNING: [Common 17-55] 'set_property' expects at least one object. [C:/Users/USER/OneDrive/Desktop/GithubFiles/Nano-Processor-Design/Nano_Processor_Advanced/Nano_Processor_Advanced.srcs/constrs_1/new/Nano_Processor_Constarints.xdc:31]
Resolution: If [get_<value>] was used to populate the object, check to make sure this command returns at least one valid object.
WARNING: [Vivado 12-584] No ports matched 'led[*]'. [C:/Users/USER/OneDrive/Desktop/GithubFiles/Nano-Processor-Design/Nano_Processor_Advanced/Nano_Processor_Advanced.srcs/constrs_1/new/Nano_Processor_Constarints.xdc:32]
CRITICAL WARNING: [Common 17-55] 'set_property' expects at least one object. [C:/Users/USER/OneDrive/Desktop/GithubFiles/Nano-Processor-Design/Nano_Processor_Advanced/Nano_Processor_Advanced.srcs/constrs_1/new/Nano_Processor_Constarints.xdc:32]
Resolution: If [get_<value>] was used to populate the object, check to make sure this command returns at least one valid object.
WARNING: [Vivado 12-584] No ports matched 'seg[0]'. [C:/Users/USER/OneDrive/Desktop/GithubFiles/Nano-Processor-Design/Nano_Processor_Advanced/Nano_Processor_Advanced.srcs/constrs_1/new/Nano_Processor_Constarints.xdc:35]
CRITICAL WARNING: [Common 17-55] 'set_property' expects at least one object. [C:/Users/USER/OneDrive/Desktop/GithubFiles/Nano-Processor-Design/Nano_Processor_Advanced/Nano_Processor_Advanced.srcs/constrs_1/new/Nano_Processor_Constarints.xdc:35]
Resolution: If [get_<value>] was used to populate the object, check to make sure this command returns at least one valid object.
WARNING: [Vivado 12-584] No ports matched 'seg[1]'. [C:/Users/USER/OneDrive/Desktop/GithubFiles/Nano-Processor-Design/Nano_Processor_Advanced/Nano_Processor_Advanced.srcs/constrs_1/new/Nano_Processor_Constarints.xdc:36]
CRITICAL WARNING: [Common 17-55] 'set_property' expects at least one object. [C:/Users/USER/OneDrive/Desktop/GithubFiles/Nano-Processor-Design/Nano_Processor_Advanced/Nano_Processor_Advanced.srcs/constrs_1/new/Nano_Processor_Constarints.xdc:36]
Resolution: If [get_<value>] was used to populate the object, check to make sure this command returns at least one valid object.
WARNING: [Vivado 12-584] No ports matched 'seg[2]'. [C:/Users/USER/OneDrive/Desktop/GithubFiles/Nano-Processor-Design/Nano_Processor_Advanced/Nano_Processor_Advanced.srcs/constrs_1/new/Nano_Processor_Constarints.xdc:37]
CRITICAL WARNING: [Common 17-55] 'set_property' expects at least one object. [C:/Users/USER/OneDrive/Desktop/GithubFiles/Nano-Processor-Design/Nano_Processor_Advanced/Nano_Processor_Advanced.srcs/constrs_1/new/Nano_Processor_Constarints.xdc:37]
Resolution: If [get_<value>] was used to populate the object, check to make sure this command returns at least one valid object.
WARNING: [Vivado 12-584] No ports matched 'seg[3]'. [C:/Users/USER/OneDrive/Desktop/GithubFiles/Nano-Processor-Design/Nano_Processor_Advanced/Nano_Processor_Advanced.srcs/constrs_1/new/Nano_Processor_Constarints.xdc:38]
CRITICAL WARNING: [Common 17-55] 'set_property' expects at least one object. [C:/Users/USER/OneDrive/Desktop/GithubFiles/Nano-Processor-Design/Nano_Processor_Advanced/Nano_Processor_Advanced.srcs/constrs_1/new/Nano_Processor_Constarints.xdc:38]
Resolution: If [get_<value>] was used to populate the object, check to make sure this command returns at least one valid object.
WARNING: [Vivado 12-584] No ports matched 'seg[4]'. [C:/Users/USER/OneDrive/Desktop/GithubFiles/Nano-Processor-Design/Nano_Processor_Advanced/Nano_Processor_Advanced.srcs/constrs_1/new/Nano_Processor_Constarints.xdc:39]
CRITICAL WARNING: [Common 17-55] 'set_property' expects at least one object. [C:/Users/USER/OneDrive/Desktop/GithubFiles/Nano-Processor-Design/Nano_Processor_Advanced/Nano_Processor_Advanced.srcs/constrs_1/new/Nano_Processor_Constarints.xdc:39]
Resolution: If [get_<value>] was used to populate the object, check to make sure this command returns at least one valid object.
WARNING: [Vivado 12-584] No ports matched 'seg[5]'. [C:/Users/USER/OneDrive/Desktop/GithubFiles/Nano-Processor-Design/Nano_Processor_Advanced/Nano_Processor_Advanced.srcs/constrs_1/new/Nano_Processor_Constarints.xdc:40]
CRITICAL WARNING: [Common 17-55] 'set_property' expects at least one object. [C:/Users/USER/OneDrive/Desktop/GithubFiles/Nano-Processor-Design/Nano_Processor_Advanced/Nano_Processor_Advanced.srcs/constrs_1/new/Nano_Processor_Constarints.xdc:40]
Resolution: If [get_<value>] was used to populate the object, check to make sure this command returns at least one valid object.
WARNING: [Vivado 12-584] No ports matched 'seg[6]'. [C:/Users/USER/OneDrive/Desktop/GithubFiles/Nano-Processor-Design/Nano_Processor_Advanced/Nano_Processor_Advanced.srcs/constrs_1/new/Nano_Processor_Constarints.xdc:41]
CRITICAL WARNING: [Common 17-55] 'set_property' expects at least one object. [C:/Users/USER/OneDrive/Desktop/GithubFiles/Nano-Processor-Design/Nano_Processor_Advanced/Nano_Processor_Advanced.srcs/constrs_1/new/Nano_Processor_Constarints.xdc:41]
Resolution: If [get_<value>] was used to populate the object, check to make sure this command returns at least one valid object.
WARNING: [Vivado 12-584] No ports matched 'seg[*]'. [C:/Users/USER/OneDrive/Desktop/GithubFiles/Nano-Processor-Design/Nano_Processor_Advanced/Nano_Processor_Advanced.srcs/constrs_1/new/Nano_Processor_Constarints.xdc:42]
CRITICAL WARNING: [Common 17-55] 'set_property' expects at least one object. [C:/Users/USER/OneDrive/Desktop/GithubFiles/Nano-Processor-Design/Nano_Processor_Advanced/Nano_Processor_Advanced.srcs/constrs_1/new/Nano_Processor_Constarints.xdc:42]
Resolution: If [get_<value>] was used to populate the object, check to make sure this command returns at least one valid object.
WARNING: [Vivado 12-584] No ports matched 'an[0]'. [C:/Users/USER/OneDrive/Desktop/GithubFiles/Nano-Processor-Design/Nano_Processor_Advanced/Nano_Processor_Advanced.srcs/constrs_1/new/Nano_Processor_Constarints.xdc:45]
CRITICAL WARNING: [Common 17-55] 'set_property' expects at least one object. [C:/Users/USER/OneDrive/Desktop/GithubFiles/Nano-Processor-Design/Nano_Processor_Advanced/Nano_Processor_Advanced.srcs/constrs_1/new/Nano_Processor_Constarints.xdc:45]
Resolution: If [get_<value>] was used to populate the object, check to make sure this command returns at least one valid object.
WARNING: [Vivado 12-584] No ports matched 'an[1]'. [C:/Users/USER/OneDrive/Desktop/GithubFiles/Nano-Processor-Design/Nano_Processor_Advanced/Nano_Processor_Advanced.srcs/constrs_1/new/Nano_Processor_Constarints.xdc:46]
CRITICAL WARNING: [Common 17-55] 'set_property' expects at least one object. [C:/Users/USER/OneDrive/Desktop/GithubFiles/Nano-Processor-Design/Nano_Processor_Advanced/Nano_Processor_Advanced.srcs/constrs_1/new/Nano_Processor_Constarints.xdc:46]
Resolution: If [get_<value>] was used to populate the object, check to make sure this command returns at least one valid object.
WARNING: [Vivado 12-584] No ports matched 'an[2]'. [C:/Users/USER/OneDrive/Desktop/GithubFiles/Nano-Processor-Design/Nano_Processor_Advanced/Nano_Processor_Advanced.srcs/constrs_1/new/Nano_Processor_Constarints.xdc:47]
CRITICAL WARNING: [Common 17-55] 'set_property' expects at least one object. [C:/Users/USER/OneDrive/Desktop/GithubFiles/Nano-Processor-Design/Nano_Processor_Advanced/Nano_Processor_Advanced.srcs/constrs_1/new/Nano_Processor_Constarints.xdc:47]
Resolution: If [get_<value>] was used to populate the object, check to make sure this command returns at least one valid object.
WARNING: [Vivado 12-584] No ports matched 'an[3]'. [C:/Users/USER/OneDrive/Desktop/GithubFiles/Nano-Processor-Design/Nano_Processor_Advanced/Nano_Processor_Advanced.srcs/constrs_1/new/Nano_Processor_Constarints.xdc:48]
CRITICAL WARNING: [Common 17-55] 'set_property' expects at least one object. [C:/Users/USER/OneDrive/Desktop/GithubFiles/Nano-Processor-Design/Nano_Processor_Advanced/Nano_Processor_Advanced.srcs/constrs_1/new/Nano_Processor_Constarints.xdc:48]
Resolution: If [get_<value>] was used to populate the object, check to make sure this command returns at least one valid object.
WARNING: [Vivado 12-584] No ports matched 'an[*]'. [C:/Users/USER/OneDrive/Desktop/GithubFiles/Nano-Processor-Design/Nano_Processor_Advanced/Nano_Processor_Advanced.srcs/constrs_1/new/Nano_Processor_Constarints.xdc:49]
CRITICAL WARNING: [Common 17-55] 'set_property' expects at least one object. [C:/Users/USER/OneDrive/Desktop/GithubFiles/Nano-Processor-Design/Nano_Processor_Advanced/Nano_Processor_Advanced.srcs/constrs_1/new/Nano_Processor_Constarints.xdc:49]
Resolution: If [get_<value>] was used to populate the object, check to make sure this command returns at least one valid object.
WARNING: [Vivado 12-584] No ports matched 'pc_debug[0]'. [C:/Users/USER/OneDrive/Desktop/GithubFiles/Nano-Processor-Design/Nano_Processor_Advanced/Nano_Processor_Advanced.srcs/constrs_1/new/Nano_Processor_Constarints.xdc:52]
CRITICAL WARNING: [Common 17-55] 'set_property' expects at least one object. [C:/Users/USER/OneDrive/Desktop/GithubFiles/Nano-Processor-Design/Nano_Processor_Advanced/Nano_Processor_Advanced.srcs/constrs_1/new/Nano_Processor_Constarints.xdc:52]
Resolution: If [get_<value>] was used to populate the object, check to make sure this command returns at least one valid object.
WARNING: [Vivado 12-584] No ports matched 'pc_debug[1]'. [C:/Users/USER/OneDrive/Desktop/GithubFiles/Nano-Processor-Design/Nano_Processor_Advanced/Nano_Processor_Advanced.srcs/constrs_1/new/Nano_Processor_Constarints.xdc:53]
CRITICAL WARNING: [Common 17-55] 'set_property' expects at least one object. [C:/Users/USER/OneDrive/Desktop/GithubFiles/Nano-Processor-Design/Nano_Processor_Advanced/Nano_Processor_Advanced.srcs/constrs_1/new/Nano_Processor_Constarints.xdc:53]
Resolution: If [get_<value>] was used to populate the object, check to make sure this command returns at least one valid object.
WARNING: [Vivado 12-584] No ports matched 'pc_debug[2]'. [C:/Users/USER/OneDrive/Desktop/GithubFiles/Nano-Processor-Design/Nano_Processor_Advanced/Nano_Processor_Advanced.srcs/constrs_1/new/Nano_Processor_Constarints.xdc:54]
CRITICAL WARNING: [Common 17-55] 'set_property' expects at least one object. [C:/Users/USER/OneDrive/Desktop/GithubFiles/Nano-Processor-Design/Nano_Processor_Advanced/Nano_Processor_Advanced.srcs/constrs_1/new/Nano_Processor_Constarints.xdc:54]
Resolution: If [get_<value>] was used to populate the object, check to make sure this command returns at least one valid object.
WARNING: [Vivado 12-584] No ports matched 'pc_debug[*]'. [C:/Users/USER/OneDrive/Desktop/GithubFiles/Nano-Processor-Design/Nano_Processor_Advanced/Nano_Processor_Advanced.srcs/constrs_1/new/Nano_Processor_Constarints.xdc:55]
CRITICAL WARNING: [Common 17-55] 'set_property' expects at least one object. [C:/Users/USER/OneDrive/Desktop/GithubFiles/Nano-Processor-Design/Nano_Processor_Advanced/Nano_Processor_Advanced.srcs/constrs_1/new/Nano_Processor_Constarints.xdc:55]
Resolution: If [get_<value>] was used to populate the object, check to make sure this command returns at least one valid object.
WARNING: [Vivado 12-584] No ports matched 'r7_debug[0]'. [C:/Users/USER/OneDrive/Desktop/GithubFiles/Nano-Processor-Design/Nano_Processor_Advanced/Nano_Processor_Advanced.srcs/constrs_1/new/Nano_Processor_Constarints.xdc:58]
CRITICAL WARNING: [Common 17-55] 'set_property' expects at least one object. [C:/Users/USER/OneDrive/Desktop/GithubFiles/Nano-Processor-Design/Nano_Processor_Advanced/Nano_Processor_Advanced.srcs/constrs_1/new/Nano_Processor_Constarints.xdc:58]
Resolution: If [get_<value>] was used to populate the object, check to make sure this command returns at least one valid object.
WARNING: [Vivado 12-584] No ports matched 'r7_debug[1]'. [C:/Users/USER/OneDrive/Desktop/GithubFiles/Nano-Processor-Design/Nano_Processor_Advanced/Nano_Processor_Advanced.srcs/constrs_1/new/Nano_Processor_Constarints.xdc:59]
CRITICAL WARNING: [Common 17-55] 'set_property' expects at least one object. [C:/Users/USER/OneDrive/Desktop/GithubFiles/Nano-Processor-Design/Nano_Processor_Advanced/Nano_Processor_Advanced.srcs/constrs_1/new/Nano_Processor_Constarints.xdc:59]
Resolution: If [get_<value>] was used to populate the object, check to make sure this command returns at least one valid object.
WARNING: [Vivado 12-584] No ports matched 'r7_debug[2]'. [C:/Users/USER/OneDrive/Desktop/GithubFiles/Nano-Processor-Design/Nano_Processor_Advanced/Nano_Processor_Advanced.srcs/constrs_1/new/Nano_Processor_Constarints.xdc:60]
CRITICAL WARNING: [Common 17-55] 'set_property' expects at least one object. [C:/Users/USER/OneDrive/Desktop/GithubFiles/Nano-Processor-Design/Nano_Processor_Advanced/Nano_Processor_Advanced.srcs/constrs_1/new/Nano_Processor_Constarints.xdc:60]
Resolution: If [get_<value>] was used to populate the object, check to make sure this command returns at least one valid object.
WARNING: [Vivado 12-584] No ports matched 'r7_debug[3]'. [C:/Users/USER/OneDrive/Desktop/GithubFiles/Nano-Processor-Design/Nano_Processor_Advanced/Nano_Processor_Advanced.srcs/constrs_1/new/Nano_Processor_Constarints.xdc:61]
CRITICAL WARNING: [Common 17-55] 'set_property' expects at least one object. [C:/Users/USER/OneDrive/Desktop/GithubFiles/Nano-Processor-Design/Nano_Processor_Advanced/Nano_Processor_Advanced.srcs/constrs_1/new/Nano_Processor_Constarints.xdc:61]
Resolution: If [get_<value>] was used to populate the object, check to make sure this command returns at least one valid object.
WARNING: [Vivado 12-584] No ports matched 'r7_debug[*]'. [C:/Users/USER/OneDrive/Desktop/GithubFiles/Nano-Processor-Design/Nano_Processor_Advanced/Nano_Processor_Advanced.srcs/constrs_1/new/Nano_Processor_Constarints.xdc:62]
CRITICAL WARNING: [Common 17-55] 'set_property' expects at least one object. [C:/Users/USER/OneDrive/Desktop/GithubFiles/Nano-Processor-Design/Nano_Processor_Advanced/Nano_Processor_Advanced.srcs/constrs_1/new/Nano_Processor_Constarints.xdc:62]
Resolution: If [get_<value>] was used to populate the object, check to make sure this command returns at least one valid object.
Finished Parsing XDC File [C:/Users/USER/OneDrive/Desktop/GithubFiles/Nano-Processor-Design/Nano_Processor_Advanced/Nano_Processor_Advanced.srcs/constrs_1/new/Nano_Processor_Constarints.xdc]
INFO: [Opt 31-138] Pushed 0 inverter(s) to 0 load pin(s).
INFO: [Project 1-111] Unisim Transformation Summary:
No Unisim elements were transformed.

open_run: Time (s): cpu = 00:00:16 ; elapsed = 00:00:11 . Memory (MB): peak = 1395.547 ; gain = 423.699
synth_design -rtl -name rtl_1
Command: synth_design -rtl -name rtl_1
Starting synth_design
Using part: xc7a35tcpg236-1
Top: decoder_3to8
---------------------------------------------------------------------------------
Starting RTL Elaboration : Time (s): cpu = 00:00:09 ; elapsed = 00:00:05 . Memory (MB): peak = 1882.055 ; gain = 374.188
---------------------------------------------------------------------------------
INFO: [Synth 8-638] synthesizing module 'decoder_3to8' [C:/Users/USER/OneDrive/Desktop/GithubFiles/Nano-Processor-Design/Nano_Processor_Advanced/Nano_Processor_Advanced.srcs/sources_1/new/decoder_3to8.vhd:40]
INFO: [Synth 8-226] default block is never used [C:/Users/USER/OneDrive/Desktop/GithubFiles/Nano-Processor-Design/Nano_Processor_Advanced/Nano_Processor_Advanced.srcs/sources_1/new/decoder_3to8.vhd:44]
INFO: [Synth 8-256] done synthesizing module 'decoder_3to8' (1#1) [C:/Users/USER/OneDrive/Desktop/GithubFiles/Nano-Processor-Design/Nano_Processor_Advanced/Nano_Processor_Advanced.srcs/sources_1/new/decoder_3to8.vhd:40]
---------------------------------------------------------------------------------
Finished RTL Elaboration : Time (s): cpu = 00:00:09 ; elapsed = 00:00:06 . Memory (MB): peak = 1893.391 ; gain = 385.523
---------------------------------------------------------------------------------

Report Check Netlist: 
+------+------------------+-------+---------+-------+------------------+
|      |Item              |Errors |Warnings |Status |Description       |
+------+------------------+-------+---------+-------+------------------+
|1     |multi_driven_nets |      0|        0|Passed |Multi driven nets |
+------+------------------+-------+---------+-------+------------------+
---------------------------------------------------------------------------------
Start Handling Custom Attributes
---------------------------------------------------------------------------------
---------------------------------------------------------------------------------
Finished Handling Custom Attributes : Time (s): cpu = 00:00:09 ; elapsed = 00:00:06 . Memory (MB): peak = 1894.051 ; gain = 386.184
---------------------------------------------------------------------------------
---------------------------------------------------------------------------------
Finished RTL Optimization Phase 1 : Time (s): cpu = 00:00:09 ; elapsed = 00:00:06 . Memory (MB): peak = 1894.051 ; gain = 386.184
---------------------------------------------------------------------------------
INFO: [Project 1-570] Preparing netlist for logic optimization

Processing XDC Constraints
Initializing timing engine
Parsing XDC File [C:/Users/USER/OneDrive/Desktop/GithubFiles/Nano-Processor-Design/Nano_Processor_Advanced/Nano_Processor_Advanced.srcs/constrs_1/new/Nano_Processor_Constarints.xdc]
WARNING: [Vivado 12-584] No ports matched 'clk'. [C:/Users/USER/OneDrive/Desktop/GithubFiles/Nano-Processor-Design/Nano_Processor_Advanced/Nano_Processor_Advanced.srcs/constrs_1/new/Nano_Processor_Constarints.xdc:7]
CRITICAL WARNING: [Common 17-55] 'set_property' expects at least one object. [C:/Users/USER/OneDrive/Desktop/GithubFiles/Nano-Processor-Design/Nano_Processor_Advanced/Nano_Processor_Advanced.srcs/constrs_1/new/Nano_Processor_Constarints.xdc:7]
Resolution: If [get_<value>] was used to populate the object, check to make sure this command returns at least one valid object.
WARNING: [Vivado 12-584] No ports matched 'clk'. [C:/Users/USER/OneDrive/Desktop/GithubFiles/Nano-Processor-Design/Nano_Processor_Advanced/Nano_Processor_Advanced.srcs/constrs_1/new/Nano_Processor_Constarints.xdc:8]
CRITICAL WARNING: [Common 17-55] 'set_property' expects at least one object. [C:/Users/USER/OneDrive/Desktop/GithubFiles/Nano-Processor-Design/Nano_Processor_Advanced/Nano_Processor_Advanced.srcs/constrs_1/new/Nano_Processor_Constarints.xdc:8]
Resolution: If [get_<value>] was used to populate the object, check to make sure this command returns at least one valid object.
WARNING: [Vivado 12-584] No ports matched 'clk'. [C:/Users/USER/OneDrive/Desktop/GithubFiles/Nano-Processor-Design/Nano_Processor_Advanced/Nano_Processor_Advanced.srcs/constrs_1/new/Nano_Processor_Constarints.xdc:9]
CRITICAL WARNING: [Vivado 12-4739] create_clock:No valid object(s) found for '-objects [get_ports clk]'. [C:/Users/USER/OneDrive/Desktop/GithubFiles/Nano-Processor-Design/Nano_Processor_Advanced/Nano_Processor_Advanced.srcs/constrs_1/new/Nano_Processor_Constarints.xdc:9]
Resolution: Check if the specified object(s) exists in the current design. If it does, ensure that the correct design hierarchy was specified for the object. If you are working with clocks, make sure create_clock was used to create the clock object before it is referenced.
WARNING: [Vivado 12-584] No ports matched 'reset_btn'. [C:/Users/USER/OneDrive/Desktop/GithubFiles/Nano-Processor-Design/Nano_Processor_Advanced/Nano_Processor_Advanced.srcs/constrs_1/new/Nano_Processor_Constarints.xdc:12]
CRITICAL WARNING: [Common 17-55] 'set_property' expects at least one object. [C:/Users/USER/OneDrive/Desktop/GithubFiles/Nano-Processor-Design/Nano_Processor_Advanced/Nano_Processor_Advanced.srcs/constrs_1/new/Nano_Processor_Constarints.xdc:12]
Resolution: If [get_<value>] was used to populate the object, check to make sure this command returns at least one valid object.
WARNING: [Vivado 12-584] No ports matched 'reset_btn'. [C:/Users/USER/OneDrive/Desktop/GithubFiles/Nano-Processor-Design/Nano_Processor_Advanced/Nano_Processor_Advanced.srcs/constrs_1/new/Nano_Processor_Constarints.xdc:13]
CRITICAL WARNING: [Common 17-55] 'set_property' expects at least one object. [C:/Users/USER/OneDrive/Desktop/GithubFiles/Nano-Processor-Design/Nano_Processor_Advanced/Nano_Processor_Advanced.srcs/constrs_1/new/Nano_Processor_Constarints.xdc:13]
Resolution: If [get_<value>] was used to populate the object, check to make sure this command returns at least one valid object.
WARNING: [Vivado 12-584] No ports matched 'led[0]'. [C:/Users/USER/OneDrive/Desktop/GithubFiles/Nano-Processor-Design/Nano_Processor_Advanced/Nano_Processor_Advanced.srcs/constrs_1/new/Nano_Processor_Constarints.xdc:16]
CRITICAL WARNING: [Common 17-55] 'set_property' expects at least one object. [C:/Users/USER/OneDrive/Desktop/GithubFiles/Nano-Processor-Design/Nano_Processor_Advanced/Nano_Processor_Advanced.srcs/constrs_1/new/Nano_Processor_Constarints.xdc:16]
Resolution: If [get_<value>] was used to populate the object, check to make sure this command returns at least one valid object.
WARNING: [Vivado 12-584] No ports matched 'led[1]'. [C:/Users/USER/OneDrive/Desktop/GithubFiles/Nano-Processor-Design/Nano_Processor_Advanced/Nano_Processor_Advanced.srcs/constrs_1/new/Nano_Processor_Constarints.xdc:17]
CRITICAL WARNING: [Common 17-55] 'set_property' expects at least one object. [C:/Users/USER/OneDrive/Desktop/GithubFiles/Nano-Processor-Design/Nano_Processor_Advanced/Nano_Processor_Advanced.srcs/constrs_1/new/Nano_Processor_Constarints.xdc:17]
Resolution: If [get_<value>] was used to populate the object, check to make sure this command returns at least one valid object.
WARNING: [Vivado 12-584] No ports matched 'led[2]'. [C:/Users/USER/OneDrive/Desktop/GithubFiles/Nano-Processor-Design/Nano_Processor_Advanced/Nano_Processor_Advanced.srcs/constrs_1/new/Nano_Processor_Constarints.xdc:18]
CRITICAL WARNING: [Common 17-55] 'set_property' expects at least one object. [C:/Users/USER/OneDrive/Desktop/GithubFiles/Nano-Processor-Design/Nano_Processor_Advanced/Nano_Processor_Advanced.srcs/constrs_1/new/Nano_Processor_Constarints.xdc:18]
Resolution: If [get_<value>] was used to populate the object, check to make sure this command returns at least one valid object.
WARNING: [Vivado 12-584] No ports matched 'led[3]'. [C:/Users/USER/OneDrive/Desktop/GithubFiles/Nano-Processor-Design/Nano_Processor_Advanced/Nano_Processor_Advanced.srcs/constrs_1/new/Nano_Processor_Constarints.xdc:19]
CRITICAL WARNING: [Common 17-55] 'set_property' expects at least one object. [C:/Users/USER/OneDrive/Desktop/GithubFiles/Nano-Processor-Design/Nano_Processor_Advanced/Nano_Processor_Advanced.srcs/constrs_1/new/Nano_Processor_Constarints.xdc:19]
Resolution: If [get_<value>] was used to populate the object, check to make sure this command returns at least one valid object.
WARNING: [Vivado 12-584] No ports matched 'led[4]'. [C:/Users/USER/OneDrive/Desktop/GithubFiles/Nano-Processor-Design/Nano_Processor_Advanced/Nano_Processor_Advanced.srcs/constrs_1/new/Nano_Processor_Constarints.xdc:20]
CRITICAL WARNING: [Common 17-55] 'set_property' expects at least one object. [C:/Users/USER/OneDrive/Desktop/GithubFiles/Nano-Processor-Design/Nano_Processor_Advanced/Nano_Processor_Advanced.srcs/constrs_1/new/Nano_Processor_Constarints.xdc:20]
Resolution: If [get_<value>] was used to populate the object, check to make sure this command returns at least one valid object.
WARNING: [Vivado 12-584] No ports matched 'led[5]'. [C:/Users/USER/OneDrive/Desktop/GithubFiles/Nano-Processor-Design/Nano_Processor_Advanced/Nano_Processor_Advanced.srcs/constrs_1/new/Nano_Processor_Constarints.xdc:21]
CRITICAL WARNING: [Common 17-55] 'set_property' expects at least one object. [C:/Users/USER/OneDrive/Desktop/GithubFiles/Nano-Processor-Design/Nano_Processor_Advanced/Nano_Processor_Advanced.srcs/constrs_1/new/Nano_Processor_Constarints.xdc:21]
Resolution: If [get_<value>] was used to populate the object, check to make sure this command returns at least one valid object.
WARNING: [Vivado 12-584] No ports matched 'led[6]'. [C:/Users/USER/OneDrive/Desktop/GithubFiles/Nano-Processor-Design/Nano_Processor_Advanced/Nano_Processor_Advanced.srcs/constrs_1/new/Nano_Processor_Constarints.xdc:22]
CRITICAL WARNING: [Common 17-55] 'set_property' expects at least one object. [C:/Users/USER/OneDrive/Desktop/GithubFiles/Nano-Processor-Design/Nano_Processor_Advanced/Nano_Processor_Advanced.srcs/constrs_1/new/Nano_Processor_Constarints.xdc:22]
Resolution: If [get_<value>] was used to populate the object, check to make sure this command returns at least one valid object.
WARNING: [Vivado 12-584] No ports matched 'led[7]'. [C:/Users/USER/OneDrive/Desktop/GithubFiles/Nano-Processor-Design/Nano_Processor_Advanced/Nano_Processor_Advanced.srcs/constrs_1/new/Nano_Processor_Constarints.xdc:23]
CRITICAL WARNING: [Common 17-55] 'set_property' expects at least one object. [C:/Users/USER/OneDrive/Desktop/GithubFiles/Nano-Processor-Design/Nano_Processor_Advanced/Nano_Processor_Advanced.srcs/constrs_1/new/Nano_Processor_Constarints.xdc:23]
Resolution: If [get_<value>] was used to populate the object, check to make sure this command returns at least one valid object.
WARNING: [Vivado 12-584] No ports matched 'led[8]'. [C:/Users/USER/OneDrive/Desktop/GithubFiles/Nano-Processor-Design/Nano_Processor_Advanced/Nano_Processor_Advanced.srcs/constrs_1/new/Nano_Processor_Constarints.xdc:24]
CRITICAL WARNING: [Common 17-55] 'set_property' expects at least one object. [C:/Users/USER/OneDrive/Desktop/GithubFiles/Nano-Processor-Design/Nano_Processor_Advanced/Nano_Processor_Advanced.srcs/constrs_1/new/Nano_Processor_Constarints.xdc:24]
Resolution: If [get_<value>] was used to populate the object, check to make sure this command returns at least one valid object.
WARNING: [Vivado 12-584] No ports matched 'led[9]'. [C:/Users/USER/OneDrive/Desktop/GithubFiles/Nano-Processor-Design/Nano_Processor_Advanced/Nano_Processor_Advanced.srcs/constrs_1/new/Nano_Processor_Constarints.xdc:25]
CRITICAL WARNING: [Common 17-55] 'set_property' expects at least one object. [C:/Users/USER/OneDrive/Desktop/GithubFiles/Nano-Processor-Design/Nano_Processor_Advanced/Nano_Processor_Advanced.srcs/constrs_1/new/Nano_Processor_Constarints.xdc:25]
Resolution: If [get_<value>] was used to populate the object, check to make sure this command returns at least one valid object.
WARNING: [Vivado 12-584] No ports matched 'led[10]'. [C:/Users/USER/OneDrive/Desktop/GithubFiles/Nano-Processor-Design/Nano_Processor_Advanced/Nano_Processor_Advanced.srcs/constrs_1/new/Nano_Processor_Constarints.xdc:26]
CRITICAL WARNING: [Common 17-55] 'set_property' expects at least one object. [C:/Users/USER/OneDrive/Desktop/GithubFiles/Nano-Processor-Design/Nano_Processor_Advanced/Nano_Processor_Advanced.srcs/constrs_1/new/Nano_Processor_Constarints.xdc:26]
Resolution: If [get_<value>] was used to populate the object, check to make sure this command returns at least one valid object.
WARNING: [Vivado 12-584] No ports matched 'led[11]'. [C:/Users/USER/OneDrive/Desktop/GithubFiles/Nano-Processor-Design/Nano_Processor_Advanced/Nano_Processor_Advanced.srcs/constrs_1/new/Nano_Processor_Constarints.xdc:27]
CRITICAL WARNING: [Common 17-55] 'set_property' expects at least one object. [C:/Users/USER/OneDrive/Desktop/GithubFiles/Nano-Processor-Design/Nano_Processor_Advanced/Nano_Processor_Advanced.srcs/constrs_1/new/Nano_Processor_Constarints.xdc:27]
Resolution: If [get_<value>] was used to populate the object, check to make sure this command returns at least one valid object.
WARNING: [Vivado 12-584] No ports matched 'led[12]'. [C:/Users/USER/OneDrive/Desktop/GithubFiles/Nano-Processor-Design/Nano_Processor_Advanced/Nano_Processor_Advanced.srcs/constrs_1/new/Nano_Processor_Constarints.xdc:28]
CRITICAL WARNING: [Common 17-55] 'set_property' expects at least one object. [C:/Users/USER/OneDrive/Desktop/GithubFiles/Nano-Processor-Design/Nano_Processor_Advanced/Nano_Processor_Advanced.srcs/constrs_1/new/Nano_Processor_Constarints.xdc:28]
Resolution: If [get_<value>] was used to populate the object, check to make sure this command returns at least one valid object.
WARNING: [Vivado 12-584] No ports matched 'led[13]'. [C:/Users/USER/OneDrive/Desktop/GithubFiles/Nano-Processor-Design/Nano_Processor_Advanced/Nano_Processor_Advanced.srcs/constrs_1/new/Nano_Processor_Constarints.xdc:29]
CRITICAL WARNING: [Common 17-55] 'set_property' expects at least one object. [C:/Users/USER/OneDrive/Desktop/GithubFiles/Nano-Processor-Design/Nano_Processor_Advanced/Nano_Processor_Advanced.srcs/constrs_1/new/Nano_Processor_Constarints.xdc:29]
Resolution: If [get_<value>] was used to populate the object, check to make sure this command returns at least one valid object.
WARNING: [Vivado 12-584] No ports matched 'led[14]'. [C:/Users/USER/OneDrive/Desktop/GithubFiles/Nano-Processor-Design/Nano_Processor_Advanced/Nano_Processor_Advanced.srcs/constrs_1/new/Nano_Processor_Constarints.xdc:30]
CRITICAL WARNING: [Common 17-55] 'set_property' expects at least one object. [C:/Users/USER/OneDrive/Desktop/GithubFiles/Nano-Processor-Design/Nano_Processor_Advanced/Nano_Processor_Advanced.srcs/constrs_1/new/Nano_Processor_Constarints.xdc:30]
Resolution: If [get_<value>] was used to populate the object, check to make sure this command returns at least one valid object.
WARNING: [Vivado 12-584] No ports matched 'led[15]'. [C:/Users/USER/OneDrive/Desktop/GithubFiles/Nano-Processor-Design/Nano_Processor_Advanced/Nano_Processor_Advanced.srcs/constrs_1/new/Nano_Processor_Constarints.xdc:31]
CRITICAL WARNING: [Common 17-55] 'set_property' expects at least one object. [C:/Users/USER/OneDrive/Desktop/GithubFiles/Nano-Processor-Design/Nano_Processor_Advanced/Nano_Processor_Advanced.srcs/constrs_1/new/Nano_Processor_Constarints.xdc:31]
Resolution: If [get_<value>] was used to populate the object, check to make sure this command returns at least one valid object.
WARNING: [Vivado 12-584] No ports matched 'led[*]'. [C:/Users/USER/OneDrive/Desktop/GithubFiles/Nano-Processor-Design/Nano_Processor_Advanced/Nano_Processor_Advanced.srcs/constrs_1/new/Nano_Processor_Constarints.xdc:32]
CRITICAL WARNING: [Common 17-55] 'set_property' expects at least one object. [C:/Users/USER/OneDrive/Desktop/GithubFiles/Nano-Processor-Design/Nano_Processor_Advanced/Nano_Processor_Advanced.srcs/constrs_1/new/Nano_Processor_Constarints.xdc:32]
Resolution: If [get_<value>] was used to populate the object, check to make sure this command returns at least one valid object.
WARNING: [Vivado 12-584] No ports matched 'seg[0]'. [C:/Users/USER/OneDrive/Desktop/GithubFiles/Nano-Processor-Design/Nano_Processor_Advanced/Nano_Processor_Advanced.srcs/constrs_1/new/Nano_Processor_Constarints.xdc:35]
CRITICAL WARNING: [Common 17-55] 'set_property' expects at least one object. [C:/Users/USER/OneDrive/Desktop/GithubFiles/Nano-Processor-Design/Nano_Processor_Advanced/Nano_Processor_Advanced.srcs/constrs_1/new/Nano_Processor_Constarints.xdc:35]
Resolution: If [get_<value>] was used to populate the object, check to make sure this command returns at least one valid object.
WARNING: [Vivado 12-584] No ports matched 'seg[1]'. [C:/Users/USER/OneDrive/Desktop/GithubFiles/Nano-Processor-Design/Nano_Processor_Advanced/Nano_Processor_Advanced.srcs/constrs_1/new/Nano_Processor_Constarints.xdc:36]
CRITICAL WARNING: [Common 17-55] 'set_property' expects at least one object. [C:/Users/USER/OneDrive/Desktop/GithubFiles/Nano-Processor-Design/Nano_Processor_Advanced/Nano_Processor_Advanced.srcs/constrs_1/new/Nano_Processor_Constarints.xdc:36]
Resolution: If [get_<value>] was used to populate the object, check to make sure this command returns at least one valid object.
WARNING: [Vivado 12-584] No ports matched 'seg[2]'. [C:/Users/USER/OneDrive/Desktop/GithubFiles/Nano-Processor-Design/Nano_Processor_Advanced/Nano_Processor_Advanced.srcs/constrs_1/new/Nano_Processor_Constarints.xdc:37]
CRITICAL WARNING: [Common 17-55] 'set_property' expects at least one object. [C:/Users/USER/OneDrive/Desktop/GithubFiles/Nano-Processor-Design/Nano_Processor_Advanced/Nano_Processor_Advanced.srcs/constrs_1/new/Nano_Processor_Constarints.xdc:37]
Resolution: If [get_<value>] was used to populate the object, check to make sure this command returns at least one valid object.
WARNING: [Vivado 12-584] No ports matched 'seg[3]'. [C:/Users/USER/OneDrive/Desktop/GithubFiles/Nano-Processor-Design/Nano_Processor_Advanced/Nano_Processor_Advanced.srcs/constrs_1/new/Nano_Processor_Constarints.xdc:38]
CRITICAL WARNING: [Common 17-55] 'set_property' expects at least one object. [C:/Users/USER/OneDrive/Desktop/GithubFiles/Nano-Processor-Design/Nano_Processor_Advanced/Nano_Processor_Advanced.srcs/constrs_1/new/Nano_Processor_Constarints.xdc:38]
Resolution: If [get_<value>] was used to populate the object, check to make sure this command returns at least one valid object.
WARNING: [Vivado 12-584] No ports matched 'seg[4]'. [C:/Users/USER/OneDrive/Desktop/GithubFiles/Nano-Processor-Design/Nano_Processor_Advanced/Nano_Processor_Advanced.srcs/constrs_1/new/Nano_Processor_Constarints.xdc:39]
CRITICAL WARNING: [Common 17-55] 'set_property' expects at least one object. [C:/Users/USER/OneDrive/Desktop/GithubFiles/Nano-Processor-Design/Nano_Processor_Advanced/Nano_Processor_Advanced.srcs/constrs_1/new/Nano_Processor_Constarints.xdc:39]
Resolution: If [get_<value>] was used to populate the object, check to make sure this command returns at least one valid object.
WARNING: [Vivado 12-584] No ports matched 'seg[5]'. [C:/Users/USER/OneDrive/Desktop/GithubFiles/Nano-Processor-Design/Nano_Processor_Advanced/Nano_Processor_Advanced.srcs/constrs_1/new/Nano_Processor_Constarints.xdc:40]
CRITICAL WARNING: [Common 17-55] 'set_property' expects at least one object. [C:/Users/USER/OneDrive/Desktop/GithubFiles/Nano-Processor-Design/Nano_Processor_Advanced/Nano_Processor_Advanced.srcs/constrs_1/new/Nano_Processor_Constarints.xdc:40]
Resolution: If [get_<value>] was used to populate the object, check to make sure this command returns at least one valid object.
WARNING: [Vivado 12-584] No ports matched 'seg[6]'. [C:/Users/USER/OneDrive/Desktop/GithubFiles/Nano-Processor-Design/Nano_Processor_Advanced/Nano_Processor_Advanced.srcs/constrs_1/new/Nano_Processor_Constarints.xdc:41]
CRITICAL WARNING: [Common 17-55] 'set_property' expects at least one object. [C:/Users/USER/OneDrive/Desktop/GithubFiles/Nano-Processor-Design/Nano_Processor_Advanced/Nano_Processor_Advanced.srcs/constrs_1/new/Nano_Processor_Constarints.xdc:41]
Resolution: If [get_<value>] was used to populate the object, check to make sure this command returns at least one valid object.
WARNING: [Vivado 12-584] No ports matched 'seg[*]'. [C:/Users/USER/OneDrive/Desktop/GithubFiles/Nano-Processor-Design/Nano_Processor_Advanced/Nano_Processor_Advanced.srcs/constrs_1/new/Nano_Processor_Constarints.xdc:42]
CRITICAL WARNING: [Common 17-55] 'set_property' expects at least one object. [C:/Users/USER/OneDrive/Desktop/GithubFiles/Nano-Processor-Design/Nano_Processor_Advanced/Nano_Processor_Advanced.srcs/constrs_1/new/Nano_Processor_Constarints.xdc:42]
Resolution: If [get_<value>] was used to populate the object, check to make sure this command returns at least one valid object.
WARNING: [Vivado 12-584] No ports matched 'an[0]'. [C:/Users/USER/OneDrive/Desktop/GithubFiles/Nano-Processor-Design/Nano_Processor_Advanced/Nano_Processor_Advanced.srcs/constrs_1/new/Nano_Processor_Constarints.xdc:45]
CRITICAL WARNING: [Common 17-55] 'set_property' expects at least one object. [C:/Users/USER/OneDrive/Desktop/GithubFiles/Nano-Processor-Design/Nano_Processor_Advanced/Nano_Processor_Advanced.srcs/constrs_1/new/Nano_Processor_Constarints.xdc:45]
Resolution: If [get_<value>] was used to populate the object, check to make sure this command returns at least one valid object.
WARNING: [Vivado 12-584] No ports matched 'an[1]'. [C:/Users/USER/OneDrive/Desktop/GithubFiles/Nano-Processor-Design/Nano_Processor_Advanced/Nano_Processor_Advanced.srcs/constrs_1/new/Nano_Processor_Constarints.xdc:46]
CRITICAL WARNING: [Common 17-55] 'set_property' expects at least one object. [C:/Users/USER/OneDrive/Desktop/GithubFiles/Nano-Processor-Design/Nano_Processor_Advanced/Nano_Processor_Advanced.srcs/constrs_1/new/Nano_Processor_Constarints.xdc:46]
Resolution: If [get_<value>] was used to populate the object, check to make sure this command returns at least one valid object.
WARNING: [Vivado 12-584] No ports matched 'an[2]'. [C:/Users/USER/OneDrive/Desktop/GithubFiles/Nano-Processor-Design/Nano_Processor_Advanced/Nano_Processor_Advanced.srcs/constrs_1/new/Nano_Processor_Constarints.xdc:47]
CRITICAL WARNING: [Common 17-55] 'set_property' expects at least one object. [C:/Users/USER/OneDrive/Desktop/GithubFiles/Nano-Processor-Design/Nano_Processor_Advanced/Nano_Processor_Advanced.srcs/constrs_1/new/Nano_Processor_Constarints.xdc:47]
Resolution: If [get_<value>] was used to populate the object, check to make sure this command returns at least one valid object.
WARNING: [Vivado 12-584] No ports matched 'an[3]'. [C:/Users/USER/OneDrive/Desktop/GithubFiles/Nano-Processor-Design/Nano_Processor_Advanced/Nano_Processor_Advanced.srcs/constrs_1/new/Nano_Processor_Constarints.xdc:48]
CRITICAL WARNING: [Common 17-55] 'set_property' expects at least one object. [C:/Users/USER/OneDrive/Desktop/GithubFiles/Nano-Processor-Design/Nano_Processor_Advanced/Nano_Processor_Advanced.srcs/constrs_1/new/Nano_Processor_Constarints.xdc:48]
Resolution: If [get_<value>] was used to populate the object, check to make sure this command returns at least one valid object.
WARNING: [Vivado 12-584] No ports matched 'an[*]'. [C:/Users/USER/OneDrive/Desktop/GithubFiles/Nano-Processor-Design/Nano_Processor_Advanced/Nano_Processor_Advanced.srcs/constrs_1/new/Nano_Processor_Constarints.xdc:49]
CRITICAL WARNING: [Common 17-55] 'set_property' expects at least one object. [C:/Users/USER/OneDrive/Desktop/GithubFiles/Nano-Processor-Design/Nano_Processor_Advanced/Nano_Processor_Advanced.srcs/constrs_1/new/Nano_Processor_Constarints.xdc:49]
Resolution: If [get_<value>] was used to populate the object, check to make sure this command returns at least one valid object.
WARNING: [Vivado 12-584] No ports matched 'pc_debug[0]'. [C:/Users/USER/OneDrive/Desktop/GithubFiles/Nano-Processor-Design/Nano_Processor_Advanced/Nano_Processor_Advanced.srcs/constrs_1/new/Nano_Processor_Constarints.xdc:52]
CRITICAL WARNING: [Common 17-55] 'set_property' expects at least one object. [C:/Users/USER/OneDrive/Desktop/GithubFiles/Nano-Processor-Design/Nano_Processor_Advanced/Nano_Processor_Advanced.srcs/constrs_1/new/Nano_Processor_Constarints.xdc:52]
Resolution: If [get_<value>] was used to populate the object, check to make sure this command returns at least one valid object.
WARNING: [Vivado 12-584] No ports matched 'pc_debug[1]'. [C:/Users/USER/OneDrive/Desktop/GithubFiles/Nano-Processor-Design/Nano_Processor_Advanced/Nano_Processor_Advanced.srcs/constrs_1/new/Nano_Processor_Constarints.xdc:53]
CRITICAL WARNING: [Common 17-55] 'set_property' expects at least one object. [C:/Users/USER/OneDrive/Desktop/GithubFiles/Nano-Processor-Design/Nano_Processor_Advanced/Nano_Processor_Advanced.srcs/constrs_1/new/Nano_Processor_Constarints.xdc:53]
Resolution: If [get_<value>] was used to populate the object, check to make sure this command returns at least one valid object.
WARNING: [Vivado 12-584] No ports matched 'pc_debug[2]'. [C:/Users/USER/OneDrive/Desktop/GithubFiles/Nano-Processor-Design/Nano_Processor_Advanced/Nano_Processor_Advanced.srcs/constrs_1/new/Nano_Processor_Constarints.xdc:54]
CRITICAL WARNING: [Common 17-55] 'set_property' expects at least one object. [C:/Users/USER/OneDrive/Desktop/GithubFiles/Nano-Processor-Design/Nano_Processor_Advanced/Nano_Processor_Advanced.srcs/constrs_1/new/Nano_Processor_Constarints.xdc:54]
Resolution: If [get_<value>] was used to populate the object, check to make sure this command returns at least one valid object.
WARNING: [Vivado 12-584] No ports matched 'pc_debug[*]'. [C:/Users/USER/OneDrive/Desktop/GithubFiles/Nano-Processor-Design/Nano_Processor_Advanced/Nano_Processor_Advanced.srcs/constrs_1/new/Nano_Processor_Constarints.xdc:55]
CRITICAL WARNING: [Common 17-55] 'set_property' expects at least one object. [C:/Users/USER/OneDrive/Desktop/GithubFiles/Nano-Processor-Design/Nano_Processor_Advanced/Nano_Processor_Advanced.srcs/constrs_1/new/Nano_Processor_Constarints.xdc:55]
Resolution: If [get_<value>] was used to populate the object, check to make sure this command returns at least one valid object.
WARNING: [Vivado 12-584] No ports matched 'r7_debug[0]'. [C:/Users/USER/OneDrive/Desktop/GithubFiles/Nano-Processor-Design/Nano_Processor_Advanced/Nano_Processor_Advanced.srcs/constrs_1/new/Nano_Processor_Constarints.xdc:58]
CRITICAL WARNING: [Common 17-55] 'set_property' expects at least one object. [C:/Users/USER/OneDrive/Desktop/GithubFiles/Nano-Processor-Design/Nano_Processor_Advanced/Nano_Processor_Advanced.srcs/constrs_1/new/Nano_Processor_Constarints.xdc:58]
Resolution: If [get_<value>] was used to populate the object, check to make sure this command returns at least one valid object.
WARNING: [Vivado 12-584] No ports matched 'r7_debug[1]'. [C:/Users/USER/OneDrive/Desktop/GithubFiles/Nano-Processor-Design/Nano_Processor_Advanced/Nano_Processor_Advanced.srcs/constrs_1/new/Nano_Processor_Constarints.xdc:59]
CRITICAL WARNING: [Common 17-55] 'set_property' expects at least one object. [C:/Users/USER/OneDrive/Desktop/GithubFiles/Nano-Processor-Design/Nano_Processor_Advanced/Nano_Processor_Advanced.srcs/constrs_1/new/Nano_Processor_Constarints.xdc:59]
Resolution: If [get_<value>] was used to populate the object, check to make sure this command returns at least one valid object.
WARNING: [Vivado 12-584] No ports matched 'r7_debug[2]'. [C:/Users/USER/OneDrive/Desktop/GithubFiles/Nano-Processor-Design/Nano_Processor_Advanced/Nano_Processor_Advanced.srcs/constrs_1/new/Nano_Processor_Constarints.xdc:60]
CRITICAL WARNING: [Common 17-55] 'set_property' expects at least one object. [C:/Users/USER/OneDrive/Desktop/GithubFiles/Nano-Processor-Design/Nano_Processor_Advanced/Nano_Processor_Advanced.srcs/constrs_1/new/Nano_Processor_Constarints.xdc:60]
Resolution: If [get_<value>] was used to populate the object, check to make sure this command returns at least one valid object.
WARNING: [Vivado 12-584] No ports matched 'r7_debug[3]'. [C:/Users/USER/OneDrive/Desktop/GithubFiles/Nano-Processor-Design/Nano_Processor_Advanced/Nano_Processor_Advanced.srcs/constrs_1/new/Nano_Processor_Constarints.xdc:61]
CRITICAL WARNING: [Common 17-55] 'set_property' expects at least one object. [C:/Users/USER/OneDrive/Desktop/GithubFiles/Nano-Processor-Design/Nano_Processor_Advanced/Nano_Processor_Advanced.srcs/constrs_1/new/Nano_Processor_Constarints.xdc:61]
Resolution: If [get_<value>] was used to populate the object, check to make sure this command returns at least one valid object.
WARNING: [Vivado 12-584] No ports matched 'r7_debug[*]'. [C:/Users/USER/OneDrive/Desktop/GithubFiles/Nano-Processor-Design/Nano_Processor_Advanced/Nano_Processor_Advanced.srcs/constrs_1/new/Nano_Processor_Constarints.xdc:62]
CRITICAL WARNING: [Common 17-55] 'set_property' expects at least one object. [C:/Users/USER/OneDrive/Desktop/GithubFiles/Nano-Processor-Design/Nano_Processor_Advanced/Nano_Processor_Advanced.srcs/constrs_1/new/Nano_Processor_Constarints.xdc:62]
Resolution: If [get_<value>] was used to populate the object, check to make sure this command returns at least one valid object.
Finished Parsing XDC File [C:/Users/USER/OneDrive/Desktop/GithubFiles/Nano-Processor-Design/Nano_Processor_Advanced/Nano_Processor_Advanced.srcs/constrs_1/new/Nano_Processor_Constarints.xdc]
Completed Processing XDC Constraints

INFO: [Opt 31-138] Pushed 0 inverter(s) to 0 load pin(s).
INFO: [Project 1-111] Unisim Transformation Summary:
No Unisim elements were transformed.

RTL Elaboration Complete:  : Time (s): cpu = 00:00:15 ; elapsed = 00:00:09 . Memory (MB): peak = 2043.758 ; gain = 535.891
6 Infos, 44 Warnings, 44 Critical Warnings and 0 Errors encountered.
synth_design completed successfully
synth_design: Time (s): cpu = 00:00:16 ; elapsed = 00:00:09 . Memory (MB): peak = 2043.758 ; gain = 535.891
exit
INFO: [Common 17-206] Exiting Vivado at Fri May  8 23:06:55 2026...
