#-----------------------------------------------------------
# Vivado v2018.1 (64-bit)
# SW Build 2188600 on Wed Apr  4 18:40:38 MDT 2018
# IP Build 2185939 on Wed Apr  4 20:55:05 MDT 2018
# Start of session at: Fri May  8 15:04:29 2026
# Process ID: 9840
# Current directory: C:/Users/USER/OneDrive/Desktop/GithubFiles/Nano-Processor-Design/Nano_Processor_Advanced
# Command line: vivado.exe -gui_launcher_event rodinguilauncherevent30456 C:\Users\USER\OneDrive\Desktop\GithubFiles\Nano-Processor-Design\Nano_Processor_Advanced\Nano_Processor_Advanced.xpr
# Log file: C:/Users/USER/OneDrive/Desktop/GithubFiles/Nano-Processor-Design/Nano_Processor_Advanced/vivado.log
# Journal file: C:/Users/USER/OneDrive/Desktop/GithubFiles/Nano-Processor-Design/Nano_Processor_Advanced\vivado.jou
#-----------------------------------------------------------
start_gui
oopen_project C:/Users/USER/OneDrive/Desktop/GithubFiles/Nano-Processor-Design/Nano_Processor_Advanced/Nano_Processor_Advanced.xpr
INFO: [ProjectBase 1-489] The host OS only allows 260 characters in a normal path. The project is stored in a path with more than 80 characters. If you experience issues with IP, Block Designs, or files not being found, please consider moving the project to a location with a shorter path. Alternately consider using the OS subst command to map part of the path to a drive letter.
Current project path is 'C:/Users/USER/OneDrive/Desktop/GithubFiles/Nano-Processor-Design/Nano_Processor_Advanced'SScanning sources...FFinished scanning sourcesWWARNING: [filemgmt 56-3] IPUserFilesDir: Could not find the directory 'C:/Users/USER/OneDrive/Desktop/GithubFiles/Nano-Processor-Design/Nano_Processor_Advanced/Nano_Processor_Advanced.ip_user_files'.IINFO: [IP_Flow 19-234] Refreshing IP repositories
INFO: [IP_Flow 19-1704] No user IP repositories specifiedIINFO: [IP_Flow 19-2313] Loaded Vivado IP repository 'C:/Xilinxnew/Vivado/2018.1/data/ip'.oopen_project: Time (s): cpu = 00:00:14 ; elapsed = 00:00:12 . Memory (MB): peak = 899.363 ; gain = 150.805uupdate_compile_order -fileset sources_1reset_run synth_1
launch_runs synth_1 -jobs 8
[Fri May  8 15:06:25 2026] Launched synth_1...
Run output will be captured here: C:/Users/USER/OneDrive/Desktop/GithubFiles/Nano-Processor-Design/Nano_Processor_Advanced/Nano_Processor_Advanced.runs/synth_1/runme.log
launch_runs impl_1 -jobs 8
[Fri May  8 15:07:05 2026] Launched impl_1...
Run output will be captured here: C:/Users/USER/OneDrive/Desktop/GithubFiles/Nano-Processor-Design/Nano_Processor_Advanced/Nano_Processor_Advanced.runs/impl_1/runme.log
open_run impl_1
INFO: [Netlist 29-17] Analyzing 11 Unisim elements for replacement
INFO: [Netlist 29-28] Unisim Transformation completed in 0 CPU seconds
INFO: [Project 1-479] Netlist was created with Vivado 2018.1
INFO: [Device 21-403] Loading part xc7a35tcpg236-1
INFO: [Project 1-570] Preparing netlist for logic optimization
INFO: [Timing 38-478] Restoring timing data from binary archive.
INFO: [Timing 38-479] Binary timing data restore complete.
INFO: [Project 1-856] Restoring constraints from binary archive.
INFO: [Project 1-853] Binary constraint restore complete.
Reading XDEF placement.
Reading placer database...
Reading XDEF routing.
Read XDEF File: Time (s): cpu = 00:00:00 ; elapsed = 00:00:00.032 . Memory (MB): peak = 1731.211 ; gain = 0.000
Restored from archive | CPU: 0.000000 secs | Memory: 0.000000 MB |
Finished XDEF File Restore: Time (s): cpu = 00:00:00 ; elapsed = 00:00:00.032 . Memory (MB): peak = 1731.211 ; gain = 0.000
INFO: [Project 1-111] Unisim Transformation Summary:
No Unisim elements were transformed.

open_run: Time (s): cpu = 00:00:19 ; elapsed = 00:00:18 . Memory (MB): peak = 1890.938 ; gain = 905.781
open_hw
connect_hw_server
INFO: [Labtools 27-2285] Connecting to hw_server url TCP:localhost:3121
INFO: [Labtools 27-2222] Launching hw_server...
INFO: [Labtools 27-2221] Launch Output:

****** Xilinx hw_server v2018.1
  **** Build date : Apr  4 2018-19:32:53
    ** Copyright 1986-2018 Xilinx, Inc. All Rights Reserved.


open_hw_target
INFO: [Labtoolstcl 44-466] Opening hw_target localhost:3121/xilinx_tcf/Digilent/210183A8AA38A
current_hw_device [get_hw_devices xc7a35t_0]
refresh_hw_device -update_hw_probes false [lindex [get_hw_devices xc7a35t_0] 0]
INFO: [Labtools 27-1435] Device xc7a35t (JTAG device index = 0) is not programmed (DONE status = 0).
launch_runs impl_1 -to_step write_bitstream -jobs 8
[Fri May  8 15:12:49 2026] Launched impl_1...
Run output will be captured here: C:/Users/USER/OneDrive/Desktop/GithubFiles/Nano-Processor-Design/Nano_Processor_Advanced/Nano_Processor_Advanced.runs/impl_1/runme.log
set_property PROBES.FILE {} [get_hw_devices xc7a35t_0]
set_property FULL_PROBES.FILE {} [get_hw_devices xc7a35t_0]
set_property PROGRAM.FILE {C:/Users/USER/OneDrive/Desktop/GithubFiles/Nano-Processor-Design/Nano_Processor_Advanced/Nano_Processor_Advanced.runs/impl_1/nanoprocessor_top.bit} [get_hw_devices xc7a35t_0]
program_hw_devices [get_hw_devices xc7a35t_0]
INFO: [Labtools 27-3164] End of startup status: HIGH
refresh_hw_device [lindex [get_hw_devices xc7a35t_0] 0]
INFO: [Labtools 27-1434] Device xc7a35t (JTAG device index = 0) is programmed with a design that has no supported debug core(s) in it.
WARNING: [Labtools 27-3361] The debug hub core was not detected.
Resolution: 
1. Make sure the clock connected to the debug hub (dbg_hub) core is a free running clock and is active.
2. Make sure the BSCAN_SWITCH_USER_MASK device property in Vivado Hardware Manager reflects the user scan chain setting in the design and refresh the device.  To determine the user scan chain setting in the design, open the implemented design and use 'get_property C_USER_SCAN_CHAIN [get_debug_cores dbg_hub]'.
For more details on setting the scan chain property, consult the Vivado Debug and Programming User Guide (UG908).
ERROR: [Labtoolstcl 44-513] HW Target shutdown. Closing target: localhost:3121/xilinx_tcf/Digilent/210183A8AA38A
update_compile_order -fileset sources_1
close_hw
