INFO: [VRFC 10-163] Analyzing VHDL file "C:/Users/DELL/Desktop/Nano-Processor-Design/Nanoprocessor Design/Nanoprocessor Design.srcs/sources_1/new/ADD_SUB.vhd" into library xil_defaultlib
INFO: [VRFC 10-307] analyzing entity Add_Sub_4bit_unit
INFO: [VRFC 10-163] Analyzing VHDL file "C:/Users/DELL/Desktop/Nano-Processor-Design/Nanoprocessor Design/Nanoprocessor Design.srcs/sources_1/new/Counter.vhd" into library xil_defaultlib
INFO: [VRFC 10-307] analyzing entity Counter
INFO: [VRFC 10-163] Analyzing VHDL file "C:/Users/DELL/Desktop/Nano-Processor-Design/Nanoprocessor Design/Nanoprocessor Design.srcs/sources_1/new/D_FF.vhd" into library xil_defaultlib
INFO: [VRFC 10-307] analyzing entity D_FF
INFO: [VRFC 10-163] Analyzing VHDL file "C:/Users/DELL/Desktop/Nano-Processor-Design/Nanoprocessor Design/Nanoprocessor Design.srcs/sources_1/new/Decoder_2_to_4.vhd" into library xil_defaultlib
INFO: [VRFC 10-307] analyzing entity Decoder_2_to_4
INFO: [VRFC 10-163] Analyzing VHDL file "C:/Users/DELL/Desktop/Nano-Processor-Design/Nanoprocessor Design/Nanoprocessor Design.srcs/sources_1/new/Decoder_3_to_8.vhd" into library xil_defaultlib
INFO: [VRFC 10-307] analyzing entity Decoder_3_to_8
INFO: [VRFC 10-163] Analyzing VHDL file "C:/Users/DELL/Desktop/Nano-Processor-Design/Nanoprocessor Design/Nanoprocessor Design.srcs/sources_1/new/Instruction_Decoder.vhd" into library xil_defaultlib
INFO: [VRFC 10-307] analyzing entity Instruction_Decoder
INFO: [VRFC 10-163] Analyzing VHDL file "C:/Users/DELL/Desktop/Nano-Processor-Design/Nanoprocessor Design/Nanoprocessor Design.srcs/sources_1/new/LUT_7Seg.vhd" into library xil_defaultlib
INFO: [VRFC 10-307] analyzing entity LUT_7Seg
INFO: [VRFC 10-163] Analyzing VHDL file "C:/Users/DELL/Desktop/Nano-Processor-Design/Nanoprocessor Design/Nanoprocessor Design.srcs/sources_1/new/Mux_8_W_4_B.vhd" into library xil_defaultlib
INFO: [VRFC 10-307] analyzing entity Mux_8_W_4_B
INFO: [VRFC 10-163] Analyzing VHDL file "C:/Users/DELL/Desktop/Nano-Processor-Design/Nanoprocessor Design/Nanoprocessor Design.srcs/sources_1/new/Nano_processor.vhd" into library xil_defaultlib
INFO: [VRFC 10-307] analyzing entity Nano_processor
INFO: [VRFC 10-163] Analyzing VHDL file "C:/Users/DELL/Desktop/Nano-Processor-Design/Nanoprocessor Design/Nanoprocessor Design.srcs/sources_1/new/Register_4_bit.vhd" into library xil_defaultlib
INFO: [VRFC 10-307] analyzing entity Register_4_bit
INFO: [VRFC 10-163] Analyzing VHDL file "C:/Users/DELL/Desktop/Nano-Processor-Design/Nanoprocessor Design/Nanoprocessor Design.srcs/sources_1/new/Register_Memory.vhd" into library xil_defaultlib
INFO: [VRFC 10-307] analyzing entity Register_Memory
INFO: [VRFC 10-163] Analyzing VHDL file "C:/Users/DELL/Desktop/Nano-Processor-Design/Nanoprocessor Design/Nanoprocessor Design.srcs/sources_1/imports/new/Slow_Clk.vhd" into library xil_defaultlib
INFO: [VRFC 10-307] analyzing entity Slow_Clk
INFO: [VRFC 10-163] Analyzing VHDL file "C:/Users/DELL/Desktop/Nano-Processor-Design/Nanoprocessor Design/Nanoprocessor Design.srcs/sources_1/new/Top_Module.vhd" into library xil_defaultlib
INFO: [VRFC 10-307] analyzing entity Top_Module
INFO: [VRFC 10-163] Analyzing VHDL file "C:/Users/DELL/Desktop/Nano-Processor-Design/Nanoprocessor Design/Nanoprocessor Design.srcs/sources_1/new/w2_4_MUX.vhd" into library xil_defaultlib
INFO: [VRFC 10-307] analyzing entity w2_4_MUX
INFO: [VRFC 10-163] Analyzing VHDL file "C:/Users/DELL/Desktop/Nano-Processor-Design/Nanoprocessor Design/Nanoprocessor Design.srcs/sim_1/new/tb_Nano_processor.vhd" into library xil_defaultlib
INFO: [VRFC 10-307] analyzing entity tb_Nano_processor
