#-----------------------------------------------------------
# Vivado v2018.1 (64-bit)
# SW Build 2188600 on Wed Apr  4 18:40:38 MDT 2018
# IP Build 2185939 on Wed Apr  4 20:55:05 MDT 2018
# Start of session at: Fri May  8 23:14:41 2026
# Process ID: 15044
# Current directory: C:/Users/USER/OneDrive/Desktop/GithubFiles/Nano-Processor-Design/Nano_basic_nim
# Command line: vivado.exe -gui_launcher_event rodinguilauncherevent13904 C:\Users\USER\OneDrive\Desktop\GithubFiles\Nano-Processor-Design\Nano_basic_nim\Nano_basic_nim.xpr
# Log file: C:/Users/USER/OneDrive/Desktop/GithubFiles/Nano-Processor-Design/Nano_basic_nim/vivado.log
# Journal file: C:/Users/USER/OneDrive/Desktop/GithubFiles/Nano-Processor-Design/Nano_basic_nim\vivado.jou
#-----------------------------------------------------------
start_gui
open_project C:/Users/USER/OneDrive/Desktop/GithubFiles/Nano-Processor-Design/Nano_basic_nim/Nano_basic_nim.xpr
Scanning sources...
Finished scanning sources
INFO: [IP_Flow 19-234] Refreshing IP repositories
INFO: [IP_Flow 19-1704] No user IP repositories specified
INFO: [IP_Flow 19-2313] Loaded Vivado IP repository 'C:/Xilinxnew/Vivado/2018.1/data/ip'.
open_project: Time (s): cpu = 00:00:21 ; elapsed = 00:00:14 . Memory (MB): peak = 928.656 ; gain = 156.344
update_compile_order -fileset sources_1
set_property top RegisterData_Multiplexer_TB [get_filesets sim_1]
set_property top_lib xil_defaultlib [get_filesets sim_1]
update_compile_order -fileset sim_1
reset_run synth_1
launch_runs synth_1 -jobs 8
[Fri May  8 23:16:20 2026] Launched synth_1...
Run output will be captured here: C:/Users/USER/OneDrive/Desktop/GithubFiles/Nano-Processor-Design/Nano_basic_nim/Nano_basic_nim.runs/synth_1/runme.log
launch_runs impl_1 -jobs 8
[Fri May  8 23:17:54 2026] Launched impl_1...
Run output will be captured here: C:/Users/USER/OneDrive/Desktop/GithubFiles/Nano-Processor-Design/Nano_basic_nim/Nano_basic_nim.runs/impl_1/runme.log
open_run impl_1
INFO: [Netlist 29-17] Analyzing 10 Unisim elements for replacement
INFO: [Netlist 29-28] Unisim Transformation completed in 0 CPU seconds
INFO: [Project 1-479] Netlist was created with Vivado 2018.1
INFO: [Device 21-403] Loading part xc7a35tcpg236-1
INFO: [Project 1-570] Preparing netlist for logic optimization
INFO: [Timing 38-478] Restoring timing data from binary archive.
INFO: [Timing 38-479] Binary timing data restore complete.
INFO: [Project 1-856] Restoring constraints from binary archive.
INFO: [Project 1-853] Binary constraint restore complete.
Reading XDEF placement.
Reading placer database...
Reading XDEF routing.
Read XDEF File: Time (s): cpu = 00:00:00 ; elapsed = 00:00:00.023 . Memory (MB): peak = 1791.441 ; gain = 0.000
Restored from archive | CPU: 0.000000 secs | Memory: 0.000000 MB |
Finished XDEF File Restore: Time (s): cpu = 00:00:00 ; elapsed = 00:00:00.023 . Memory (MB): peak = 1791.441 ; gain = 0.000
INFO: [Project 1-111] Unisim Transformation Summary:
No Unisim elements were transformed.

open_run: Time (s): cpu = 00:00:16 ; elapsed = 00:00:16 . Memory (MB): peak = 1904.539 ; gain = 934.859
launch_simulation
INFO: [Vivado 12-5682] Launching behavioral simulation in 'C:/Users/USER/OneDrive/Desktop/GithubFiles/Nano-Processor-Design/Nano_basic_nim/Nano_basic_nim.sim/sim_1/behav/xsim'
INFO: [SIM-utils-51] Simulation object is 'sim_1'
INFO: [SIM-utils-54] Inspecting design source files for 'RegisterData_Multiplexer_TB' in fileset 'sim_1'...
INFO: [USF-XSim-97] Finding global include files...
INFO: [USF-XSim-98] Fetching design files from 'sim_1'...
INFO: [USF-XSim-2] XSim::Compile design
INFO: [USF-XSim-61] Executing 'COMPILE and ANALYZE' step in 'C:/Users/USER/OneDrive/Desktop/GithubFiles/Nano-Processor-Design/Nano_basic_nim/Nano_basic_nim.sim/sim_1/behav/xsim'
"xvhdl --incr --relax -prj RegisterData_Multiplexer_TB_vhdl.prj"
INFO: [VRFC 10-163] Analyzing VHDL file "C:/Users/USER/OneDrive/Desktop/GithubFiles/Nano-Processor-Design/Nano_basic_nim/src/RegisterData_Multiplexer.vhd" into library xil_defaultlib
INFO: [VRFC 10-307] analyzing entity RegisterData_Multiplexer
INFO: [VRFC 10-163] Analyzing VHDL file "C:/Users/USER/OneDrive/Desktop/GithubFiles/Nano-Processor-Design/Nano_basic_nim/src/Testbench Files/RegisterData_Multiplexer_TB.vhd" into library xil_defaultlib
INFO: [VRFC 10-307] analyzing entity RegisterData_Multiplexer_TB
INFO: [USF-XSim-69] 'compile' step finished in '1' seconds
INFO: [USF-XSim-3] XSim::Elaborate design
INFO: [USF-XSim-61] Executing 'ELABORATE' step in 'C:/Users/USER/OneDrive/Desktop/GithubFiles/Nano-Processor-Design/Nano_basic_nim/Nano_basic_nim.sim/sim_1/behav/xsim'
Vivado Simulator 2018.1
Copyright 1986-1999, 2001-2017 Xilinx, Inc. All Rights Reserved.
Running: C:/Xilinxnew/Vivado/2018.1/bin/unwrapped/win64.o/xelab.exe -wto 65d2ac423e3f4ad0a5ccf3147d4c51dd --incr --debug typical --relax --mt 2 -L xil_defaultlib -L secureip --snapshot RegisterData_Multiplexer_TB_behav xil_defaultlib.RegisterData_Multiplexer_TB -log elaborate.log 
Using 2 slave threads.
Starting static elaboration
Completed static elaboration
Starting simulation data flow analysis
Completed simulation data flow analysis
Time Resolution for simulation is 1ps
Compiling package std.standard
Compiling package std.textio
Compiling package ieee.std_logic_1164
Compiling package xil_defaultlib.busdefinitions
Compiling package ieee.numeric_std
Compiling architecture behavioral of entity xil_defaultlib.RegisterData_Multiplexer [registerdata_multiplexer_default]
Compiling architecture behavioral of entity xil_defaultlib.registerdata_multiplexer_tb
Built simulation snapshot RegisterData_Multiplexer_TB_behav

****** Webtalk v2018.1 (64-bit)
  **** SW Build 2188600 on Wed Apr  4 18:40:38 MDT 2018
  **** IP Build 2185939 on Wed Apr  4 20:55:05 MDT 2018
    ** Copyright 1986-2018 Xilinx, Inc. All Rights Reserved.

source C:/Users/USER/OneDrive/Desktop/GithubFiles/Nano-Processor-Design/Nano_basic_nim/Nano_basic_nim.sim/sim_1/behav/xsim/xsim.dir/RegisterData_Multiplexer_TB_behav/webtalk/xsim_webtalk.tcl -notrace
INFO: [Common 17-206] Exiting Webtalk at Fri May  8 23:19:30 2026...
run_program: Time (s): cpu = 00:00:00 ; elapsed = 00:00:05 . Memory (MB): peak = 1904.539 ; gain = 0.000
INFO: [USF-XSim-69] 'elaborate' step finished in '5' seconds
INFO: [USF-XSim-4] XSim::Simulate design
INFO: [USF-XSim-61] Executing 'SIMULATE' step in 'C:/Users/USER/OneDrive/Desktop/GithubFiles/Nano-Processor-Design/Nano_basic_nim/Nano_basic_nim.sim/sim_1/behav/xsim'
INFO: [USF-XSim-98] *** Running xsim
   with args "RegisterData_Multiplexer_TB_behav -key {Behavioral:sim_1:Functional:RegisterData_Multiplexer_TB} -tclbatch {RegisterData_Multiplexer_TB.tcl} -log {simulate.log}"
INFO: [USF-XSim-8] Loading simulator feature
Vivado Simulator 2018.1
Time resolution is 1 ps
source RegisterData_Multiplexer_TB.tcl
# set curr_wave [current_wave_config]
# if { [string length $curr_wave] == 0 } {
#   if { [llength [get_objects]] > 0} {
#     add_wave /
#     set_property needs_save false [current_wave_config]
#   } else {
#      send_msg_id Add_Wave-1 WARNING "No top level signals found. Simulator will start without a wave window. If you want to open a wave window go to 'File->New Waveform Configuration' or type 'create_wave_config' in the TCL console."
#   }
# }
# run 1000ns
Note: All tests passed successfully
Time: 400 ns  Iteration: 0  Process: /RegisterData_Multiplexer_TB/stim_proc  File: C:/Users/USER/OneDrive/Desktop/GithubFiles/Nano-Processor-Design/Nano_basic_nim/src/Testbench Files/RegisterData_Multiplexer_TB.vhd
INFO: [USF-XSim-96] XSim completed. Design snapshot 'RegisterData_Multiplexer_TB_behav' loaded.
INFO: [USF-XSim-97] XSim simulation ran for 1000ns
launch_simulation: Time (s): cpu = 00:00:03 ; elapsed = 00:00:09 . Memory (MB): peak = 1904.539 ; gain = 0.000
close_sim
INFO: [Simtcl 6-16] Simulation closed
exit
INFO: [Common 17-206] Exiting Vivado at Fri May  8 23:21:51 2026...
