#-----------------------------------------------------------
# Vivado v2018.1 (64-bit)
# SW Build 2188600 on Wed Apr  4 18:40:38 MDT 2018
# IP Build 2185939 on Wed Apr  4 20:55:05 MDT 2018
# Start of session at: Wed Apr 29 13:30:59 2026
# Process ID: 13852
# Current directory: C:/Users/DELL/Desktop/Nano-Processor-Design/Nanoprocessor Design
# Command line: vivado.exe -gui_launcher_event rodinguilauncherevent7752 C:\Users\DELL\Desktop\Nano-Processor-Design\Nanoprocessor Design\Nanoprocessor Design.xpr
# Log file: C:/Users/DELL/Desktop/Nano-Processor-Design/Nanoprocessor Design/vivado.log
# Journal file: C:/Users/DELL/Desktop/Nano-Processor-Design/Nanoprocessor Design\vivado.jou
#-----------------------------------------------------------
start_gui
open_project {C:/Users/DELL/Desktop/Nano-Processor-Design/Nanoprocessor Design/Nanoprocessor Design.xpr}
Scanning sources...
Finished scanning sources
INFO: [IP_Flow 19-234] Refreshing IP repositories
INFO: [IP_Flow 19-1704] No user IP repositories specified
INFO: [IP_Flow 19-2313] Loaded Vivado IP repository 'C:/Users/DELL/Desktop/Vivado/2018.1/data/ip'.
open_project: Time (s): cpu = 00:00:17 ; elapsed = 00:00:12 . Memory (MB): peak = 822.152 ; gain = 82.785
update_compile_order -fileset sources_1
close [ open {C:/Users/DELL/Desktop/Nano-Processor-Design/Nanoprocessor Design/Nanoprocessor Design.srcs/sources_1/new/Program_Counter_3bit.vhd} w ]
add_files {{C:/Users/DELL/Desktop/Nano-Processor-Design/Nanoprocessor Design/Nanoprocessor Design.srcs/sources_1/new/Program_Counter_3bit.vhd}}
update_compile_order -fileset sources_1
set_property SOURCE_SET sources_1 [get_filesets sim_1]
close [ open {C:/Users/DELL/Desktop/Nano-Processor-Design/Nanoprocessor Design/Nanoprocessor Design.srcs/sim_1/new/Program_Counter_3bit_tb.vhd} w ]
add_files -fileset sim_1 {{C:/Users/DELL/Desktop/Nano-Processor-Design/Nanoprocessor Design/Nanoprocessor Design.srcs/sim_1/new/Program_Counter_3bit_tb.vhd}}
update_compile_order -fileset sim_1
set_property top Program_Counter_3bit [current_fileset]
update_compile_order -fileset sources_1
set_property top Program_Counter_3bit_tb [get_filesets sim_1]
set_property top_lib xil_defaultlib [get_filesets sim_1]
update_compile_order -fileset sim_1
reset_run synth_1
launch_runs synth_1 -jobs 2
[Wed Apr 29 14:04:31 2026] Launched synth_1...
Run output will be captured here: C:/Users/DELL/Desktop/Nano-Processor-Design/Nanoprocessor Design/Nanoprocessor Design.runs/synth_1/runme.log
launch_runs impl_1 -jobs 2
[Wed Apr 29 14:06:12 2026] Launched impl_1...
Run output will be captured here: C:/Users/DELL/Desktop/Nano-Processor-Design/Nanoprocessor Design/Nanoprocessor Design.runs/impl_1/runme.log
open_run impl_1
INFO: [Netlist 29-17] Analyzing 5 Unisim elements for replacement
INFO: [Netlist 29-28] Unisim Transformation completed in 0 CPU seconds
INFO: [Project 1-479] Netlist was created with Vivado 2018.1
INFO: [Device 21-403] Loading part xc7a35tcpg236-1
INFO: [Project 1-570] Preparing netlist for logic optimization
INFO: [Timing 38-478] Restoring timing data from binary archive.
INFO: [Timing 38-479] Binary timing data restore complete.
INFO: [Project 1-856] Restoring constraints from binary archive.
INFO: [Project 1-853] Binary constraint restore complete.
Reading XDEF placement.
Reading placer database...
Reading XDEF routing.
Read XDEF File: Time (s): cpu = 00:00:00 ; elapsed = 00:00:00.076 . Memory (MB): peak = 1686.820 ; gain = 0.000
Restored from archive | CPU: 0.000000 secs | Memory: 0.000000 MB |
Finished XDEF File Restore: Time (s): cpu = 00:00:00 ; elapsed = 00:00:00.076 . Memory (MB): peak = 1686.820 ; gain = 0.000
INFO: [Project 1-111] Unisim Transformation Summary:
No Unisim elements were transformed.

open_run: Time (s): cpu = 00:00:48 ; elapsed = 00:00:47 . Memory (MB): peak = 1751.309 ; gain = 832.684
WARNING: [Timing 38-313] There are no user specified timing constraints. Timing constraints are needed for proper timing analysis.
launch_simulation
INFO: [Vivado 12-5682] Launching behavioral simulation in 'C:/Users/DELL/Desktop/Nano-Processor-Design/Nanoprocessor Design/Nanoprocessor Design.sim/sim_1/behav/xsim'
INFO: [SIM-utils-51] Simulation object is 'sim_1'
INFO: [SIM-utils-54] Inspecting design source files for 'Program_Counter_3bit_tb' in fileset 'sim_1'...
INFO: [USF-XSim-97] Finding global include files...
INFO: [USF-XSim-98] Fetching design files from 'sim_1'...
INFO: [USF-XSim-2] XSim::Compile design
INFO: [USF-XSim-61] Executing 'COMPILE and ANALYZE' step in 'C:/Users/DELL/Desktop/Nano-Processor-Design/Nanoprocessor Design/Nanoprocessor Design.sim/sim_1/behav/xsim'
"xvhdl --incr --relax -prj Program_Counter_3bit_tb_vhdl.prj"
INFO: [VRFC 10-163] Analyzing VHDL file "C:/Users/DELL/Desktop/Nano-Processor-Design/Nanoprocessor Design/Nanoprocessor Design.srcs/sources_1/new/Program_Counter_3bit.vhd" into library xil_defaultlib
INFO: [VRFC 10-307] analyzing entity Program_Counter_3bit
INFO: [VRFC 10-163] Analyzing VHDL file "C:/Users/DELL/Desktop/Nano-Processor-Design/Nanoprocessor Design/Nanoprocessor Design.srcs/sim_1/new/Program_Counter_3bit_tb.vhd" into library xil_defaultlib
INFO: [VRFC 10-307] analyzing entity Program_Counter_3bit_tb
INFO: [USF-XSim-69] 'compile' step finished in '3' seconds
INFO: [USF-XSim-3] XSim::Elaborate design
INFO: [USF-XSim-61] Executing 'ELABORATE' step in 'C:/Users/DELL/Desktop/Nano-Processor-Design/Nanoprocessor Design/Nanoprocessor Design.sim/sim_1/behav/xsim'
Vivado Simulator 2018.1
Copyright 1986-1999, 2001-2017 Xilinx, Inc. All Rights Reserved.
Running: C:/Users/DELL/Desktop/Vivado/2018.1/bin/unwrapped/win64.o/xelab.exe -wto 617752e5099a40a7b7250529171906e2 --incr --debug typical --relax --mt 2 -L xil_defaultlib -L secureip --snapshot Program_Counter_3bit_tb_behav xil_defaultlib.Program_Counter_3bit_tb -log elaborate.log 
Using 2 slave threads.
Starting static elaboration
Completed static elaboration
Starting simulation data flow analysis
Completed simulation data flow analysis
Time Resolution for simulation is 1ps
Compiling package std.standard
Compiling package std.textio
Compiling package ieee.std_logic_1164
Compiling architecture behavioral of entity xil_defaultlib.Program_Counter_3bit [program_counter_3bit_default]
Compiling architecture behavioral of entity xil_defaultlib.program_counter_3bit_tb
Built simulation snapshot Program_Counter_3bit_tb_behav

****** Webtalk v2018.1 (64-bit)
  **** SW Build 2188600 on Wed Apr  4 18:40:38 MDT 2018
  **** IP Build 2185939 on Wed Apr  4 20:55:05 MDT 2018
    ** Copyright 1986-2018 Xilinx, Inc. All Rights Reserved.

source C:/Users/DELL/Desktop/Nano-Processor-Design/Nanoprocessor -notrace
couldn't read file "C:/Users/DELL/Desktop/Nano-Processor-Design/Nanoprocessor": permission denied
INFO: [Common 17-206] Exiting Webtalk at Wed Apr 29 14:09:26 2026...
run_program: Time (s): cpu = 00:00:00 ; elapsed = 00:00:05 . Memory (MB): peak = 1770.336 ; gain = 0.000
INFO: [USF-XSim-69] 'elaborate' step finished in '5' seconds
INFO: [USF-XSim-4] XSim::Simulate design
INFO: [USF-XSim-61] Executing 'SIMULATE' step in 'C:/Users/DELL/Desktop/Nano-Processor-Design/Nanoprocessor Design/Nanoprocessor Design.sim/sim_1/behav/xsim'
INFO: [USF-XSim-98] *** Running xsim
   with args "Program_Counter_3bit_tb_behav -key {Behavioral:sim_1:Functional:Program_Counter_3bit_tb} -tclbatch {Program_Counter_3bit_tb.tcl} -log {simulate.log}"
INFO: [USF-XSim-8] Loading simulator feature
Vivado Simulator 2018.1
Time resolution is 1 ps
source Program_Counter_3bit_tb.tcl
# set curr_wave [current_wave_config]
# if { [string length $curr_wave] == 0 } {
#   if { [llength [get_objects]] > 0} {
#     add_wave /
#     set_property needs_save false [current_wave_config]
#   } else {
#      send_msg_id Add_Wave-1 WARNING "No top level signals found. Simulator will start without a wave window. If you want to open a wave window go to 'File->New Waveform Configuration' or type 'create_wave_config' in the TCL console."
#   }
# }
# run 1000ns
INFO: [USF-XSim-96] XSim completed. Design snapshot 'Program_Counter_3bit_tb_behav' loaded.
INFO: [USF-XSim-97] XSim simulation ran for 1000ns
launch_simulation: Time (s): cpu = 00:00:10 ; elapsed = 00:00:14 . Memory (MB): peak = 1770.793 ; gain = 0.457
close [ open {C:/Users/DELL/Desktop/Nano-Processor-Design/Nanoprocessor Design/Nanoprocessor Design.srcs/sources_1/new/Register_Bank.vhd} w ]
add_files {{C:/Users/DELL/Desktop/Nano-Processor-Design/Nanoprocessor Design/Nanoprocessor Design.srcs/sources_1/new/Register_Bank.vhd}}
update_compile_order -fileset sources_1
set_property SOURCE_SET sources_1 [get_filesets sim_1]
close [ open {C:/Users/DELL/Desktop/Nano-Processor-Design/Nanoprocessor Design/Nanoprocessor Design.srcs/sim_1/new/Register_Bank_tb.vhd} w ]
add_files -fileset sim_1 {{C:/Users/DELL/Desktop/Nano-Processor-Design/Nanoprocessor Design/Nanoprocessor Design.srcs/sim_1/new/Register_Bank_tb.vhd}}
update_compile_order -fileset sim_1
set_property top Decoder_3_to_8 [current_fileset]
update_compile_order -fileset sources_1
set_property top TB_Decoder_3_to_8 [get_filesets sim_1]
set_property top_lib xil_defaultlib [get_filesets sim_1]
update_compile_order -fileset sim_1
reset_run synth_1
WARNING: [Vivado 12-1017] Problems encountered:
1. Failed to delete one or more files in run directory C:/Users/DELL/Desktop/Nano-Processor-Design/Nanoprocessor Design/Nanoprocessor Design.runs/synth_1

launch_runs synth_1 -jobs 2
CRITICAL WARNING: [HDL 9-806] Syntax error near "#". [C:/Users/DELL/Desktop/Nano-Processor-Design/Nanoprocessor Design/Nanoprocessor Design.srcs/sources_1/new/Register_Bank.vhd:2]
[Wed Apr 29 15:03:53 2026] Launched synth_1...
Run output will be captured here: C:/Users/DELL/Desktop/Nano-Processor-Design/Nanoprocessor Design/Nanoprocessor Design.runs/synth_1/runme.log
launch_runs impl_1 -jobs 2
[Wed Apr 29 15:05:59 2026] Launched impl_1...
Run output will be captured here: C:/Users/DELL/Desktop/Nano-Processor-Design/Nanoprocessor Design/Nanoprocessor Design.runs/impl_1/runme.log
refresh_design
INFO: [Netlist 29-17] Analyzing 4 Unisim elements for replacement
INFO: [Netlist 29-28] Unisim Transformation completed in 0 CPU seconds
INFO: [Project 1-479] Netlist was created with Vivado 2018.1
INFO: [Project 1-570] Preparing netlist for logic optimization
INFO: [Timing 38-478] Restoring timing data from binary archive.
INFO: [Timing 38-479] Binary timing data restore complete.
INFO: [Project 1-856] Restoring constraints from binary archive.
INFO: [Project 1-853] Binary constraint restore complete.
Reading XDEF placement.
Reading placer database...
Reading XDEF routing.
Read XDEF File: Time (s): cpu = 00:00:00 ; elapsed = 00:00:00.133 . Memory (MB): peak = 1926.723 ; gain = 0.000
Restored from archive | CPU: 0.000000 secs | Memory: 0.000000 MB |
Finished XDEF File Restore: Time (s): cpu = 00:00:00 ; elapsed = 00:00:00.134 . Memory (MB): peak = 1926.723 ; gain = 0.000
refresh_design: Time (s): cpu = 00:00:12 ; elapsed = 00:00:15 . Memory (MB): peak = 1945.797 ; gain = 29.242
WARNING: [Timing 38-313] There are no user specified timing constraints. Timing constraints are needed for proper timing analysis.
launch_simulation
INFO: [Vivado 12-5682] Launching behavioral simulation in 'C:/Users/DELL/Desktop/Nano-Processor-Design/Nanoprocessor Design/Nanoprocessor Design.sim/sim_1/behav/xsim'
INFO: [SIM-utils-51] Simulation object is 'sim_1'
INFO: [SIM-utils-54] Inspecting design source files for 'TB_Decoder_3_to_8' in fileset 'sim_1'...
INFO: [USF-XSim-97] Finding global include files...
INFO: [USF-XSim-98] Fetching design files from 'sim_1'...
INFO: [USF-XSim-2] XSim::Compile design
INFO: [USF-XSim-61] Executing 'COMPILE and ANALYZE' step in 'C:/Users/DELL/Desktop/Nano-Processor-Design/Nanoprocessor Design/Nanoprocessor Design.sim/sim_1/behav/xsim'
"xvhdl --incr --relax -prj TB_Decoder_3_to_8_vhdl.prj"
INFO: [VRFC 10-163] Analyzing VHDL file "C:/Users/DELL/Desktop/Nano-Processor-Design/Nanoprocessor Design/Nanoprocessor Design.srcs/sources_1/new/Decoder_3_to_8.vhd" into library xil_defaultlib
INFO: [VRFC 10-307] analyzing entity Decoder_3_to_8
INFO: [USF-XSim-69] 'compile' step finished in '3' seconds
INFO: [USF-XSim-3] XSim::Elaborate design
INFO: [USF-XSim-61] Executing 'ELABORATE' step in 'C:/Users/DELL/Desktop/Nano-Processor-Design/Nanoprocessor Design/Nanoprocessor Design.sim/sim_1/behav/xsim'
Vivado Simulator 2018.1
Copyright 1986-1999, 2001-2017 Xilinx, Inc. All Rights Reserved.
Running: C:/Users/DELL/Desktop/Vivado/2018.1/bin/unwrapped/win64.o/xelab.exe -wto 617752e5099a40a7b7250529171906e2 --incr --debug typical --relax --mt 2 -L xil_defaultlib -L secureip --snapshot TB_Decoder_3_to_8_behav xil_defaultlib.TB_Decoder_3_to_8 -log elaborate.log 
Using 2 slave threads.
Starting static elaboration
Completed static elaboration
Starting simulation data flow analysis
Completed simulation data flow analysis
Time Resolution for simulation is 1ps
Compiling package std.standard
Compiling package std.textio
Compiling package ieee.std_logic_1164
Compiling architecture behavioral of entity xil_defaultlib.Decoder_2_to_4 [decoder_2_to_4_default]
Compiling architecture behavioral of entity xil_defaultlib.Decoder_3_to_8 [decoder_3_to_8_default]
Compiling architecture behavioral of entity xil_defaultlib.tb_decoder_3_to_8
Built simulation snapshot TB_Decoder_3_to_8_behav

****** Webtalk v2018.1 (64-bit)
  **** SW Build 2188600 on Wed Apr  4 18:40:38 MDT 2018
  **** IP Build 2185939 on Wed Apr  4 20:55:05 MDT 2018
    ** Copyright 1986-2018 Xilinx, Inc. All Rights Reserved.

source C:/Users/DELL/Desktop/Nano-Processor-Design/Nanoprocessor -notrace
couldn't read file "C:/Users/DELL/Desktop/Nano-Processor-Design/Nanoprocessor": permission denied
INFO: [Common 17-206] Exiting Webtalk at Wed Apr 29 15:09:04 2026...
INFO: [USF-XSim-69] 'elaborate' step finished in '5' seconds
INFO: [USF-XSim-4] XSim::Simulate design
INFO: [USF-XSim-61] Executing 'SIMULATE' step in 'C:/Users/DELL/Desktop/Nano-Processor-Design/Nanoprocessor Design/Nanoprocessor Design.sim/sim_1/behav/xsim'
INFO: [USF-XSim-98] *** Running xsim
   with args "TB_Decoder_3_to_8_behav -key {Behavioral:sim_1:Functional:TB_Decoder_3_to_8} -tclbatch {TB_Decoder_3_to_8.tcl} -log {simulate.log}"
INFO: [USF-XSim-8] Loading simulator feature
Vivado Simulator 2018.1
Time resolution is 1 ps
source TB_Decoder_3_to_8.tcl
# set curr_wave [current_wave_config]
# if { [string length $curr_wave] == 0 } {
#   if { [llength [get_objects]] > 0} {
#     add_wave /
#     set_property needs_save false [current_wave_config]
#   } else {
#      send_msg_id Add_Wave-1 WARNING "No top level signals found. Simulator will start without a wave window. If you want to open a wave window go to 'File->New Waveform Configuration' or type 'create_wave_config' in the TCL console."
#   }
# }
# run 1000ns
INFO: [USF-XSim-96] XSim completed. Design snapshot 'TB_Decoder_3_to_8_behav' loaded.
INFO: [USF-XSim-97] XSim simulation ran for 1000ns
launch_simulation: Time (s): cpu = 00:00:07 ; elapsed = 00:00:14 . Memory (MB): peak = 1954.523 ; gain = 8.641
set_property top Program_Counter_3bit [current_fileset]
update_compile_order -fileset sources_1
set_property top Program_Counter_3bit_tb [get_filesets sim_1]
set_property top_lib xil_defaultlib [get_filesets sim_1]
update_compile_order -fileset sim_1
reset_run synth_1
WARNING: [Vivado 12-1017] Problems encountered:
1. Failed to delete one or more files in run directory C:/Users/DELL/Desktop/Nano-Processor-Design/Nanoprocessor Design/Nanoprocessor Design.runs/synth_1

launch_runs synth_1 -jobs 2
[Wed Apr 29 15:11:56 2026] Launched synth_1...
Run output will be captured here: C:/Users/DELL/Desktop/Nano-Processor-Design/Nanoprocessor Design/Nanoprocessor Design.runs/synth_1/runme.log
launch_runs impl_1 -jobs 2
[Wed Apr 29 15:13:53 2026] Launched impl_1...
Run output will be captured here: C:/Users/DELL/Desktop/Nano-Processor-Design/Nanoprocessor Design/Nanoprocessor Design.runs/impl_1/runme.log
refresh_design
INFO: [Netlist 29-17] Analyzing 5 Unisim elements for replacement
INFO: [Netlist 29-28] Unisim Transformation completed in 0 CPU seconds
INFO: [Project 1-479] Netlist was created with Vivado 2018.1
INFO: [Project 1-570] Preparing netlist for logic optimization
INFO: [Timing 38-478] Restoring timing data from binary archive.
INFO: [Timing 38-479] Binary timing data restore complete.
INFO: [Project 1-856] Restoring constraints from binary archive.
INFO: [Project 1-853] Binary constraint restore complete.
Reading XDEF placement.
Reading placer database...
Reading XDEF routing.
Read XDEF File: Time (s): cpu = 00:00:00 ; elapsed = 00:00:00.078 . Memory (MB): peak = 1968.508 ; gain = 0.000
Restored from archive | CPU: 0.000000 secs | Memory: 0.000000 MB |
Finished XDEF File Restore: Time (s): cpu = 00:00:00 ; elapsed = 00:00:00.079 . Memory (MB): peak = 1968.508 ; gain = 0.000
refresh_design: Time (s): cpu = 00:00:11 ; elapsed = 00:00:14 . Memory (MB): peak = 1968.508 ; gain = 10.668
WARNING: [Timing 38-313] There are no user specified timing constraints. Timing constraints are needed for proper timing analysis.
current_sim simulation_1
close_sim
INFO: [Simtcl 6-16] Simulation closed
launch_simulation
INFO: [Vivado 12-5682] Launching behavioral simulation in 'C:/Users/DELL/Desktop/Nano-Processor-Design/Nanoprocessor Design/Nanoprocessor Design.sim/sim_1/behav/xsim'
INFO: [SIM-utils-51] Simulation object is 'sim_1'
INFO: [SIM-utils-54] Inspecting design source files for 'Program_Counter_3bit_tb' in fileset 'sim_1'...
INFO: [USF-XSim-97] Finding global include files...
INFO: [USF-XSim-98] Fetching design files from 'sim_1'...
INFO: [USF-XSim-2] XSim::Compile design
INFO: [USF-XSim-61] Executing 'COMPILE and ANALYZE' step in 'C:/Users/DELL/Desktop/Nano-Processor-Design/Nanoprocessor Design/Nanoprocessor Design.sim/sim_1/behav/xsim'
"xvhdl --incr --relax -prj Program_Counter_3bit_tb_vhdl.prj"
INFO: [VRFC 10-163] Analyzing VHDL file "C:/Users/DELL/Desktop/Nano-Processor-Design/Nanoprocessor Design/Nanoprocessor Design.srcs/sources_1/new/Program_Counter_3bit.vhd" into library xil_defaultlib
INFO: [VRFC 10-307] analyzing entity Program_Counter_3bit
INFO: [VRFC 10-163] Analyzing VHDL file "C:/Users/DELL/Desktop/Nano-Processor-Design/Nanoprocessor Design/Nanoprocessor Design.srcs/sim_1/new/Program_Counter_3bit_tb.vhd" into library xil_defaultlib
INFO: [VRFC 10-307] analyzing entity Program_Counter_3bit_tb
INFO: [USF-XSim-69] 'compile' step finished in '2' seconds
INFO: [USF-XSim-3] XSim::Elaborate design
INFO: [USF-XSim-61] Executing 'ELABORATE' step in 'C:/Users/DELL/Desktop/Nano-Processor-Design/Nanoprocessor Design/Nanoprocessor Design.sim/sim_1/behav/xsim'
Vivado Simulator 2018.1
Copyright 1986-1999, 2001-2017 Xilinx, Inc. All Rights Reserved.
Running: C:/Users/DELL/Desktop/Vivado/2018.1/bin/unwrapped/win64.o/xelab.exe -wto 617752e5099a40a7b7250529171906e2 --incr --debug typical --relax --mt 2 -L xil_defaultlib -L secureip --snapshot Program_Counter_3bit_tb_behav xil_defaultlib.Program_Counter_3bit_tb -log elaborate.log 
Using 2 slave threads.
Starting static elaboration
Completed static elaboration
Starting simulation data flow analysis
Completed simulation data flow analysis
Time Resolution for simulation is 1ps
Compiling package std.standard
Compiling package std.textio
Compiling package ieee.std_logic_1164
Compiling architecture behavioral of entity xil_defaultlib.Program_Counter_3bit [program_counter_3bit_default]
Compiling architecture behavioral of entity xil_defaultlib.program_counter_3bit_tb
Built simulation snapshot Program_Counter_3bit_tb_behav
INFO: [USF-XSim-69] 'elaborate' step finished in '3' seconds
INFO: [USF-XSim-4] XSim::Simulate design
INFO: [USF-XSim-61] Executing 'SIMULATE' step in 'C:/Users/DELL/Desktop/Nano-Processor-Design/Nanoprocessor Design/Nanoprocessor Design.sim/sim_1/behav/xsim'
INFO: [USF-XSim-98] *** Running xsim
   with args "Program_Counter_3bit_tb_behav -key {Behavioral:sim_1:Functional:Program_Counter_3bit_tb} -tclbatch {Program_Counter_3bit_tb.tcl} -log {simulate.log}"
INFO: [USF-XSim-8] Loading simulator feature
Vivado Simulator 2018.1
Time resolution is 1 ps
source Program_Counter_3bit_tb.tcl
# set curr_wave [current_wave_config]
# if { [string length $curr_wave] == 0 } {
#   if { [llength [get_objects]] > 0} {
#     add_wave /
#     set_property needs_save false [current_wave_config]
#   } else {
#      send_msg_id Add_Wave-1 WARNING "No top level signals found. Simulator will start without a wave window. If you want to open a wave window go to 'File->New Waveform Configuration' or type 'create_wave_config' in the TCL console."
#   }
# }
# run 1000ns
INFO: [USF-XSim-96] XSim completed. Design snapshot 'Program_Counter_3bit_tb_behav' loaded.
INFO: [USF-XSim-97] XSim simulation ran for 1000ns
launch_simulation: Time (s): cpu = 00:00:04 ; elapsed = 00:00:09 . Memory (MB): peak = 1968.508 ; gain = 0.000
set_property top Register_Bank [current_fileset]
update_compile_order -fileset sources_1
set_property top Register_Bank_tb [get_filesets sim_1]
set_property top_lib xil_defaultlib [get_filesets sim_1]
update_compile_order -fileset sim_1
reset_run synth_1
WARNING: [Vivado 12-1017] Problems encountered:
1. Failed to delete one or more files in run directory C:/Users/DELL/Desktop/Nano-Processor-Design/Nanoprocessor Design/Nanoprocessor Design.runs/synth_1

launch_runs synth_1 -jobs 2
[Wed Apr 29 15:18:10 2026] Launched synth_1...
Run output will be captured here: C:/Users/DELL/Desktop/Nano-Processor-Design/Nanoprocessor Design/Nanoprocessor Design.runs/synth_1/runme.log
launch_runs impl_1 -jobs 2
[Wed Apr 29 15:19:52 2026] Launched impl_1...
Run output will be captured here: C:/Users/DELL/Desktop/Nano-Processor-Design/Nanoprocessor Design/Nanoprocessor Design.runs/impl_1/runme.log
refresh_design
INFO: [Netlist 29-17] Analyzing 9 Unisim elements for replacement
INFO: [Netlist 29-28] Unisim Transformation completed in 0 CPU seconds
INFO: [Project 1-479] Netlist was created with Vivado 2018.1
INFO: [Project 1-570] Preparing netlist for logic optimization
INFO: [Timing 38-478] Restoring timing data from binary archive.
INFO: [Timing 38-479] Binary timing data restore complete.
INFO: [Project 1-856] Restoring constraints from binary archive.
INFO: [Project 1-853] Binary constraint restore complete.
Reading XDEF placement.
Reading placer database...
Reading XDEF routing.
Read XDEF File: Time (s): cpu = 00:00:00 ; elapsed = 00:00:00.098 . Memory (MB): peak = 1968.508 ; gain = 0.000
Restored from archive | CPU: 0.000000 secs | Memory: 0.000000 MB |
Finished XDEF File Restore: Time (s): cpu = 00:00:00 ; elapsed = 00:00:00.098 . Memory (MB): peak = 1968.508 ; gain = 0.000
refresh_design: Time (s): cpu = 00:00:12 ; elapsed = 00:00:14 . Memory (MB): peak = 1975.484 ; gain = 6.977
WARNING: [Timing 38-313] There are no user specified timing constraints. Timing constraints are needed for proper timing analysis.
launch_simulation
INFO: [Vivado 12-5682] Launching behavioral simulation in 'C:/Users/DELL/Desktop/Nano-Processor-Design/Nanoprocessor Design/Nanoprocessor Design.sim/sim_1/behav/xsim'
INFO: [SIM-utils-51] Simulation object is 'sim_1'
INFO: [SIM-utils-54] Inspecting design source files for 'Register_Bank_tb' in fileset 'sim_1'...
INFO: [USF-XSim-97] Finding global include files...
INFO: [USF-XSim-98] Fetching design files from 'sim_1'...
INFO: [USF-XSim-2] XSim::Compile design
INFO: [USF-XSim-61] Executing 'COMPILE and ANALYZE' step in 'C:/Users/DELL/Desktop/Nano-Processor-Design/Nanoprocessor Design/Nanoprocessor Design.sim/sim_1/behav/xsim'
"xvhdl --incr --relax -prj Register_Bank_tb_vhdl.prj"
INFO: [VRFC 10-163] Analyzing VHDL file "C:/Users/DELL/Desktop/Nano-Processor-Design/Nanoprocessor Design/Nanoprocessor Design.srcs/sources_1/imports/new/Reg.vhd" into library xil_defaultlib
INFO: [VRFC 10-307] analyzing entity Reg
INFO: [VRFC 10-163] Analyzing VHDL file "C:/Users/DELL/Desktop/Nano-Processor-Design/Nanoprocessor Design/Nanoprocessor Design.srcs/sources_1/new/Register_Bank.vhd" into library xil_defaultlib
INFO: [VRFC 10-307] analyzing entity Register_Bank
INFO: [VRFC 10-163] Analyzing VHDL file "C:/Users/DELL/Desktop/Nano-Processor-Design/Nanoprocessor Design/Nanoprocessor Design.srcs/sim_1/new/Register_Bank_tb.vhd" into library xil_defaultlib
INFO: [VRFC 10-307] analyzing entity Register_Bank_tb
INFO: [USF-XSim-69] 'compile' step finished in '2' seconds
INFO: [USF-XSim-3] XSim::Elaborate design
INFO: [USF-XSim-61] Executing 'ELABORATE' step in 'C:/Users/DELL/Desktop/Nano-Processor-Design/Nanoprocessor Design/Nanoprocessor Design.sim/sim_1/behav/xsim'
Vivado Simulator 2018.1
Copyright 1986-1999, 2001-2017 Xilinx, Inc. All Rights Reserved.
Running: C:/Users/DELL/Desktop/Vivado/2018.1/bin/unwrapped/win64.o/xelab.exe -wto 617752e5099a40a7b7250529171906e2 --incr --debug typical --relax --mt 2 -L xil_defaultlib -L secureip --snapshot Register_Bank_tb_behav xil_defaultlib.Register_Bank_tb -log elaborate.log 
Using 2 slave threads.
Starting static elaboration
ERROR: [VRFC 10-718] formal port <Res> does not exist in entity <Register_Bank>.  Please compare the definition of block <Register_Bank> to its component declaration and its instantion to detect the mismatch. [C:/Users/DELL/Desktop/Nano-Processor-Design/Nanoprocessor Design/Nanoprocessor Design.srcs/sim_1/new/Register_Bank_tb.vhd:35]
ERROR: [XSIM 43-3321] Static elaboration of top level VHDL design unit register_bank_tb in library work failed.
INFO: [USF-XSim-69] 'elaborate' step finished in '3' seconds
INFO: [USF-XSim-99] Step results log file:'C:/Users/DELL/Desktop/Nano-Processor-Design/Nanoprocessor Design/Nanoprocessor Design.sim/sim_1/behav/xsim/elaborate.log'
ERROR: [USF-XSim-62] 'elaborate' step failed with error(s). Please check the Tcl console output or 'C:/Users/DELL/Desktop/Nano-Processor-Design/Nanoprocessor Design/Nanoprocessor Design.sim/sim_1/behav/xsim/elaborate.log' file for more information.
ERROR: [Vivado 12-4473] Detected error while running simulation. Please correct the issue and retry this operation.
launch_simulation: Time (s): cpu = 00:00:00 ; elapsed = 00:00:05 . Memory (MB): peak = 1981.020 ; gain = 2.230
ERROR: [Common 17-39] 'launch_simulation' failed due to earlier errors.
close [ open {C:/Users/DELL/Desktop/Nano-Processor-Design/Nanoprocessor Design/Nanoprocessor Design.srcs/sources_1/new/Nano_processor.vhd} w ]
add_files {{C:/Users/DELL/Desktop/Nano-Processor-Design/Nanoprocessor Design/Nanoprocessor Design.srcs/sources_1/new/Nano_processor.vhd}}
update_compile_order -fileset sources_1
set_property SOURCE_SET sources_1 [get_filesets sim_1]
close [ open {C:/Users/DELL/Desktop/Nano-Processor-Design/Nanoprocessor Design/Nanoprocessor Design.srcs/sim_1/new/tb_Nano_processor.vhd} w ]
add_files -fileset sim_1 {{C:/Users/DELL/Desktop/Nano-Processor-Design/Nanoprocessor Design/Nanoprocessor Design.srcs/sim_1/new/tb_Nano_processor.vhd}}
update_compile_order -fileset sim_1
close [ open {C:/Users/DELL/Desktop/Nano-Processor-Design/Nanoprocessor Design/Nanoprocessor Design.srcs/sources_1/new/Top_Module.vhd} w ]
add_files {{C:/Users/DELL/Desktop/Nano-Processor-Design/Nanoprocessor Design/Nanoprocessor Design.srcs/sources_1/new/Top_Module.vhd}}
update_compile_order -fileset sources_1
close [ open {C:/Users/DELL/Desktop/Nano-Processor-Design/Nanoprocessor Design/Nanoprocessor Design.srcs/sources_1/new/Register_Memory.vhd} w ]
add_files {{C:/Users/DELL/Desktop/Nano-Processor-Design/Nanoprocessor Design/Nanoprocessor Design.srcs/sources_1/new/Register_Memory.vhd}}
update_compile_order -fileset sources_1
export_ip_user_files -of_objects  [get_files {{C:/Users/DELL/Desktop/Nano-Processor-Design/Nanoprocessor Design/Nanoprocessor Design.srcs/sources_1/new/Register_Bank.vhd}}] -no_script -reset -force -quiet
remove_files  {{C:/Users/DELL/Desktop/Nano-Processor-Design/Nanoprocessor Design/Nanoprocessor Design.srcs/sources_1/new/Register_Bank.vhd}}
update_compile_order -fileset sources_1
export_ip_user_files -of_objects  [get_files {{C:/Users/DELL/Desktop/Nano-Processor-Design/Nanoprocessor Design/Nanoprocessor Design.srcs/sim_1/new/Register_Bank_tb.vhd}}] -no_script -reset -force -quiet
remove_files  -fileset sim_1 {{C:/Users/DELL/Desktop/Nano-Processor-Design/Nanoprocessor Design/Nanoprocessor Design.srcs/sim_1/new/Register_Bank_tb.vhd}}
update_compile_order -fileset sim_1
close_sim
INFO: [Simtcl 6-16] Simulation closed
close_sim: Time (s): cpu = 00:00:02 ; elapsed = 00:00:08 . Memory (MB): peak = 2111.707 ; gain = 0.000
close_sim
INFO: [Simtcl 6-16] Simulation closed
exit
INFO: [Common 17-206] Exiting Vivado at Wed Apr 29 16:11:33 2026...
