#-----------------------------------------------------------
# Vivado v2018.1 (64-bit)
# SW Build 2188600 on Wed Apr  4 18:40:38 MDT 2018
# IP Build 2185939 on Wed Apr  4 20:55:05 MDT 2018
# Start of session at: Tue Apr 28 10:47:44 2026
# Process ID: 9124
# Current directory: C:/Users/DELL/Desktop/Nano-Processor-Design/Nanoprocessor Design
# Command line: vivado.exe -gui_launcher_event rodinguilauncherevent12812 C:\Users\DELL\Desktop\Nano-Processor-Design\Nanoprocessor Design\Nanoprocessor Design.xpr
# Log file: C:/Users/DELL/Desktop/Nano-Processor-Design/Nanoprocessor Design/vivado.log
# Journal file: C:/Users/DELL/Desktop/Nano-Processor-Design/Nanoprocessor Design\vivado.jou
#-----------------------------------------------------------
start_gui
open_project {C:/Users/DELL/Desktop/Nano-Processor-Design/Nanoprocessor Design/Nanoprocessor Design.xpr}
INFO: [Project 1-313] Project file moved from 'C:/Users/USER/OneDrive/Desktop/GithubFiles/Nano_Processor/Nanoprocessor Design' since last save.
CRITICAL WARNING: [Project 1-311] Could not find the file 'C:/Users/DELL/Vivado/Lab 3/Lab 3.srcs/sources_1/new/FA.vhd', nor could it be found using path 'C:/Users/USER/OneDrive/Desktop/Vivado/Lab 3/Lab 3.srcs/sources_1/new/FA.vhd'.
CRITICAL WARNING: [Project 1-311] Could not find the file 'C:/Users/DELL/Vivado/Lab 3/Lab 3.srcs/sources_1/new/HA.vhd', nor could it be found using path 'C:/Users/USER/OneDrive/Desktop/Vivado/Lab 3/Lab 3.srcs/sources_1/new/HA.vhd'.
CRITICAL WARNING: [Project 1-311] Could not find the file 'C:/Users/DELL/Vivado/Lab 3/Lab 3.srcs/sources_1/new/RCA_4.vhd', nor could it be found using path 'C:/Users/USER/OneDrive/Desktop/Vivado/Lab 3/Lab 3.srcs/sources_1/new/RCA_4.vhd'.
CRITICAL WARNING: [Project 1-311] Could not find the file 'C:/Users/DELL/Vivado/Lab 3/Lab 3.srcs/sim_1/new/TB_HA.vhd', nor could it be found using path 'C:/Users/USER/OneDrive/Desktop/Vivado/Lab 3/Lab 3.srcs/sim_1/new/TB_HA.vhd'.
CRITICAL WARNING: [Project 1-311] Could not find the file 'C:/Users/DELL/Vivado/Lab 3/Lab 3.srcs/sim_1/new/TB_FA.vhd', nor could it be found using path 'C:/Users/USER/OneDrive/Desktop/Vivado/Lab 3/Lab 3.srcs/sim_1/new/TB_FA.vhd'.
CRITICAL WARNING: [Project 1-311] Could not find the file 'C:/Users/DELL/Vivado/Lab 3/Lab 3.srcs/sim_1/new/TB_4_RCA.vhd', nor could it be found using path 'C:/Users/USER/OneDrive/Desktop/Vivado/Lab 3/Lab 3.srcs/sim_1/new/TB_4_RCA.vhd'.
Scanning sources...
Finished scanning sources
INFO: [IP_Flow 19-234] Refreshing IP repositories
INFO: [IP_Flow 19-1704] No user IP repositories specified
INFO: [IP_Flow 19-2313] Loaded Vivado IP repository 'C:/Users/DELL/Desktop/Vivado/2018.1/data/ip'.
open_project: Time (s): cpu = 00:00:14 ; elapsed = 00:00:11 . Memory (MB): peak = 818.883 ; gain = 62.516
update_compile_order -fileset sources_1
update_compile_order -fileset sim_1
exit
INFO: [Common 17-206] Exiting Vivado at Tue Apr 28 10:49:13 2026...
