#-----------------------------------------------------------
# Vivado v2018.1 (64-bit)
# SW Build 2188600 on Wed Apr  4 18:40:38 MDT 2018
# IP Build 2185939 on Wed Apr  4 20:55:05 MDT 2018
# Start of session at: Thu Apr 30 17:56:48 2026
# Process ID: 3824
# Current directory: C:/Users/DELL/Desktop/Nano-Processor-Design/Nanoprocessor Design
# Command line: vivado.exe -gui_launcher_event rodinguilauncherevent11152 C:\Users\DELL\Desktop\Nano-Processor-Design\Nanoprocessor Design\Nanoprocessor Design.xpr
# Log file: C:/Users/DELL/Desktop/Nano-Processor-Design/Nanoprocessor Design/vivado.log
# Journal file: C:/Users/DELL/Desktop/Nano-Processor-Design/Nanoprocessor Design\vivado.jou
#-----------------------------------------------------------
start_gui
open_project {C:/Users/DELL/Desktop/Nano-Processor-Design/Nanoprocessor Design/Nanoprocessor Design.xpr}
Scanning sources...
Finished scanning sources
INFO: [IP_Flow 19-234] Refreshing IP repositories
INFO: [IP_Flow 19-1704] No user IP repositories specified
INFO: [IP_Flow 19-2313] Loaded Vivado IP repository 'C:/Users/DELL/Desktop/Vivado/2018.1/data/ip'.
open_project: Time (s): cpu = 00:00:19 ; elapsed = 00:00:14 . Memory (MB): peak = 840.961 ; gain = 86.457
update_compile_order -fileset sources_1
add_files -norecurse -scan_for_includes {{C:/Users/DELL/Desktop/Nano-Processor-Design/Nanoprocessor Design/Nanoprocessor Design.srcs/sources_1/new/Program_ROM.vhd}}
update_compile_order -fileset sources_1
exit
INFO: [Common 17-206] Exiting Vivado at Thu Apr 30 19:06:15 2026...
