#-----------------------------------------------------------
# Vivado v2018.1 (64-bit)
# SW Build 2188600 on Wed Apr  4 18:40:38 MDT 2018
# IP Build 2185939 on Wed Apr  4 20:55:05 MDT 2018
# Start of session at: Tue Apr 28 10:49:16 2026
# Process ID: 11624
# Current directory: C:/Users/DELL/Desktop/Nano-Processor-Design/Nanoprocessor Design
# Command line: vivado.exe -gui_launcher_event rodinguilauncherevent12592 C:\Users\DELL\Desktop\Nano-Processor-Design\Nanoprocessor Design\Nanoprocessor Design.xpr
# Log file: C:/Users/DELL/Desktop/Nano-Processor-Design/Nanoprocessor Design/vivado.log
# Journal file: C:/Users/DELL/Desktop/Nano-Processor-Design/Nanoprocessor Design\vivado.jou
#-----------------------------------------------------------
start_gui
open_project {C:/Users/DELL/Desktop/Nano-Processor-Design/Nanoprocessor Design/Nanoprocessor Design.xpr}
CRITICAL WARNING: [Project 1-19] Could not find the file 'C:/Users/DELL/Vivado/Lab 3/Lab 3.srcs/sources_1/new/FA.vhd'.
CRITICAL WARNING: [Project 1-19] Could not find the file 'C:/Users/DELL/Vivado/Lab 3/Lab 3.srcs/sources_1/new/HA.vhd'.
CRITICAL WARNING: [Project 1-19] Could not find the file 'C:/Users/DELL/Vivado/Lab 3/Lab 3.srcs/sources_1/new/RCA_4.vhd'.
CRITICAL WARNING: [Project 1-19] Could not find the file 'C:/Users/DELL/Vivado/Lab 3/Lab 3.srcs/sim_1/new/TB_HA.vhd'.
CRITICAL WARNING: [Project 1-19] Could not find the file 'C:/Users/DELL/Vivado/Lab 3/Lab 3.srcs/sim_1/new/TB_FA.vhd'.
CRITICAL WARNING: [Project 1-19] Could not find the file 'C:/Users/DELL/Vivado/Lab 3/Lab 3.srcs/sim_1/new/TB_4_RCA.vhd'.
Scanning sources...
Finished scanning sources
INFO: [IP_Flow 19-234] Refreshing IP repositories
INFO: [IP_Flow 19-1704] No user IP repositories specified
INFO: [IP_Flow 19-2313] Loaded Vivado IP repository 'C:/Users/DELL/Desktop/Vivado/2018.1/data/ip'.
open_project: Time (s): cpu = 00:00:14 ; elapsed = 00:00:10 . Memory (MB): peak = 834.535 ; gain = 48.133
update_compile_order -fileset sources_1
export_ip_user_files -of_objects  [get_files {{C:/Users/DELL/Vivado/Lab 3/Lab 3.srcs/sources_1/new/FA.vhd}}] -no_script -reset -force -quiet
remove_files  {{C:/Users/DELL/Vivado/Lab 3/Lab 3.srcs/sources_1/new/FA.vhd}}
export_ip_user_files -of_objects  [get_files {{C:/Users/DELL/Vivado/Lab 3/Lab 3.srcs/sources_1/new/HA.vhd}}] -no_script -reset -force -quiet
remove_files  {{C:/Users/DELL/Vivado/Lab 3/Lab 3.srcs/sources_1/new/HA.vhd}}
export_ip_user_files -of_objects  [get_files {{C:/Users/DELL/Vivado/Lab 3/Lab 3.srcs/sources_1/new/RCA_4.vhd}}] -no_script -reset -force -quiet
remove_files  {{C:/Users/DELL/Vivado/Lab 3/Lab 3.srcs/sources_1/new/RCA_4.vhd}}
add_files -norecurse -scan_for_includes {{C:/Users/DELL/Desktop/Nano-Processor-Design/Nanoprocessor Design/Nanoprocessor Design.srcs/sources_1/new/HA.vhd} {C:/Users/DELL/Desktop/Nano-Processor-Design/Nanoprocessor Design/Nanoprocessor Design.srcs/sources_1/new/RCA_4.vhd} {C:/Users/DELL/Desktop/Nano-Processor-Design/Nanoprocessor Design/Nanoprocessor Design.srcs/sources_1/new/FA.vhd}}
update_compile_order -fileset sources_1
set_property SOURCE_SET sources_1 [get_filesets sim_1]
add_files -fileset sim_1 -norecurse -scan_for_includes {{C:/Users/DELL/Desktop/Nano-Processor-Design/Nanoprocessor Design/Nanoprocessor Design.srcs/sim_1/new/TB_FA.vhd} {C:/Users/DELL/Desktop/Nano-Processor-Design/Nanoprocessor Design/Nanoprocessor Design.srcs/sim_1/new/TB_HA.vhd} {C:/Users/DELL/Desktop/Nano-Processor-Design/Nanoprocessor Design/Nanoprocessor Design.srcs/sim_1/new/TB_RCA_4.vhd}}
import_files -fileset sim_1 -norecurse {{C:/Users/DELL/Desktop/Nano-Processor-Design/Nanoprocessor Design/Nanoprocessor Design.srcs/sim_1/new/TB_FA.vhd} {C:/Users/DELL/Desktop/Nano-Processor-Design/Nanoprocessor Design/Nanoprocessor Design.srcs/sim_1/new/TB_HA.vhd} {C:/Users/DELL/Desktop/Nano-Processor-Design/Nanoprocessor Design/Nanoprocessor Design.srcs/sim_1/new/TB_RCA_4.vhd}}
update_compile_order -fileset sim_1
update_compile_order -fileset sim_1
add_files -norecurse -scan_for_includes {{C:/Users/DELL/Desktop/Lab 7/Lab 7.srcs/sources_1/new/Slow_Clk.vhd} {C:/Users/DELL/Desktop/Lab 7/Lab 7.srcs/sources_1/new/AU_7Seg.vhd} {C:/Users/DELL/Desktop/Lab 7/Lab 7.srcs/sources_1/new/AU.vhd} {C:/Users/DELL/Desktop/Lab 7/Lab 7.srcs/sources_1/new/LUT_16_7.vhd} {C:/Users/DELL/Desktop/Lab 7/Lab 7.srcs/sources_1/new/Reg.vhd}}
import_files -norecurse {{C:/Users/DELL/Desktop/Lab 7/Lab 7.srcs/sources_1/new/Slow_Clk.vhd} {C:/Users/DELL/Desktop/Lab 7/Lab 7.srcs/sources_1/new/AU_7Seg.vhd} {C:/Users/DELL/Desktop/Lab 7/Lab 7.srcs/sources_1/new/AU.vhd} {C:/Users/DELL/Desktop/Lab 7/Lab 7.srcs/sources_1/new/LUT_16_7.vhd} {C:/Users/DELL/Desktop/Lab 7/Lab 7.srcs/sources_1/new/Reg.vhd}}
update_compile_order -fileset sources_1
update_compile_order -fileset sources_1
set_property SOURCE_SET sources_1 [get_filesets sim_1]
add_files -fileset sim_1 -norecurse -scan_for_includes {{C:/Users/DELL/Desktop/Lab 7/Lab 7.srcs/sim_1/new/TB_AU_7Seg.vhd} {C:/Users/DELL/Desktop/Lab 7/Lab 7.srcs/sim_1/new/TB_LUT_16_7.vhd}}
import_files -fileset sim_1 -norecurse {{C:/Users/DELL/Desktop/Lab 7/Lab 7.srcs/sim_1/new/TB_AU_7Seg.vhd} {C:/Users/DELL/Desktop/Lab 7/Lab 7.srcs/sim_1/new/TB_LUT_16_7.vhd}}
update_compile_order -fileset sim_1
exit
INFO: [Common 17-206] Exiting Vivado at Tue Apr 28 11:21:49 2026...
