#-----------------------------------------------------------
# Vivado v2018.1 (64-bit)
# SW Build 2188600 on Wed Apr  4 18:40:38 MDT 2018
# IP Build 2185939 on Wed Apr  4 20:55:05 MDT 2018
# Start of session at: Tue Apr 28 13:02:13 2026
# Process ID: 12416
# Current directory: C:/Users/DELL/Desktop/Nano-Processor-Design/Nanoprocessor Design
# Command line: vivado.exe -gui_launcher_event rodinguilauncherevent3440 C:\Users\DELL\Desktop\Nano-Processor-Design\Nanoprocessor Design\Nanoprocessor Design.xpr
# Log file: C:/Users/DELL/Desktop/Nano-Processor-Design/Nanoprocessor Design/vivado.log
# Journal file: C:/Users/DELL/Desktop/Nano-Processor-Design/Nanoprocessor Design\vivado.jou
#-----------------------------------------------------------
start_gui
open_project {C:/Users/DELL/Desktop/Nano-Processor-Design/Nanoprocessor Design/Nanoprocessor Design.xpr}
INFO: [Project 1-313] Project file moved from 'C:/Users/USER/OneDrive/Desktop/GithubFiles/Nano_Processor/Nanoprocessor Design' since last save.
CRITICAL WARNING: [Project 1-311] Could not find the file 'C:/Users/DELL/Vivado/Lab 4/Lab 4.srcs/sources_1/new/Decoder_2_to_4.vhd', nor could it be found using path 'C:/Users/USER/OneDrive/Desktop/Vivado/Lab 4/Lab 4.srcs/sources_1/new/Decoder_2_to_4.vhd'.
CRITICAL WARNING: [Project 1-311] Could not find the file 'C:/Users/DELL/Vivado/Lab 4/Lab 4.srcs/sources_1/new/Decoder_3_to_8.vhd', nor could it be found using path 'C:/Users/USER/OneDrive/Desktop/Vivado/Lab 4/Lab 4.srcs/sources_1/new/Decoder_3_to_8.vhd'.
CRITICAL WARNING: [Project 1-311] Could not find the file 'C:/Users/DELL/Vivado/Lab 4/Lab 4.srcs/sources_1/new/Mux_8_to_1.vhd', nor could it be found using path 'C:/Users/USER/OneDrive/Desktop/Vivado/Lab 4/Lab 4.srcs/sources_1/new/Mux_8_to_1.vhd'.
CRITICAL WARNING: [Project 1-311] Could not find the file 'C:/Users/DELL/Vivado/Lab 3/Lab 3.srcs/sim_1/new/TB_HA.vhd', nor could it be found using path 'C:/Users/USER/OneDrive/Desktop/Vivado/Lab 3/Lab 3.srcs/sim_1/new/TB_HA.vhd'.
CRITICAL WARNING: [Project 1-311] Could not find the file 'C:/Users/DELL/Vivado/Lab 3/Lab 3.srcs/sim_1/new/TB_FA.vhd', nor could it be found using path 'C:/Users/USER/OneDrive/Desktop/Vivado/Lab 3/Lab 3.srcs/sim_1/new/TB_FA.vhd'.
CRITICAL WARNING: [Project 1-311] Could not find the file 'C:/Users/DELL/Vivado/Lab 3/Lab 3.srcs/sim_1/new/TB_4_RCA.vhd', nor could it be found using path 'C:/Users/USER/OneDrive/Desktop/Vivado/Lab 3/Lab 3.srcs/sim_1/new/TB_4_RCA.vhd'.
CRITICAL WARNING: [Project 1-311] Could not find the file 'C:/Users/DELL/Vivado/Lab 4/Lab 4.srcs/sim_1/new/TB_Decoder_3_to_8.vhd', nor could it be found using path 'C:/Users/USER/OneDrive/Desktop/Vivado/Lab 4/Lab 4.srcs/sim_1/new/TB_Decoder_3_to_8.vhd'.
CRITICAL WARNING: [Project 1-311] Could not find the file 'C:/Users/DELL/Vivado/Lab 4/Lab 4.srcs/sim_1/new/TB_Decoder_2_to_4.vhd', nor could it be found using path 'C:/Users/USER/OneDrive/Desktop/Vivado/Lab 4/Lab 4.srcs/sim_1/new/TB_Decoder_2_to_4.vhd'.
CRITICAL WARNING: [Project 1-311] Could not find the file 'C:/Users/DELL/Vivado/Lab 4/Lab 4.srcs/sim_1/new/TB_Mux_8_to_1.vhd', nor could it be found using path 'C:/Users/USER/OneDrive/Desktop/Vivado/Lab 4/Lab 4.srcs/sim_1/new/TB_Mux_8_to_1.vhd'.
Scanning sources...
Finished scanning sources
INFO: [IP_Flow 19-234] Refreshing IP repositories
INFO: [IP_Flow 19-1704] No user IP repositories specified
INFO: [IP_Flow 19-2313] Loaded Vivado IP repository 'C:/Users/DELL/Desktop/Vivado/2018.1/data/ip'.
open_project: Time (s): cpu = 00:00:16 ; elapsed = 00:00:10 . Memory (MB): peak = 833.871 ; gain = 81.562
update_compile_order -fileset sources_1
add_files -fileset constrs_1 -norecurse C:/Users/DELL/Desktop/Constaints.xdc
import_files -fileset constrs_1 C:/Users/DELL/Desktop/Constaints.xdc
close [ open {C:/Users/DELL/Desktop/Nano-Processor-Design/Nanoprocessor Design/Nanoprocessor Design.srcs/sources_1/new/D_FF.vhd} w ]
add_files {{C:/Users/DELL/Desktop/Nano-Processor-Design/Nanoprocessor Design/Nanoprocessor Design.srcs/sources_1/new/D_FF.vhd}}
update_compile_order -fileset sources_1
set_property SOURCE_SET sources_1 [get_filesets sim_1]
close [ open {C:/Users/DELL/Desktop/Nano-Processor-Design/Nanoprocessor Design/Nanoprocessor Design.srcs/sim_1/new/D_FF_Sim.vhd} w ]
add_files -fileset sim_1 {{C:/Users/DELL/Desktop/Nano-Processor-Design/Nanoprocessor Design/Nanoprocessor Design.srcs/sim_1/new/D_FF_Sim.vhd}}
update_compile_order -fileset sim_1
close [ open {C:/Users/DELL/Desktop/Nano-Processor-Design/Nanoprocessor Design/Nanoprocessor Design.srcs/sources_1/new/Counter.vhd} w ]
add_files {{C:/Users/DELL/Desktop/Nano-Processor-Design/Nanoprocessor Design/Nanoprocessor Design.srcs/sources_1/new/Counter.vhd}}
update_compile_order -fileset sources_1
update_compile_order -fileset sources_1
set_property SOURCE_SET sources_1 [get_filesets sim_1]
close [ open {C:/Users/DELL/Desktop/Nano-Processor-Design/Nanoprocessor Design/Nanoprocessor Design.srcs/sim_1/new/Counter_Sim.vhd} w ]
add_files -fileset sim_1 {{C:/Users/DELL/Desktop/Nano-Processor-Design/Nanoprocessor Design/Nanoprocessor Design.srcs/sim_1/new/Counter_Sim.vhd}}
update_compile_order -fileset sim_1
set_property top D_FF [get_filesets sim_1]
set_property top_lib xil_defaultlib [get_filesets sim_1]
update_compile_order -fileset sim_1
set_property top D_FF [current_fileset]
update_compile_order -fileset sources_1
set_property top D_FF_Sim [get_filesets sim_1]
set_property top_lib xil_defaultlib [get_filesets sim_1]
update_compile_order -fileset sim_1
reset_run synth_1
launch_runs synth_1 -jobs 2
[Tue Apr 28 14:05:06 2026] Launched synth_1...
Run output will be captured here: C:/Users/DELL/Desktop/Nano-Processor-Design/Nanoprocessor Design/Nanoprocessor Design.runs/synth_1/runme.log
launch_runs impl_1 -jobs 2
[Tue Apr 28 14:06:44 2026] Launched impl_1...
Run output will be captured here: C:/Users/DELL/Desktop/Nano-Processor-Design/Nanoprocessor Design/Nanoprocessor Design.runs/impl_1/runme.log
open_run impl_1
INFO: [Netlist 29-17] Analyzing 3 Unisim elements for replacement
INFO: [Netlist 29-28] Unisim Transformation completed in 0 CPU seconds
INFO: [Project 1-479] Netlist was created with Vivado 2018.1
INFO: [Device 21-403] Loading part xc7a35tcpg236-1
INFO: [Project 1-570] Preparing netlist for logic optimization
INFO: [Timing 38-478] Restoring timing data from binary archive.
INFO: [Timing 38-479] Binary timing data restore complete.
INFO: [Project 1-856] Restoring constraints from binary archive.
INFO: [Project 1-853] Binary constraint restore complete.
Reading XDEF placement.
Reading placer database...
Reading XDEF routing.
Read XDEF File: Time (s): cpu = 00:00:00 ; elapsed = 00:00:00.074 . Memory (MB): peak = 1700.746 ; gain = 0.000
Restored from archive | CPU: 0.000000 secs | Memory: 0.000000 MB |
Finished XDEF File Restore: Time (s): cpu = 00:00:00 ; elapsed = 00:00:00.074 . Memory (MB): peak = 1700.746 ; gain = 0.000
INFO: [Project 1-111] Unisim Transformation Summary:
No Unisim elements were transformed.

open_run: Time (s): cpu = 00:00:52 ; elapsed = 00:00:48 . Memory (MB): peak = 1768.707 ; gain = 872.781
WARNING: [Timing 38-313] There are no user specified timing constraints. Timing constraints are needed for proper timing analysis.
launch_simulation
INFO: [Vivado 12-5682] Launching behavioral simulation in 'C:/Users/DELL/Desktop/Nano-Processor-Design/Nanoprocessor Design/Nanoprocessor Design.sim/sim_1/behav/xsim'
INFO: [SIM-utils-51] Simulation object is 'sim_1'
INFO: [SIM-utils-54] Inspecting design source files for 'D_FF_Sim' in fileset 'sim_1'...
INFO: [USF-XSim-97] Finding global include files...
INFO: [USF-XSim-98] Fetching design files from 'sim_1'...
INFO: [USF-XSim-2] XSim::Compile design
INFO: [USF-XSim-61] Executing 'COMPILE and ANALYZE' step in 'C:/Users/DELL/Desktop/Nano-Processor-Design/Nanoprocessor Design/Nanoprocessor Design.sim/sim_1/behav/xsim'
"xvhdl --incr --relax -prj D_FF_Sim_vhdl.prj"
INFO: [VRFC 10-163] Analyzing VHDL file "C:/Users/DELL/Desktop/Nano-Processor-Design/Nanoprocessor Design/Nanoprocessor Design.srcs/sources_1/new/D_FF.vhd" into library xil_defaultlib
INFO: [VRFC 10-307] analyzing entity D_FF
INFO: [VRFC 10-163] Analyzing VHDL file "C:/Users/DELL/Desktop/Nano-Processor-Design/Nanoprocessor Design/Nanoprocessor Design.srcs/sim_1/new/D_FF_Sim.vhd" into library xil_defaultlib
INFO: [VRFC 10-307] analyzing entity D_FF_Sim
INFO: [USF-XSim-69] 'compile' step finished in '2' seconds
INFO: [USF-XSim-3] XSim::Elaborate design
INFO: [USF-XSim-61] Executing 'ELABORATE' step in 'C:/Users/DELL/Desktop/Nano-Processor-Design/Nanoprocessor Design/Nanoprocessor Design.sim/sim_1/behav/xsim'
Vivado Simulator 2018.1
Copyright 1986-1999, 2001-2017 Xilinx, Inc. All Rights Reserved.
Running: C:/Users/DELL/Desktop/Vivado/2018.1/bin/unwrapped/win64.o/xelab.exe -wto 617752e5099a40a7b7250529171906e2 --incr --debug typical --relax --mt 2 -L xil_defaultlib -L secureip --snapshot D_FF_Sim_behav xil_defaultlib.D_FF_Sim -log elaborate.log 
Using 2 slave threads.
Starting static elaboration
Completed static elaboration
Starting simulation data flow analysis
Completed simulation data flow analysis
Time Resolution for simulation is 1ps
Compiling package std.standard
Compiling package std.textio
Compiling package ieee.std_logic_1164
Compiling architecture behavioral of entity xil_defaultlib.D_FF [d_ff_default]
Compiling architecture behavioral of entity xil_defaultlib.d_ff_sim
Built simulation snapshot D_FF_Sim_behav

****** Webtalk v2018.1 (64-bit)
  **** SW Build 2188600 on Wed Apr  4 18:40:38 MDT 2018
  **** IP Build 2185939 on Wed Apr  4 20:55:05 MDT 2018
    ** Copyright 1986-2018 Xilinx, Inc. All Rights Reserved.

source C:/Users/DELL/Desktop/Nano-Processor-Design/Nanoprocessor -notrace
couldn't read file "C:/Users/DELL/Desktop/Nano-Processor-Design/Nanoprocessor": permission denied
INFO: [Common 17-206] Exiting Webtalk at Tue Apr 28 14:10:00 2026...
run_program: Time (s): cpu = 00:00:01 ; elapsed = 00:00:06 . Memory (MB): peak = 1779.168 ; gain = 0.000
INFO: [USF-XSim-69] 'elaborate' step finished in '6' seconds
INFO: [USF-XSim-4] XSim::Simulate design
INFO: [USF-XSim-61] Executing 'SIMULATE' step in 'C:/Users/DELL/Desktop/Nano-Processor-Design/Nanoprocessor Design/Nanoprocessor Design.sim/sim_1/behav/xsim'
INFO: [USF-XSim-98] *** Running xsim
   with args "D_FF_Sim_behav -key {Behavioral:sim_1:Functional:D_FF_Sim} -tclbatch {D_FF_Sim.tcl} -log {simulate.log}"
INFO: [USF-XSim-8] Loading simulator feature
Vivado Simulator 2018.1
Time resolution is 1 ps
source D_FF_Sim.tcl
# set curr_wave [current_wave_config]
# if { [string length $curr_wave] == 0 } {
#   if { [llength [get_objects]] > 0} {
#     add_wave /
#     set_property needs_save false [current_wave_config]
#   } else {
#      send_msg_id Add_Wave-1 WARNING "No top level signals found. Simulator will start without a wave window. If you want to open a wave window go to 'File->New Waveform Configuration' or type 'create_wave_config' in the TCL console."
#   }
# }
# run 1000ns
INFO: [USF-XSim-96] XSim completed. Design snapshot 'D_FF_Sim_behav' loaded.
INFO: [USF-XSim-97] XSim simulation ran for 1000ns
launch_simulation: Time (s): cpu = 00:00:13 ; elapsed = 00:00:15 . Memory (MB): peak = 1787.637 ; gain = 8.469
set_property top Counter [current_fileset]
update_compile_order -fileset sources_1
set_property top Counter_Sim [get_filesets sim_1]
set_property top_lib xil_defaultlib [get_filesets sim_1]
update_compile_order -fileset sim_1
reset_run synth_1
WARNING: [Vivado 12-1017] Problems encountered:
1. Failed to delete one or more files in run directory C:/Users/DELL/Desktop/Nano-Processor-Design/Nanoprocessor Design/Nanoprocessor Design.runs/synth_1

launch_runs synth_1 -jobs 2
[Tue Apr 28 14:11:16 2026] Launched synth_1...
Run output will be captured here: C:/Users/DELL/Desktop/Nano-Processor-Design/Nanoprocessor Design/Nanoprocessor Design.runs/synth_1/runme.log
launch_runs impl_1 -jobs 2
[Tue Apr 28 14:12:55 2026] Launched impl_1...
Run output will be captured here: C:/Users/DELL/Desktop/Nano-Processor-Design/Nanoprocessor Design/Nanoprocessor Design.runs/impl_1/runme.log
refresh_design
INFO: [Netlist 29-17] Analyzing 11 Unisim elements for replacement
INFO: [Netlist 29-28] Unisim Transformation completed in 0 CPU seconds
INFO: [Project 1-479] Netlist was created with Vivado 2018.1
INFO: [Project 1-570] Preparing netlist for logic optimization
INFO: [Timing 38-478] Restoring timing data from binary archive.
INFO: [Timing 38-479] Binary timing data restore complete.
INFO: [Project 1-856] Restoring constraints from binary archive.
INFO: [Project 1-853] Binary constraint restore complete.
Reading XDEF placement.
Reading placer database...
Reading XDEF routing.
Read XDEF File: Time (s): cpu = 00:00:00 ; elapsed = 00:00:00.089 . Memory (MB): peak = 1800.301 ; gain = 0.000
Restored from archive | CPU: 0.000000 secs | Memory: 0.000000 MB |
Finished XDEF File Restore: Time (s): cpu = 00:00:00 ; elapsed = 00:00:00.089 . Memory (MB): peak = 1800.301 ; gain = 0.000
refresh_design: Time (s): cpu = 00:00:19 ; elapsed = 00:00:12 . Memory (MB): peak = 1855.547 ; gain = 61.875
WARNING: [Timing 38-313] There are no user specified timing constraints. Timing constraints are needed for proper timing analysis.
launch_simulation
INFO: [Vivado 12-5682] Launching behavioral simulation in 'C:/Users/DELL/Desktop/Nano-Processor-Design/Nanoprocessor Design/Nanoprocessor Design.sim/sim_1/behav/xsim'
INFO: [SIM-utils-51] Simulation object is 'sim_1'
INFO: [SIM-utils-54] Inspecting design source files for 'Counter_Sim' in fileset 'sim_1'...
INFO: [USF-XSim-97] Finding global include files...
INFO: [USF-XSim-98] Fetching design files from 'sim_1'...
INFO: [USF-XSim-2] XSim::Compile design
INFO: [USF-XSim-61] Executing 'COMPILE and ANALYZE' step in 'C:/Users/DELL/Desktop/Nano-Processor-Design/Nanoprocessor Design/Nanoprocessor Design.sim/sim_1/behav/xsim'
"xvhdl --incr --relax -prj Counter_Sim_vhdl.prj"
INFO: [VRFC 10-163] Analyzing VHDL file "C:/Users/DELL/Desktop/Nano-Processor-Design/Nanoprocessor Design/Nanoprocessor Design.srcs/sources_1/new/Counter.vhd" into library xil_defaultlib
INFO: [VRFC 10-307] analyzing entity Counter
INFO: [VRFC 10-163] Analyzing VHDL file "C:/Users/DELL/Desktop/Nano-Processor-Design/Nanoprocessor Design/Nanoprocessor Design.srcs/sources_1/imports/new/Slow_Clk.vhd" into library xil_defaultlib
INFO: [VRFC 10-307] analyzing entity Slow_Clk
INFO: [VRFC 10-163] Analyzing VHDL file "C:/Users/DELL/Desktop/Nano-Processor-Design/Nanoprocessor Design/Nanoprocessor Design.srcs/sim_1/new/Counter_Sim.vhd" into library xil_defaultlib
INFO: [VRFC 10-307] analyzing entity Counter_Sim
INFO: [USF-XSim-69] 'compile' step finished in '3' seconds
INFO: [USF-XSim-3] XSim::Elaborate design
INFO: [USF-XSim-61] Executing 'ELABORATE' step in 'C:/Users/DELL/Desktop/Nano-Processor-Design/Nanoprocessor Design/Nanoprocessor Design.sim/sim_1/behav/xsim'
Vivado Simulator 2018.1
Copyright 1986-1999, 2001-2017 Xilinx, Inc. All Rights Reserved.
Running: C:/Users/DELL/Desktop/Vivado/2018.1/bin/unwrapped/win64.o/xelab.exe -wto 617752e5099a40a7b7250529171906e2 --incr --debug typical --relax --mt 2 -L xil_defaultlib -L secureip --snapshot Counter_Sim_behav xil_defaultlib.Counter_Sim -log elaborate.log 
Using 2 slave threads.
Starting static elaboration
Completed static elaboration
Starting simulation data flow analysis
Completed simulation data flow analysis
Time Resolution for simulation is 1ps
Compiling package std.standard
Compiling package std.textio
Compiling package ieee.std_logic_1164
Compiling architecture behavioral of entity xil_defaultlib.Slow_Clk [slow_clk_default]
Compiling architecture behavioral of entity xil_defaultlib.D_FF [d_ff_default]
Compiling architecture behavioral of entity xil_defaultlib.Counter [counter_default]
Compiling architecture behavioral of entity xil_defaultlib.counter_sim
Built simulation snapshot Counter_Sim_behav

****** Webtalk v2018.1 (64-bit)
  **** SW Build 2188600 on Wed Apr  4 18:40:38 MDT 2018
  **** IP Build 2185939 on Wed Apr  4 20:55:05 MDT 2018
    ** Copyright 1986-2018 Xilinx, Inc. All Rights Reserved.

source C:/Users/DELL/Desktop/Nano-Processor-Design/Nanoprocessor -notrace
couldn't read file "C:/Users/DELL/Desktop/Nano-Processor-Design/Nanoprocessor": permission denied
INFO: [Common 17-206] Exiting Webtalk at Tue Apr 28 14:16:00 2026...
run_program: Time (s): cpu = 00:00:00 ; elapsed = 00:00:06 . Memory (MB): peak = 1855.547 ; gain = 0.000
INFO: [USF-XSim-69] 'elaborate' step finished in '6' seconds
INFO: [USF-XSim-4] XSim::Simulate design
INFO: [USF-XSim-61] Executing 'SIMULATE' step in 'C:/Users/DELL/Desktop/Nano-Processor-Design/Nanoprocessor Design/Nanoprocessor Design.sim/sim_1/behav/xsim'
INFO: [USF-XSim-98] *** Running xsim
   with args "Counter_Sim_behav -key {Behavioral:sim_1:Functional:Counter_Sim} -tclbatch {Counter_Sim.tcl} -log {simulate.log}"
INFO: [USF-XSim-8] Loading simulator feature
Vivado Simulator 2018.1
Time resolution is 1 ps
source Counter_Sim.tcl
# set curr_wave [current_wave_config]
# if { [string length $curr_wave] == 0 } {
#   if { [llength [get_objects]] > 0} {
#     add_wave /
#     set_property needs_save false [current_wave_config]
#   } else {
#      send_msg_id Add_Wave-1 WARNING "No top level signals found. Simulator will start without a wave window. If you want to open a wave window go to 'File->New Waveform Configuration' or type 'create_wave_config' in the TCL console."
#   }
# }
# run 1000ns
INFO: [USF-XSim-96] XSim completed. Design snapshot 'Counter_Sim_behav' loaded.
INFO: [USF-XSim-97] XSim simulation ran for 1000ns
launch_simulation: Time (s): cpu = 00:00:06 ; elapsed = 00:00:13 . Memory (MB): peak = 1855.547 ; gain = 0.000
close [ open {C:/Users/DELL/Desktop/Nano-Processor-Design/Nanoprocessor Design/Nanoprocessor Design.srcs/sources_1/new/Decoder_2_to_4.vhd} w ]
add_files {{C:/Users/DELL/Desktop/Nano-Processor-Design/Nanoprocessor Design/Nanoprocessor Design.srcs/sources_1/new/Decoder_2_to_4.vhd}}
update_compile_order -fileset sources_1
set_property SOURCE_SET sources_1 [get_filesets sim_1]
close [ open {C:/Users/DELL/Desktop/Nano-Processor-Design/Nanoprocessor Design/Nanoprocessor Design.srcs/sim_1/new/TB_Decoder_2_to_4.vhd} w ]
add_files -fileset sim_1 {{C:/Users/DELL/Desktop/Nano-Processor-Design/Nanoprocessor Design/Nanoprocessor Design.srcs/sim_1/new/TB_Decoder_2_to_4.vhd}}
update_compile_order -fileset sim_1
close [ open {C:/Users/DELL/Desktop/Nano-Processor-Design/Nanoprocessor Design/Nanoprocessor Design.srcs/sources_1/new/Decoder_3_to_8.vhd} w ]
add_files {{C:/Users/DELL/Desktop/Nano-Processor-Design/Nanoprocessor Design/Nanoprocessor Design.srcs/sources_1/new/Decoder_3_to_8.vhd}}
update_compile_order -fileset sources_1
set_property SOURCE_SET sources_1 [get_filesets sim_1]
close [ open {C:/Users/DELL/Desktop/Nano-Processor-Design/Nanoprocessor Design/Nanoprocessor Design.srcs/sim_1/new/TB_Decoder_3_to_8.vhd} w ]
add_files -fileset sim_1 {{C:/Users/DELL/Desktop/Nano-Processor-Design/Nanoprocessor Design/Nanoprocessor Design.srcs/sim_1/new/TB_Decoder_3_to_8.vhd}}
update_compile_order -fileset sim_1
close [ open {C:/Users/DELL/Desktop/Nano-Processor-Design/Nanoprocessor Design/Nanoprocessor Design.srcs/sources_1/new/Mux_8_to_1.vhd} w ]
add_files {{C:/Users/DELL/Desktop/Nano-Processor-Design/Nanoprocessor Design/Nanoprocessor Design.srcs/sources_1/new/Mux_8_to_1.vhd}}
update_compile_order -fileset sources_1
set_property SOURCE_SET sources_1 [get_filesets sim_1]
close [ open {C:/Users/DELL/Desktop/Nano-Processor-Design/Nanoprocessor Design/Nanoprocessor Design.srcs/sim_1/new/TB_Mux_8_to_1.vhd} w ]
add_files -fileset sim_1 {{C:/Users/DELL/Desktop/Nano-Processor-Design/Nanoprocessor Design/Nanoprocessor Design.srcs/sim_1/new/TB_Mux_8_to_1.vhd}}
update_compile_order -fileset sim_1
set_property top Decoder_2_to_4 [current_fileset]
update_compile_order -fileset sources_1
set_property top TB_Decoder_2_to_4 [get_filesets sim_1]
set_property top_lib xil_defaultlib [get_filesets sim_1]
update_compile_order -fileset sim_1
reset_run synth_1
WARNING: [Vivado 12-1017] Problems encountered:
1. Failed to delete one or more files in run directory C:/Users/DELL/Desktop/Nano-Processor-Design/Nanoprocessor Design/Nanoprocessor Design.runs/synth_1

launch_runs synth_1 -jobs 2
[Tue Apr 28 14:31:37 2026] Launched synth_1...
Run output will be captured here: C:/Users/DELL/Desktop/Nano-Processor-Design/Nanoprocessor Design/Nanoprocessor Design.runs/synth_1/runme.log
launch_runs impl_1 -jobs 2
[Tue Apr 28 14:33:23 2026] Launched impl_1...
Run output will be captured here: C:/Users/DELL/Desktop/Nano-Processor-Design/Nanoprocessor Design/Nanoprocessor Design.runs/impl_1/runme.log
refresh_design
INFO: [Netlist 29-17] Analyzing 3 Unisim elements for replacement
INFO: [Netlist 29-28] Unisim Transformation completed in 0 CPU seconds
INFO: [Project 1-479] Netlist was created with Vivado 2018.1
INFO: [Project 1-570] Preparing netlist for logic optimization
INFO: [Timing 38-478] Restoring timing data from binary archive.
INFO: [Timing 38-479] Binary timing data restore complete.
INFO: [Project 1-856] Restoring constraints from binary archive.
INFO: [Project 1-853] Binary constraint restore complete.
Reading XDEF placement.
Reading placer database...
Reading XDEF routing.
Read XDEF File: Time (s): cpu = 00:00:00 ; elapsed = 00:00:00.081 . Memory (MB): peak = 1855.547 ; gain = 0.000
Restored from archive | CPU: 0.000000 secs | Memory: 0.000000 MB |
Finished XDEF File Restore: Time (s): cpu = 00:00:00 ; elapsed = 00:00:00.082 . Memory (MB): peak = 1855.547 ; gain = 0.000
refresh_design: Time (s): cpu = 00:00:21 ; elapsed = 00:00:19 . Memory (MB): peak = 1855.547 ; gain = 0.000
WARNING: [Timing 38-313] There are no user specified timing constraints. Timing constraints are needed for proper timing analysis.
launch_simulation
INFO: [Vivado 12-5682] Launching behavioral simulation in 'C:/Users/DELL/Desktop/Nano-Processor-Design/Nanoprocessor Design/Nanoprocessor Design.sim/sim_1/behav/xsim'
INFO: [SIM-utils-51] Simulation object is 'sim_1'
INFO: [SIM-utils-54] Inspecting design source files for 'TB_Decoder_2_to_4' in fileset 'sim_1'...
INFO: [USF-XSim-97] Finding global include files...
INFO: [USF-XSim-98] Fetching design files from 'sim_1'...
INFO: [USF-XSim-2] XSim::Compile design
INFO: [USF-XSim-61] Executing 'COMPILE and ANALYZE' step in 'C:/Users/DELL/Desktop/Nano-Processor-Design/Nanoprocessor Design/Nanoprocessor Design.sim/sim_1/behav/xsim'
"xvhdl --incr --relax -prj TB_Decoder_2_to_4_vhdl.prj"
INFO: [VRFC 10-163] Analyzing VHDL file "C:/Users/DELL/Desktop/Nano-Processor-Design/Nanoprocessor Design/Nanoprocessor Design.srcs/sources_1/new/Decoder_2_to_4.vhd" into library xil_defaultlib
INFO: [VRFC 10-307] analyzing entity Decoder_2_to_4
INFO: [VRFC 10-163] Analyzing VHDL file "C:/Users/DELL/Desktop/Nano-Processor-Design/Nanoprocessor Design/Nanoprocessor Design.srcs/sim_1/new/TB_Decoder_2_to_4.vhd" into library xil_defaultlib
INFO: [VRFC 10-307] analyzing entity TB_Decoder_2_to_4
INFO: [USF-XSim-69] 'compile' step finished in '2' seconds
INFO: [USF-XSim-3] XSim::Elaborate design
INFO: [USF-XSim-61] Executing 'ELABORATE' step in 'C:/Users/DELL/Desktop/Nano-Processor-Design/Nanoprocessor Design/Nanoprocessor Design.sim/sim_1/behav/xsim'
Vivado Simulator 2018.1
Copyright 1986-1999, 2001-2017 Xilinx, Inc. All Rights Reserved.
Running: C:/Users/DELL/Desktop/Vivado/2018.1/bin/unwrapped/win64.o/xelab.exe -wto 617752e5099a40a7b7250529171906e2 --incr --debug typical --relax --mt 2 -L xil_defaultlib -L secureip --snapshot TB_Decoder_2_to_4_behav xil_defaultlib.TB_Decoder_2_to_4 -log elaborate.log 
Using 2 slave threads.
Starting static elaboration
Completed static elaboration
Starting simulation data flow analysis
Completed simulation data flow analysis
Time Resolution for simulation is 1ps
Compiling package std.standard
Compiling package std.textio
Compiling package ieee.std_logic_1164
Compiling architecture behavioral of entity xil_defaultlib.Decoder_2_to_4 [decoder_2_to_4_default]
Compiling architecture behavioral of entity xil_defaultlib.tb_decoder_2_to_4
Built simulation snapshot TB_Decoder_2_to_4_behav

****** Webtalk v2018.1 (64-bit)
  **** SW Build 2188600 on Wed Apr  4 18:40:38 MDT 2018
  **** IP Build 2185939 on Wed Apr  4 20:55:05 MDT 2018
    ** Copyright 1986-2018 Xilinx, Inc. All Rights Reserved.

source C:/Users/DELL/Desktop/Nano-Processor-Design/Nanoprocessor -notrace
couldn't read file "C:/Users/DELL/Desktop/Nano-Processor-Design/Nanoprocessor": permission denied
INFO: [Common 17-206] Exiting Webtalk at Tue Apr 28 14:36:27 2026...
run_program: Time (s): cpu = 00:00:00 ; elapsed = 00:00:06 . Memory (MB): peak = 1855.547 ; gain = 0.000
INFO: [USF-XSim-69] 'elaborate' step finished in '6' seconds
INFO: [USF-XSim-4] XSim::Simulate design
INFO: [USF-XSim-61] Executing 'SIMULATE' step in 'C:/Users/DELL/Desktop/Nano-Processor-Design/Nanoprocessor Design/Nanoprocessor Design.sim/sim_1/behav/xsim'
INFO: [USF-XSim-98] *** Running xsim
   with args "TB_Decoder_2_to_4_behav -key {Behavioral:sim_1:Functional:TB_Decoder_2_to_4} -tclbatch {TB_Decoder_2_to_4.tcl} -log {simulate.log}"
INFO: [USF-XSim-8] Loading simulator feature
Vivado Simulator 2018.1
Time resolution is 1 ps
source TB_Decoder_2_to_4.tcl
# set curr_wave [current_wave_config]
# if { [string length $curr_wave] == 0 } {
#   if { [llength [get_objects]] > 0} {
#     add_wave /
#     set_property needs_save false [current_wave_config]
#   } else {
#      send_msg_id Add_Wave-1 WARNING "No top level signals found. Simulator will start without a wave window. If you want to open a wave window go to 'File->New Waveform Configuration' or type 'create_wave_config' in the TCL console."
#   }
# }
# run 1000ns
INFO: [USF-XSim-96] XSim completed. Design snapshot 'TB_Decoder_2_to_4_behav' loaded.
INFO: [USF-XSim-97] XSim simulation ran for 1000ns
launch_simulation: Time (s): cpu = 00:00:06 ; elapsed = 00:00:13 . Memory (MB): peak = 1855.547 ; gain = 0.000
set_property top Decoder_3_to_8 [current_fileset]
update_compile_order -fileset sources_1
set_property top TB_Decoder_3_to_8 [get_filesets sim_1]
set_property top_lib xil_defaultlib [get_filesets sim_1]
update_compile_order -fileset sim_1
reset_run synth_1
WARNING: [Vivado 12-1017] Problems encountered:
1. Failed to delete one or more files in run directory C:/Users/DELL/Desktop/Nano-Processor-Design/Nanoprocessor Design/Nanoprocessor Design.runs/synth_1

launch_runs synth_1 -jobs 2
[Tue Apr 28 14:38:08 2026] Launched synth_1...
Run output will be captured here: C:/Users/DELL/Desktop/Nano-Processor-Design/Nanoprocessor Design/Nanoprocessor Design.runs/synth_1/runme.log
launch_runs impl_1 -jobs 2
[Tue Apr 28 14:39:54 2026] Launched impl_1...
Run output will be captured here: C:/Users/DELL/Desktop/Nano-Processor-Design/Nanoprocessor Design/Nanoprocessor Design.runs/impl_1/runme.log
refresh_design
INFO: [Netlist 29-17] Analyzing 4 Unisim elements for replacement
INFO: [Netlist 29-28] Unisim Transformation completed in 0 CPU seconds
INFO: [Project 1-479] Netlist was created with Vivado 2018.1
INFO: [Project 1-570] Preparing netlist for logic optimization
INFO: [Timing 38-478] Restoring timing data from binary archive.
INFO: [Timing 38-479] Binary timing data restore complete.
INFO: [Project 1-856] Restoring constraints from binary archive.
INFO: [Project 1-853] Binary constraint restore complete.
Reading XDEF placement.
Reading placer database...
Reading XDEF routing.
Read XDEF File: Time (s): cpu = 00:00:00 ; elapsed = 00:00:00.071 . Memory (MB): peak = 1870.500 ; gain = 0.000
Restored from archive | CPU: 0.000000 secs | Memory: 0.000000 MB |
Finished XDEF File Restore: Time (s): cpu = 00:00:00 ; elapsed = 00:00:00.072 . Memory (MB): peak = 1870.500 ; gain = 0.000
refresh_design: Time (s): cpu = 00:00:15 ; elapsed = 00:00:18 . Memory (MB): peak = 1877.789 ; gain = 21.734
WARNING: [Timing 38-313] There are no user specified timing constraints. Timing constraints are needed for proper timing analysis.
launch_simulation
INFO: [Vivado 12-5682] Launching behavioral simulation in 'C:/Users/DELL/Desktop/Nano-Processor-Design/Nanoprocessor Design/Nanoprocessor Design.sim/sim_1/behav/xsim'
INFO: [SIM-utils-51] Simulation object is 'sim_1'
INFO: [SIM-utils-54] Inspecting design source files for 'TB_Decoder_3_to_8' in fileset 'sim_1'...
INFO: [USF-XSim-97] Finding global include files...
INFO: [USF-XSim-98] Fetching design files from 'sim_1'...
INFO: [USF-XSim-2] XSim::Compile design
INFO: [USF-XSim-61] Executing 'COMPILE and ANALYZE' step in 'C:/Users/DELL/Desktop/Nano-Processor-Design/Nanoprocessor Design/Nanoprocessor Design.sim/sim_1/behav/xsim'
"xvhdl --incr --relax -prj TB_Decoder_3_to_8_vhdl.prj"
INFO: [VRFC 10-163] Analyzing VHDL file "C:/Users/DELL/Desktop/Nano-Processor-Design/Nanoprocessor Design/Nanoprocessor Design.srcs/sources_1/new/Decoder_3_to_8.vhd" into library xil_defaultlib
INFO: [VRFC 10-307] analyzing entity Decoder_3_to_8
INFO: [VRFC 10-163] Analyzing VHDL file "C:/Users/DELL/Desktop/Nano-Processor-Design/Nanoprocessor Design/Nanoprocessor Design.srcs/sim_1/new/TB_Decoder_3_to_8.vhd" into library xil_defaultlib
INFO: [VRFC 10-307] analyzing entity TB_Decoder_3_to_8
INFO: [USF-XSim-69] 'compile' step finished in '2' seconds
INFO: [USF-XSim-3] XSim::Elaborate design
INFO: [USF-XSim-61] Executing 'ELABORATE' step in 'C:/Users/DELL/Desktop/Nano-Processor-Design/Nanoprocessor Design/Nanoprocessor Design.sim/sim_1/behav/xsim'
Vivado Simulator 2018.1
Copyright 1986-1999, 2001-2017 Xilinx, Inc. All Rights Reserved.
Running: C:/Users/DELL/Desktop/Vivado/2018.1/bin/unwrapped/win64.o/xelab.exe -wto 617752e5099a40a7b7250529171906e2 --incr --debug typical --relax --mt 2 -L xil_defaultlib -L secureip --snapshot TB_Decoder_3_to_8_behav xil_defaultlib.TB_Decoder_3_to_8 -log elaborate.log 
Using 2 slave threads.
Starting static elaboration
Completed static elaboration
Starting simulation data flow analysis
Completed simulation data flow analysis
Time Resolution for simulation is 1ps
Compiling package std.standard
Compiling package std.textio
Compiling package ieee.std_logic_1164
Compiling architecture behavioral of entity xil_defaultlib.Decoder_2_to_4 [decoder_2_to_4_default]
Compiling architecture behavioral of entity xil_defaultlib.Decoder_3_to_8 [decoder_3_to_8_default]
Compiling architecture behavioral of entity xil_defaultlib.tb_decoder_3_to_8
Built simulation snapshot TB_Decoder_3_to_8_behav

****** Webtalk v2018.1 (64-bit)
  **** SW Build 2188600 on Wed Apr  4 18:40:38 MDT 2018
  **** IP Build 2185939 on Wed Apr  4 20:55:05 MDT 2018
    ** Copyright 1986-2018 Xilinx, Inc. All Rights Reserved.

source C:/Users/DELL/Desktop/Nano-Processor-Design/Nanoprocessor -notrace
couldn't read file "C:/Users/DELL/Desktop/Nano-Processor-Design/Nanoprocessor": permission denied
INFO: [Common 17-206] Exiting Webtalk at Tue Apr 28 14:42:55 2026...
run_program: Time (s): cpu = 00:00:01 ; elapsed = 00:00:05 . Memory (MB): peak = 1880.910 ; gain = 0.000
INFO: [USF-XSim-69] 'elaborate' step finished in '6' seconds
INFO: [USF-XSim-4] XSim::Simulate design
INFO: [USF-XSim-61] Executing 'SIMULATE' step in 'C:/Users/DELL/Desktop/Nano-Processor-Design/Nanoprocessor Design/Nanoprocessor Design.sim/sim_1/behav/xsim'
INFO: [USF-XSim-98] *** Running xsim
   with args "TB_Decoder_3_to_8_behav -key {Behavioral:sim_1:Functional:TB_Decoder_3_to_8} -tclbatch {TB_Decoder_3_to_8.tcl} -log {simulate.log}"
INFO: [USF-XSim-8] Loading simulator feature
Vivado Simulator 2018.1
Time resolution is 1 ps
source TB_Decoder_3_to_8.tcl
# set curr_wave [current_wave_config]
# if { [string length $curr_wave] == 0 } {
#   if { [llength [get_objects]] > 0} {
#     add_wave /
#     set_property needs_save false [current_wave_config]
#   } else {
#      send_msg_id Add_Wave-1 WARNING "No top level signals found. Simulator will start without a wave window. If you want to open a wave window go to 'File->New Waveform Configuration' or type 'create_wave_config' in the TCL console."
#   }
# }
# run 1000ns
INFO: [USF-XSim-96] XSim completed. Design snapshot 'TB_Decoder_3_to_8_behav' loaded.
INFO: [USF-XSim-97] XSim simulation ran for 1000ns
launch_simulation: Time (s): cpu = 00:00:07 ; elapsed = 00:00:13 . Memory (MB): peak = 1889.270 ; gain = 8.426
set_property top Mux_8_to_1 [current_fileset]
update_compile_order -fileset sources_1
set_property top TB_Mux_8_to_1 [get_filesets sim_1]
set_property top_lib xil_defaultlib [get_filesets sim_1]
update_compile_order -fileset sim_1
reset_run synth_1
WARNING: [Vivado 12-1017] Problems encountered:
1. Failed to delete one or more files in run directory C:/Users/DELL/Desktop/Nano-Processor-Design/Nanoprocessor Design/Nanoprocessor Design.runs/synth_1

launch_runs synth_1 -jobs 2
[Tue Apr 28 14:43:54 2026] Launched synth_1...
Run output will be captured here: C:/Users/DELL/Desktop/Nano-Processor-Design/Nanoprocessor Design/Nanoprocessor Design.runs/synth_1/runme.log
launch_runs impl_1 -jobs 2
[Tue Apr 28 14:46:24 2026] Launched impl_1...
Run output will be captured here: C:/Users/DELL/Desktop/Nano-Processor-Design/Nanoprocessor Design/Nanoprocessor Design.runs/impl_1/runme.log
refresh_design
INFO: [Netlist 29-17] Analyzing 12 Unisim elements for replacement
INFO: [Netlist 29-28] Unisim Transformation completed in 0 CPU seconds
INFO: [Project 1-479] Netlist was created with Vivado 2018.1
INFO: [Project 1-570] Preparing netlist for logic optimization
INFO: [Timing 38-478] Restoring timing data from binary archive.
INFO: [Timing 38-479] Binary timing data restore complete.
INFO: [Project 1-856] Restoring constraints from binary archive.
INFO: [Project 1-853] Binary constraint restore complete.
Reading XDEF placement.
Reading placer database...
Reading XDEF routing.
Read XDEF File: Time (s): cpu = 00:00:00 ; elapsed = 00:00:00.074 . Memory (MB): peak = 1904.961 ; gain = 0.000
Restored from archive | CPU: 0.000000 secs | Memory: 0.000000 MB |
Finished XDEF File Restore: Time (s): cpu = 00:00:00 ; elapsed = 00:00:00.075 . Memory (MB): peak = 1904.961 ; gain = 0.000
refresh_design: Time (s): cpu = 00:00:15 ; elapsed = 00:00:17 . Memory (MB): peak = 1904.961 ; gain = 10.809
WARNING: [Timing 38-313] There are no user specified timing constraints. Timing constraints are needed for proper timing analysis.
launch_simulation
INFO: [Vivado 12-5682] Launching behavioral simulation in 'C:/Users/DELL/Desktop/Nano-Processor-Design/Nanoprocessor Design/Nanoprocessor Design.sim/sim_1/behav/xsim'
INFO: [SIM-utils-51] Simulation object is 'sim_1'
INFO: [SIM-utils-54] Inspecting design source files for 'TB_Mux_8_to_1' in fileset 'sim_1'...
INFO: [USF-XSim-97] Finding global include files...
INFO: [USF-XSim-98] Fetching design files from 'sim_1'...
INFO: [USF-XSim-2] XSim::Compile design
INFO: [USF-XSim-61] Executing 'COMPILE and ANALYZE' step in 'C:/Users/DELL/Desktop/Nano-Processor-Design/Nanoprocessor Design/Nanoprocessor Design.sim/sim_1/behav/xsim'
"xvhdl --incr --relax -prj TB_Mux_8_to_1_vhdl.prj"
INFO: [VRFC 10-163] Analyzing VHDL file "C:/Users/DELL/Desktop/Nano-Processor-Design/Nanoprocessor Design/Nanoprocessor Design.srcs/sources_1/new/Mux_8_to_1.vhd" into library xil_defaultlib
INFO: [VRFC 10-307] analyzing entity Mux_8_to_1
INFO: [VRFC 10-163] Analyzing VHDL file "C:/Users/DELL/Desktop/Nano-Processor-Design/Nanoprocessor Design/Nanoprocessor Design.srcs/sim_1/new/TB_Mux_8_to_1.vhd" into library xil_defaultlib
INFO: [VRFC 10-307] analyzing entity TB_Mux_8_to_1
INFO: [USF-XSim-69] 'compile' step finished in '3' seconds
INFO: [USF-XSim-3] XSim::Elaborate design
INFO: [USF-XSim-61] Executing 'ELABORATE' step in 'C:/Users/DELL/Desktop/Nano-Processor-Design/Nanoprocessor Design/Nanoprocessor Design.sim/sim_1/behav/xsim'
Vivado Simulator 2018.1
Copyright 1986-1999, 2001-2017 Xilinx, Inc. All Rights Reserved.
Running: C:/Users/DELL/Desktop/Vivado/2018.1/bin/unwrapped/win64.o/xelab.exe -wto 617752e5099a40a7b7250529171906e2 --incr --debug typical --relax --mt 2 -L xil_defaultlib -L secureip --snapshot TB_Mux_8_to_1_behav xil_defaultlib.TB_Mux_8_to_1 -log elaborate.log 
Using 2 slave threads.
Starting static elaboration
Completed static elaboration
Starting simulation data flow analysis
Completed simulation data flow analysis
Time Resolution for simulation is 1ps
Compiling package std.standard
Compiling package std.textio
Compiling package ieee.std_logic_1164
Compiling architecture behavioral of entity xil_defaultlib.Decoder_2_to_4 [decoder_2_to_4_default]
Compiling architecture behavioral of entity xil_defaultlib.Decoder_3_to_8 [decoder_3_to_8_default]
Compiling architecture behavioral of entity xil_defaultlib.Mux_8_to_1 [mux_8_to_1_default]
Compiling architecture behavioral of entity xil_defaultlib.tb_mux_8_to_1
Built simulation snapshot TB_Mux_8_to_1_behav

****** Webtalk v2018.1 (64-bit)
  **** SW Build 2188600 on Wed Apr  4 18:40:38 MDT 2018
  **** IP Build 2185939 on Wed Apr  4 20:55:05 MDT 2018
    ** Copyright 1986-2018 Xilinx, Inc. All Rights Reserved.

source C:/Users/DELL/Desktop/Nano-Processor-Design/Nanoprocessor -notrace
couldn't read file "C:/Users/DELL/Desktop/Nano-Processor-Design/Nanoprocessor": permission denied
INFO: [Common 17-206] Exiting Webtalk at Tue Apr 28 14:49:41 2026...
run_program: Time (s): cpu = 00:00:00 ; elapsed = 00:00:05 . Memory (MB): peak = 1904.961 ; gain = 0.000
INFO: [USF-XSim-69] 'elaborate' step finished in '5' seconds
INFO: [USF-XSim-4] XSim::Simulate design
INFO: [USF-XSim-61] Executing 'SIMULATE' step in 'C:/Users/DELL/Desktop/Nano-Processor-Design/Nanoprocessor Design/Nanoprocessor Design.sim/sim_1/behav/xsim'
INFO: [USF-XSim-98] *** Running xsim
   with args "TB_Mux_8_to_1_behav -key {Behavioral:sim_1:Functional:TB_Mux_8_to_1} -tclbatch {TB_Mux_8_to_1.tcl} -log {simulate.log}"
INFO: [USF-XSim-8] Loading simulator feature
Vivado Simulator 2018.1
Time resolution is 1 ps
source TB_Mux_8_to_1.tcl
# set curr_wave [current_wave_config]
# if { [string length $curr_wave] == 0 } {
#   if { [llength [get_objects]] > 0} {
#     add_wave /
#     set_property needs_save false [current_wave_config]
#   } else {
#      send_msg_id Add_Wave-1 WARNING "No top level signals found. Simulator will start without a wave window. If you want to open a wave window go to 'File->New Waveform Configuration' or type 'create_wave_config' in the TCL console."
#   }
# }
# run 1000ns
INFO: [USF-XSim-96] XSim completed. Design snapshot 'TB_Mux_8_to_1_behav' loaded.
INFO: [USF-XSim-97] XSim simulation ran for 1000ns
launch_simulation: Time (s): cpu = 00:00:06 ; elapsed = 00:00:12 . Memory (MB): peak = 1904.961 ; gain = 0.000
export_ip_user_files -of_objects  [get_files {{C:/Users/DELL/Vivado/Lab 4/Lab 4.srcs/sim_1/new/TB_Mux_8_to_1.vhd}}] -no_script -reset -force -quiet
remove_files  -fileset sim_1 {{C:/Users/DELL/Vivado/Lab 4/Lab 4.srcs/sim_1/new/TB_Mux_8_to_1.vhd}}
export_ip_user_files -of_objects  [get_files {{C:/Users/DELL/Vivado/Lab 3/Lab 3.srcs/sim_1/new/TB_HA.vhd}}] -no_script -reset -force -quiet
remove_files  -fileset sim_1 {{C:/Users/DELL/Vivado/Lab 3/Lab 3.srcs/sim_1/new/TB_HA.vhd}}
export_ip_user_files -of_objects  [get_files {{C:/Users/DELL/Vivado/Lab 3/Lab 3.srcs/sim_1/new/TB_FA.vhd}}] -no_script -reset -force -quiet
remove_files  -fileset sim_1 {{C:/Users/DELL/Vivado/Lab 3/Lab 3.srcs/sim_1/new/TB_FA.vhd}}
export_ip_user_files -of_objects  [get_files {{C:/Users/DELL/Vivado/Lab 4/Lab 4.srcs/sim_1/new/TB_Decoder_3_to_8.vhd}}] -no_script -reset -force -quiet
remove_files  -fileset sim_1 {{C:/Users/DELL/Vivado/Lab 4/Lab 4.srcs/sim_1/new/TB_Decoder_3_to_8.vhd}}
export_ip_user_files -of_objects  [get_files {{C:/Users/DELL/Vivado/Lab 4/Lab 4.srcs/sim_1/new/TB_Decoder_2_to_4.vhd}}] -no_script -reset -force -quiet
remove_files  -fileset sim_1 {{C:/Users/DELL/Vivado/Lab 4/Lab 4.srcs/sim_1/new/TB_Decoder_2_to_4.vhd}}
export_ip_user_files -of_objects  [get_files {{C:/Users/DELL/Vivado/Lab 3/Lab 3.srcs/sim_1/new/TB_4_RCA.vhd}}] -no_script -reset -force -quiet
remove_files  -fileset sim_1 {{C:/Users/DELL/Vivado/Lab 3/Lab 3.srcs/sim_1/new/TB_4_RCA.vhd}}
export_ip_user_files -of_objects  [get_files {{C:/Users/DELL/Vivado/Lab 4/Lab 4.srcs/sources_1/new/Mux_8_to_1.vhd}}] -no_script -reset -force -quiet
remove_files  {{C:/Users/DELL/Vivado/Lab 4/Lab 4.srcs/sources_1/new/Mux_8_to_1.vhd}}
export_ip_user_files -of_objects  [get_files {{C:/Users/DELL/Vivado/Lab 4/Lab 4.srcs/sources_1/new/Decoder_3_to_8.vhd}}] -no_script -reset -force -quiet
remove_files  {{C:/Users/DELL/Vivado/Lab 4/Lab 4.srcs/sources_1/new/Decoder_3_to_8.vhd}}
export_ip_user_files -of_objects  [get_files {{C:/Users/DELL/Vivado/Lab 4/Lab 4.srcs/sources_1/new/Decoder_2_to_4.vhd}}] -no_script -reset -force -quiet
remove_files  {{C:/Users/DELL/Vivado/Lab 4/Lab 4.srcs/sources_1/new/Decoder_2_to_4.vhd}}
add_files -norecurse -scan_for_includes {{C:/Users/DELL/Desktop/Nano-Processor-Design/Nanoprocessor Design/Nanoprocessor Design.srcs/sources_1/new/Decoder_2_to_4.vhd} {C:/Users/DELL/Desktop/Nano-Processor-Design/Nanoprocessor Design/Nanoprocessor Design.srcs/sources_1/new/Decoder_3_to_8.vhd} {C:/Users/DELL/Desktop/Nano-Processor-Design/Nanoprocessor Design/Nanoprocessor Design.srcs/sources_1/new/Counter.vhd} {C:/Users/DELL/Desktop/Nano-Processor-Design/Nanoprocessor Design/Nanoprocessor Design.srcs/sources_1/new/D_FF.vhd} {C:/Users/DELL/Desktop/Nano-Processor-Design/Nanoprocessor Design/Nanoprocessor Design.srcs/sources_1/new/Mux_8_to_1.vhd}}
WARNING: [filemgmt 56-12] File 'C:/Users/DELL/Desktop/Nano-Processor-Design/Nanoprocessor Design/Nanoprocessor Design.srcs/sources_1/new/Decoder_2_to_4.vhd' cannot be added to the project because it already exists in the project, skipping this file
WARNING: [filemgmt 56-12] File 'C:/Users/DELL/Desktop/Nano-Processor-Design/Nanoprocessor Design/Nanoprocessor Design.srcs/sources_1/new/Decoder_3_to_8.vhd' cannot be added to the project because it already exists in the project, skipping this file
WARNING: [filemgmt 56-12] File 'C:/Users/DELL/Desktop/Nano-Processor-Design/Nanoprocessor Design/Nanoprocessor Design.srcs/sources_1/new/Counter.vhd' cannot be added to the project because it already exists in the project, skipping this file
WARNING: [filemgmt 56-12] File 'C:/Users/DELL/Desktop/Nano-Processor-Design/Nanoprocessor Design/Nanoprocessor Design.srcs/sources_1/new/D_FF.vhd' cannot be added to the project because it already exists in the project, skipping this file
WARNING: [filemgmt 56-12] File 'C:/Users/DELL/Desktop/Nano-Processor-Design/Nanoprocessor Design/Nanoprocessor Design.srcs/sources_1/new/Mux_8_to_1.vhd' cannot be added to the project because it already exists in the project, skipping this file
set_property SOURCE_SET sources_1 [get_filesets sim_1]
add_files -fileset sim_1 -norecurse -scan_for_includes {{C:/Users/DELL/Desktop/Nano-Processor-Design/Nanoprocessor Design/Nanoprocessor Design.srcs/sim_1/new/TB_FA.vhd} {C:/Users/DELL/Desktop/Nano-Processor-Design/Nanoprocessor Design/Nanoprocessor Design.srcs/sim_1/new/TB_Decoder_3_to_8.vhd} {C:/Users/DELL/Desktop/Nano-Processor-Design/Nanoprocessor Design/Nanoprocessor Design.srcs/sim_1/new/TB_Mux_8_to_1.vhd} {C:/Users/DELL/Desktop/Nano-Processor-Design/Nanoprocessor Design/Nanoprocessor Design.srcs/sim_1/new/TB_HA.vhd} {C:/Users/DELL/Desktop/Nano-Processor-Design/Nanoprocessor Design/Nanoprocessor Design.srcs/sim_1/new/D_FF_Sim.vhd} {C:/Users/DELL/Desktop/Nano-Processor-Design/Nanoprocessor Design/Nanoprocessor Design.srcs/sim_1/new/Counter_Sim.vhd} {C:/Users/DELL/Desktop/Nano-Processor-Design/Nanoprocessor Design/Nanoprocessor Design.srcs/sim_1/new/TB_Decoder_2_to_4.vhd} {C:/Users/DELL/Desktop/Nano-Processor-Design/Nanoprocessor Design/Nanoprocessor Design.srcs/sim_1/new/TB_RCA_4.vhd}}
WARNING: [filemgmt 56-12] File 'C:/Users/DELL/Desktop/Nano-Processor-Design/Nanoprocessor Design/Nanoprocessor Design.srcs/sim_1/new/TB_FA.vhd' cannot be added to the project because it already exists in the project, skipping this file
WARNING: [filemgmt 56-12] File 'C:/Users/DELL/Desktop/Nano-Processor-Design/Nanoprocessor Design/Nanoprocessor Design.srcs/sim_1/new/TB_Decoder_3_to_8.vhd' cannot be added to the project because it already exists in the project, skipping this file
WARNING: [filemgmt 56-12] File 'C:/Users/DELL/Desktop/Nano-Processor-Design/Nanoprocessor Design/Nanoprocessor Design.srcs/sim_1/new/TB_Mux_8_to_1.vhd' cannot be added to the project because it already exists in the project, skipping this file
WARNING: [filemgmt 56-12] File 'C:/Users/DELL/Desktop/Nano-Processor-Design/Nanoprocessor Design/Nanoprocessor Design.srcs/sim_1/new/TB_HA.vhd' cannot be added to the project because it already exists in the project, skipping this file
WARNING: [filemgmt 56-12] File 'C:/Users/DELL/Desktop/Nano-Processor-Design/Nanoprocessor Design/Nanoprocessor Design.srcs/sim_1/new/D_FF_Sim.vhd' cannot be added to the project because it already exists in the project, skipping this file
WARNING: [filemgmt 56-12] File 'C:/Users/DELL/Desktop/Nano-Processor-Design/Nanoprocessor Design/Nanoprocessor Design.srcs/sim_1/new/Counter_Sim.vhd' cannot be added to the project because it already exists in the project, skipping this file
WARNING: [filemgmt 56-12] File 'C:/Users/DELL/Desktop/Nano-Processor-Design/Nanoprocessor Design/Nanoprocessor Design.srcs/sim_1/new/TB_Decoder_2_to_4.vhd' cannot be added to the project because it already exists in the project, skipping this file
WARNING: [filemgmt 56-12] File 'C:/Users/DELL/Desktop/Nano-Processor-Design/Nanoprocessor Design/Nanoprocessor Design.srcs/sim_1/new/TB_RCA_4.vhd' cannot be added to the project because it already exists in the project, skipping this file
export_ip_user_files -of_objects  [get_files {{C:/Users/DELL/Desktop/Nano-Processor-Design/Nanoprocessor Design/Nanoprocessor Design.srcs/sim_1/new/D_FF_Sim.vhd}}] -no_script -reset -force -quiet
remove_files  -fileset sim_1 {{C:/Users/DELL/Desktop/Nano-Processor-Design/Nanoprocessor Design/Nanoprocessor Design.srcs/sim_1/new/D_FF_Sim.vhd}}
export_ip_user_files -of_objects  [get_files {{C:/Users/DELL/Desktop/Nano-Processor-Design/Nanoprocessor Design/Nanoprocessor Design.srcs/sim_1/new/Counter_Sim.vhd}}] -no_script -reset -force -quiet
remove_files  -fileset sim_1 {{C:/Users/DELL/Desktop/Nano-Processor-Design/Nanoprocessor Design/Nanoprocessor Design.srcs/sim_1/new/Counter_Sim.vhd}}
export_ip_user_files -of_objects  [get_files {{C:/Users/DELL/Desktop/Nano-Processor-Design/Nanoprocessor Design/Nanoprocessor Design.srcs/sim_1/new/TB_Decoder_2_to_4.vhd}}] -no_script -reset -force -quiet
remove_files  -fileset sim_1 {{C:/Users/DELL/Desktop/Nano-Processor-Design/Nanoprocessor Design/Nanoprocessor Design.srcs/sim_1/new/TB_Decoder_2_to_4.vhd}}
export_ip_user_files -of_objects  [get_files {{C:/Users/DELL/Desktop/Nano-Processor-Design/Nanoprocessor Design/Nanoprocessor Design.srcs/sim_1/new/TB_Decoder_3_to_8.vhd}}] -no_script -reset -force -quiet
remove_files  -fileset sim_1 {{C:/Users/DELL/Desktop/Nano-Processor-Design/Nanoprocessor Design/Nanoprocessor Design.srcs/sim_1/new/TB_Decoder_3_to_8.vhd}}
export_ip_user_files -of_objects  [get_files {{C:/Users/DELL/Desktop/Nano-Processor-Design/Nanoprocessor Design/Nanoprocessor Design.srcs/sim_1/imports/new/TB_FA.vhd}}] -no_script -reset -force -quiet
remove_files  -fileset sim_1 {{C:/Users/DELL/Desktop/Nano-Processor-Design/Nanoprocessor Design/Nanoprocessor Design.srcs/sim_1/imports/new/TB_FA.vhd}}
export_ip_user_files -of_objects  [get_files {{C:/Users/DELL/Desktop/Nano-Processor-Design/Nanoprocessor Design/Nanoprocessor Design.srcs/sim_1/imports/new/TB_HA.vhd}}] -no_script -reset -force -quiet
remove_files  -fileset sim_1 {{C:/Users/DELL/Desktop/Nano-Processor-Design/Nanoprocessor Design/Nanoprocessor Design.srcs/sim_1/imports/new/TB_HA.vhd}}
export_ip_user_files -of_objects  [get_files {{C:/Users/DELL/Desktop/Nano-Processor-Design/Nanoprocessor Design/Nanoprocessor Design.srcs/sim_1/imports/new/TB_RCA_4.vhd}}] -no_script -reset -force -quiet
remove_files  -fileset sim_1 {{C:/Users/DELL/Desktop/Nano-Processor-Design/Nanoprocessor Design/Nanoprocessor Design.srcs/sim_1/imports/new/TB_RCA_4.vhd}}
export_ip_user_files -of_objects  [get_files {{C:/Users/DELL/Desktop/Nano-Processor-Design/Nanoprocessor Design/Nanoprocessor Design.srcs/sim_1/new/TB_Mux_8_to_1.vhd}}] -no_script -reset -force -quiet
remove_files  -fileset sim_1 {{C:/Users/DELL/Desktop/Nano-Processor-Design/Nanoprocessor Design/Nanoprocessor Design.srcs/sim_1/new/TB_Mux_8_to_1.vhd}}
update_compile_order -fileset sim_1
update_compile_order -fileset sim_1
set_property SOURCE_SET sources_1 [get_filesets sim_1]
add_files -fileset sim_1 -norecurse -scan_for_includes {{C:/Users/DELL/Desktop/Nano-Processor-Design/Nanoprocessor Design/Nanoprocessor Design.srcs/sim_1/new/TB_FA.vhd} {C:/Users/DELL/Desktop/Nano-Processor-Design/Nanoprocessor Design/Nanoprocessor Design.srcs/sim_1/new/TB_Decoder_3_to_8.vhd} {C:/Users/DELL/Desktop/Nano-Processor-Design/Nanoprocessor Design/Nanoprocessor Design.srcs/sim_1/new/TB_Mux_8_to_1.vhd} {C:/Users/DELL/Desktop/Nano-Processor-Design/Nanoprocessor Design/Nanoprocessor Design.srcs/sim_1/new/TB_HA.vhd} {C:/Users/DELL/Desktop/Nano-Processor-Design/Nanoprocessor Design/Nanoprocessor Design.srcs/sim_1/new/D_FF_Sim.vhd} {C:/Users/DELL/Desktop/Nano-Processor-Design/Nanoprocessor Design/Nanoprocessor Design.srcs/sim_1/new/Counter_Sim.vhd} {C:/Users/DELL/Desktop/Nano-Processor-Design/Nanoprocessor Design/Nanoprocessor Design.srcs/sim_1/new/TB_Decoder_2_to_4.vhd} {C:/Users/DELL/Desktop/Nano-Processor-Design/Nanoprocessor Design/Nanoprocessor Design.srcs/sim_1/new/TB_RCA_4.vhd}}
WARNING: [filemgmt 56-12] File 'C:/Users/DELL/Desktop/Nano-Processor-Design/Nanoprocessor Design/Nanoprocessor Design.srcs/sim_1/new/TB_FA.vhd' cannot be added to the project because it already exists in the project, skipping this file
WARNING: [filemgmt 56-12] File 'C:/Users/DELL/Desktop/Nano-Processor-Design/Nanoprocessor Design/Nanoprocessor Design.srcs/sim_1/new/TB_HA.vhd' cannot be added to the project because it already exists in the project, skipping this file
WARNING: [filemgmt 56-12] File 'C:/Users/DELL/Desktop/Nano-Processor-Design/Nanoprocessor Design/Nanoprocessor Design.srcs/sim_1/new/TB_RCA_4.vhd' cannot be added to the project because it already exists in the project, skipping this file
update_compile_order -fileset sim_1
update_compile_order -fileset sim_1
set_property top TB_Mux_8_to_1 [get_filesets sim_1]
set_property top_lib xil_defaultlib [get_filesets sim_1]
update_compile_order -fileset sim_1
reset_run synth_1
WARNING: [Vivado 12-1017] Problems encountered:
1. Failed to delete one or more files in run directory C:/Users/DELL/Desktop/Nano-Processor-Design/Nanoprocessor Design/Nanoprocessor Design.runs/synth_1

launch_runs synth_1 -jobs 2
[Tue Apr 28 15:06:55 2026] Launched synth_1...
Run output will be captured here: C:/Users/DELL/Desktop/Nano-Processor-Design/Nanoprocessor Design/Nanoprocessor Design.runs/synth_1/runme.log
close [ open {C:/Users/DELL/Desktop/Nano-Processor-Design/Nanoprocessor Design/Nanoprocessor Design.srcs/sources_1/new/ADD_SUB.vhd} w ]
add_files {{C:/Users/DELL/Desktop/Nano-Processor-Design/Nanoprocessor Design/Nanoprocessor Design.srcs/sources_1/new/ADD_SUB.vhd}}
update_compile_order -fileset sources_1
set_property SOURCE_SET sources_1 [get_filesets sim_1]
close [ open {C:/Users/DELL/Desktop/Nano-Processor-Design/Nanoprocessor Design/Nanoprocessor Design.srcs/sim_1/new/ADD_SUB_TB.vhd} w ]
add_files -fileset sim_1 {{C:/Users/DELL/Desktop/Nano-Processor-Design/Nanoprocessor Design/Nanoprocessor Design.srcs/sim_1/new/ADD_SUB_TB.vhd}}
update_compile_order -fileset sim_1
close [ open {C:/Users/DELL/Desktop/Nano-Processor-Design/Nanoprocessor Design/Nanoprocessor Design.srcs/sources_1/new/Adder_3bit.vhd} w ]
add_files {{C:/Users/DELL/Desktop/Nano-Processor-Design/Nanoprocessor Design/Nanoprocessor Design.srcs/sources_1/new/Adder_3bit.vhd}}
update_compile_order -fileset sources_1
set_property SOURCE_SET sources_1 [get_filesets sim_1]
close [ open {C:/Users/DELL/Desktop/Nano-Processor-Design/Nanoprocessor Design/Nanoprocessor Design.srcs/sim_1/new/TB_Adder_3bit.vhd} w ]
add_files -fileset sim_1 {{C:/Users/DELL/Desktop/Nano-Processor-Design/Nanoprocessor Design/Nanoprocessor Design.srcs/sim_1/new/TB_Adder_3bit.vhd}}
update_compile_order -fileset sim_1
set_property top ADD_SUB [current_fileset]
update_compile_order -fileset sources_1
set_property top ADD_SUB_TB [get_filesets sim_1]
set_property top_lib xil_defaultlib [get_filesets sim_1]
update_compile_order -fileset sim_1
reset_run synth_1
WARNING: [Vivado 12-1017] Problems encountered:
1. Failed to delete one or more files in run directory C:/Users/DELL/Desktop/Nano-Processor-Design/Nanoprocessor Design/Nanoprocessor Design.runs/synth_1

launch_runs synth_1 -jobs 2
[Tue Apr 28 16:13:46 2026] Launched synth_1...
Run output will be captured here: C:/Users/DELL/Desktop/Nano-Processor-Design/Nanoprocessor Design/Nanoprocessor Design.runs/synth_1/runme.log
