
*** Running vivado
    with args -log decoder_3to8.vds -m64 -product Vivado -mode batch -messageDb vivado.pb -notrace -source decoder_3to8.tcl


****** Vivado v2018.1 (64-bit)
  **** SW Build 2188600 on Wed Apr  4 18:40:38 MDT 2018
  **** IP Build 2185939 on Wed Apr  4 20:55:05 MDT 2018
    ** Copyright 1986-2018 Xilinx, Inc. All Rights Reserved.

source decoder_3to8.tcl -notrace
Command: synth_design -top decoder_3to8 -part xc7a35tcpg236-1
Starting synth_design
Attempting to get a license for feature 'Synthesis' and/or device 'xc7a35t'
INFO: [Common 17-349] Got license for feature 'Synthesis' and/or device 'xc7a35t'
INFO: Launching helper process for spawning children vivado processes
INFO: Helper process launched with PID 14036 
---------------------------------------------------------------------------------
Starting RTL Elaboration : Time (s): cpu = 00:00:05 ; elapsed = 00:00:05 . Memory (MB): peak = 436.258 ; gain = 95.961
---------------------------------------------------------------------------------
INFO: [Synth 8-638] synthesizing module 'decoder_3to8' [C:/Users/USER/OneDrive/Desktop/GithubFiles/Nano-Processor-Design/Nano_Processor_Advanced/Nano_Processor_Advanced.srcs/sources_1/new/decoder_3to8.vhd:40]
INFO: [Synth 8-226] default block is never used [C:/Users/USER/OneDrive/Desktop/GithubFiles/Nano-Processor-Design/Nano_Processor_Advanced/Nano_Processor_Advanced.srcs/sources_1/new/decoder_3to8.vhd:44]
INFO: [Synth 8-256] done synthesizing module 'decoder_3to8' (1#1) [C:/Users/USER/OneDrive/Desktop/GithubFiles/Nano-Processor-Design/Nano_Processor_Advanced/Nano_Processor_Advanced.srcs/sources_1/new/decoder_3to8.vhd:40]
---------------------------------------------------------------------------------
Finished RTL Elaboration : Time (s): cpu = 00:00:06 ; elapsed = 00:00:06 . Memory (MB): peak = 491.070 ; gain = 150.773
---------------------------------------------------------------------------------

Report Check Netlist: 
+------+------------------+-------+---------+-------+------------------+
|      |Item              |Errors |Warnings |Status |Description       |
+------+------------------+-------+---------+-------+------------------+
|1     |multi_driven_nets |      0|        0|Passed |Multi driven nets |
+------+------------------+-------+---------+-------+------------------+
---------------------------------------------------------------------------------
Start Handling Custom Attributes
---------------------------------------------------------------------------------
---------------------------------------------------------------------------------
Finished Handling Custom Attributes : Time (s): cpu = 00:00:06 ; elapsed = 00:00:06 . Memory (MB): peak = 491.070 ; gain = 150.773
---------------------------------------------------------------------------------
---------------------------------------------------------------------------------
Finished RTL Optimization Phase 1 : Time (s): cpu = 00:00:06 ; elapsed = 00:00:06 . Memory (MB): peak = 491.070 ; gain = 150.773
---------------------------------------------------------------------------------
INFO: [Device 21-403] Loading part xc7a35tcpg236-1
INFO: [Project 1-570] Preparing netlist for logic optimization

Processing XDC Constraints
Initializing timing engine
Parsing XDC File [C:/Users/USER/OneDrive/Desktop/GithubFiles/Nano-Processor-Design/Nano_Processor_Advanced/Nano_Processor_Advanced.srcs/constrs_1/new/Nano_Processor_Constarints.xdc]
WARNING: [Vivado 12-584] No ports matched 'clk'. [C:/Users/USER/OneDrive/Desktop/GithubFiles/Nano-Processor-Design/Nano_Processor_Advanced/Nano_Processor_Advanced.srcs/constrs_1/new/Nano_Processor_Constarints.xdc:7]
CRITICAL WARNING: [Common 17-55] 'set_property' expects at least one object. [C:/Users/USER/OneDrive/Desktop/GithubFiles/Nano-Processor-Design/Nano_Processor_Advanced/Nano_Processor_Advanced.srcs/constrs_1/new/Nano_Processor_Constarints.xdc:7]
Resolution: If [get_<value>] was used to populate the object, check to make sure this command returns at least one valid object.
WARNING: [Vivado 12-584] No ports matched 'clk'. [C:/Users/USER/OneDrive/Desktop/GithubFiles/Nano-Processor-Design/Nano_Processor_Advanced/Nano_Processor_Advanced.srcs/constrs_1/new/Nano_Processor_Constarints.xdc:8]
CRITICAL WARNING: [Common 17-55] 'set_property' expects at least one object. [C:/Users/USER/OneDrive/Desktop/GithubFiles/Nano-Processor-Design/Nano_Processor_Advanced/Nano_Processor_Advanced.srcs/constrs_1/new/Nano_Processor_Constarints.xdc:8]
Resolution: If [get_<value>] was used to populate the object, check to make sure this command returns at least one valid object.
WARNING: [Vivado 12-584] No ports matched 'clk'. [C:/Users/USER/OneDrive/Desktop/GithubFiles/Nano-Processor-Design/Nano_Processor_Advanced/Nano_Processor_Advanced.srcs/constrs_1/new/Nano_Processor_Constarints.xdc:9]
CRITICAL WARNING: [Vivado 12-4739] create_clock:No valid object(s) found for '-objects [get_ports clk]'. [C:/Users/USER/OneDrive/Desktop/GithubFiles/Nano-Processor-Design/Nano_Processor_Advanced/Nano_Processor_Advanced.srcs/constrs_1/new/Nano_Processor_Constarints.xdc:9]
Resolution: Check if the specified object(s) exists in the current design. If it does, ensure that the correct design hierarchy was specified for the object. If you are working with clocks, make sure create_clock was used to create the clock object before it is referenced.
WARNING: [Vivado 12-584] No ports matched 'reset_btn'. [C:/Users/USER/OneDrive/Desktop/GithubFiles/Nano-Processor-Design/Nano_Processor_Advanced/Nano_Processor_Advanced.srcs/constrs_1/new/Nano_Processor_Constarints.xdc:12]
CRITICAL WARNING: [Common 17-55] 'set_property' expects at least one object. [C:/Users/USER/OneDrive/Desktop/GithubFiles/Nano-Processor-Design/Nano_Processor_Advanced/Nano_Processor_Advanced.srcs/constrs_1/new/Nano_Processor_Constarints.xdc:12]
Resolution: If [get_<value>] was used to populate the object, check to make sure this command returns at least one valid object.
WARNING: [Vivado 12-584] No ports matched 'reset_btn'. [C:/Users/USER/OneDrive/Desktop/GithubFiles/Nano-Processor-Design/Nano_Processor_Advanced/Nano_Processor_Advanced.srcs/constrs_1/new/Nano_Processor_Constarints.xdc:13]
CRITICAL WARNING: [Common 17-55] 'set_property' expects at least one object. [C:/Users/USER/OneDrive/Desktop/GithubFiles/Nano-Processor-Design/Nano_Processor_Advanced/Nano_Processor_Advanced.srcs/constrs_1/new/Nano_Processor_Constarints.xdc:13]
Resolution: If [get_<value>] was used to populate the object, check to make sure this command returns at least one valid object.
WARNING: [Vivado 12-584] No ports matched 'led[0]'. [C:/Users/USER/OneDrive/Desktop/GithubFiles/Nano-Processor-Design/Nano_Processor_Advanced/Nano_Processor_Advanced.srcs/constrs_1/new/Nano_Processor_Constarints.xdc:16]
CRITICAL WARNING: [Common 17-55] 'set_property' expects at least one object. [C:/Users/USER/OneDrive/Desktop/GithubFiles/Nano-Processor-Design/Nano_Processor_Advanced/Nano_Processor_Advanced.srcs/constrs_1/new/Nano_Processor_Constarints.xdc:16]
Resolution: If [get_<value>] was used to populate the object, check to make sure this command returns at least one valid object.
WARNING: [Vivado 12-584] No ports matched 'led[1]'. [C:/Users/USER/OneDrive/Desktop/GithubFiles/Nano-Processor-Design/Nano_Processor_Advanced/Nano_Processor_Advanced.srcs/constrs_1/new/Nano_Processor_Constarints.xdc:17]
CRITICAL WARNING: [Common 17-55] 'set_property' expects at least one object. [C:/Users/USER/OneDrive/Desktop/GithubFiles/Nano-Processor-Design/Nano_Processor_Advanced/Nano_Processor_Advanced.srcs/constrs_1/new/Nano_Processor_Constarints.xdc:17]
Resolution: If [get_<value>] was used to populate the object, check to make sure this command returns at least one valid object.
WARNING: [Vivado 12-584] No ports matched 'led[2]'. [C:/Users/USER/OneDrive/Desktop/GithubFiles/Nano-Processor-Design/Nano_Processor_Advanced/Nano_Processor_Advanced.srcs/constrs_1/new/Nano_Processor_Constarints.xdc:18]
CRITICAL WARNING: [Common 17-55] 'set_property' expects at least one object. [C:/Users/USER/OneDrive/Desktop/GithubFiles/Nano-Processor-Design/Nano_Processor_Advanced/Nano_Processor_Advanced.srcs/constrs_1/new/Nano_Processor_Constarints.xdc:18]
Resolution: If [get_<value>] was used to populate the object, check to make sure this command returns at least one valid object.
WARNING: [Vivado 12-584] No ports matched 'led[3]'. [C:/Users/USER/OneDrive/Desktop/GithubFiles/Nano-Processor-Design/Nano_Processor_Advanced/Nano_Processor_Advanced.srcs/constrs_1/new/Nano_Processor_Constarints.xdc:19]
CRITICAL WARNING: [Common 17-55] 'set_property' expects at least one object. [C:/Users/USER/OneDrive/Desktop/GithubFiles/Nano-Processor-Design/Nano_Processor_Advanced/Nano_Processor_Advanced.srcs/constrs_1/new/Nano_Processor_Constarints.xdc:19]
Resolution: If [get_<value>] was used to populate the object, check to make sure this command returns at least one valid object.
WARNING: [Vivado 12-584] No ports matched 'led[4]'. [C:/Users/USER/OneDrive/Desktop/GithubFiles/Nano-Processor-Design/Nano_Processor_Advanced/Nano_Processor_Advanced.srcs/constrs_1/new/Nano_Processor_Constarints.xdc:20]
CRITICAL WARNING: [Common 17-55] 'set_property' expects at least one object. [C:/Users/USER/OneDrive/Desktop/GithubFiles/Nano-Processor-Design/Nano_Processor_Advanced/Nano_Processor_Advanced.srcs/constrs_1/new/Nano_Processor_Constarints.xdc:20]
Resolution: If [get_<value>] was used to populate the object, check to make sure this command returns at least one valid object.
WARNING: [Vivado 12-584] No ports matched 'led[5]'. [C:/Users/USER/OneDrive/Desktop/GithubFiles/Nano-Processor-Design/Nano_Processor_Advanced/Nano_Processor_Advanced.srcs/constrs_1/new/Nano_Processor_Constarints.xdc:21]
CRITICAL WARNING: [Common 17-55] 'set_property' expects at least one object. [C:/Users/USER/OneDrive/Desktop/GithubFiles/Nano-Processor-Design/Nano_Processor_Advanced/Nano_Processor_Advanced.srcs/constrs_1/new/Nano_Processor_Constarints.xdc:21]
Resolution: If [get_<value>] was used to populate the object, check to make sure this command returns at least one valid object.
WARNING: [Vivado 12-584] No ports matched 'led[6]'. [C:/Users/USER/OneDrive/Desktop/GithubFiles/Nano-Processor-Design/Nano_Processor_Advanced/Nano_Processor_Advanced.srcs/constrs_1/new/Nano_Processor_Constarints.xdc:22]
CRITICAL WARNING: [Common 17-55] 'set_property' expects at least one object. [C:/Users/USER/OneDrive/Desktop/GithubFiles/Nano-Processor-Design/Nano_Processor_Advanced/Nano_Processor_Advanced.srcs/constrs_1/new/Nano_Processor_Constarints.xdc:22]
Resolution: If [get_<value>] was used to populate the object, check to make sure this command returns at least one valid object.
WARNING: [Vivado 12-584] No ports matched 'led[7]'. [C:/Users/USER/OneDrive/Desktop/GithubFiles/Nano-Processor-Design/Nano_Processor_Advanced/Nano_Processor_Advanced.srcs/constrs_1/new/Nano_Processor_Constarints.xdc:23]
CRITICAL WARNING: [Common 17-55] 'set_property' expects at least one object. [C:/Users/USER/OneDrive/Desktop/GithubFiles/Nano-Processor-Design/Nano_Processor_Advanced/Nano_Processor_Advanced.srcs/constrs_1/new/Nano_Processor_Constarints.xdc:23]
Resolution: If [get_<value>] was used to populate the object, check to make sure this command returns at least one valid object.
WARNING: [Vivado 12-584] No ports matched 'led[8]'. [C:/Users/USER/OneDrive/Desktop/GithubFiles/Nano-Processor-Design/Nano_Processor_Advanced/Nano_Processor_Advanced.srcs/constrs_1/new/Nano_Processor_Constarints.xdc:24]
CRITICAL WARNING: [Common 17-55] 'set_property' expects at least one object. [C:/Users/USER/OneDrive/Desktop/GithubFiles/Nano-Processor-Design/Nano_Processor_Advanced/Nano_Processor_Advanced.srcs/constrs_1/new/Nano_Processor_Constarints.xdc:24]
Resolution: If [get_<value>] was used to populate the object, check to make sure this command returns at least one valid object.
WARNING: [Vivado 12-584] No ports matched 'led[9]'. [C:/Users/USER/OneDrive/Desktop/GithubFiles/Nano-Processor-Design/Nano_Processor_Advanced/Nano_Processor_Advanced.srcs/constrs_1/new/Nano_Processor_Constarints.xdc:25]
CRITICAL WARNING: [Common 17-55] 'set_property' expects at least one object. [C:/Users/USER/OneDrive/Desktop/GithubFiles/Nano-Processor-Design/Nano_Processor_Advanced/Nano_Processor_Advanced.srcs/constrs_1/new/Nano_Processor_Constarints.xdc:25]
Resolution: If [get_<value>] was used to populate the object, check to make sure this command returns at least one valid object.
WARNING: [Vivado 12-584] No ports matched 'led[10]'. [C:/Users/USER/OneDrive/Desktop/GithubFiles/Nano-Processor-Design/Nano_Processor_Advanced/Nano_Processor_Advanced.srcs/constrs_1/new/Nano_Processor_Constarints.xdc:26]
CRITICAL WARNING: [Common 17-55] 'set_property' expects at least one object. [C:/Users/USER/OneDrive/Desktop/GithubFiles/Nano-Processor-Design/Nano_Processor_Advanced/Nano_Processor_Advanced.srcs/constrs_1/new/Nano_Processor_Constarints.xdc:26]
Resolution: If [get_<value>] was used to populate the object, check to make sure this command returns at least one valid object.
WARNING: [Vivado 12-584] No ports matched 'led[11]'. [C:/Users/USER/OneDrive/Desktop/GithubFiles/Nano-Processor-Design/Nano_Processor_Advanced/Nano_Processor_Advanced.srcs/constrs_1/new/Nano_Processor_Constarints.xdc:27]
CRITICAL WARNING: [Common 17-55] 'set_property' expects at least one object. [C:/Users/USER/OneDrive/Desktop/GithubFiles/Nano-Processor-Design/Nano_Processor_Advanced/Nano_Processor_Advanced.srcs/constrs_1/new/Nano_Processor_Constarints.xdc:27]
Resolution: If [get_<value>] was used to populate the object, check to make sure this command returns at least one valid object.
WARNING: [Vivado 12-584] No ports matched 'led[12]'. [C:/Users/USER/OneDrive/Desktop/GithubFiles/Nano-Processor-Design/Nano_Processor_Advanced/Nano_Processor_Advanced.srcs/constrs_1/new/Nano_Processor_Constarints.xdc:28]
CRITICAL WARNING: [Common 17-55] 'set_property' expects at least one object. [C:/Users/USER/OneDrive/Desktop/GithubFiles/Nano-Processor-Design/Nano_Processor_Advanced/Nano_Processor_Advanced.srcs/constrs_1/new/Nano_Processor_Constarints.xdc:28]
Resolution: If [get_<value>] was used to populate the object, check to make sure this command returns at least one valid object.
WARNING: [Vivado 12-584] No ports matched 'led[13]'. [C:/Users/USER/OneDrive/Desktop/GithubFiles/Nano-Processor-Design/Nano_Processor_Advanced/Nano_Processor_Advanced.srcs/constrs_1/new/Nano_Processor_Constarints.xdc:29]
CRITICAL WARNING: [Common 17-55] 'set_property' expects at least one object. [C:/Users/USER/OneDrive/Desktop/GithubFiles/Nano-Processor-Design/Nano_Processor_Advanced/Nano_Processor_Advanced.srcs/constrs_1/new/Nano_Processor_Constarints.xdc:29]
Resolution: If [get_<value>] was used to populate the object, check to make sure this command returns at least one valid object.
WARNING: [Vivado 12-584] No ports matched 'led[14]'. [C:/Users/USER/OneDrive/Desktop/GithubFiles/Nano-Processor-Design/Nano_Processor_Advanced/Nano_Processor_Advanced.srcs/constrs_1/new/Nano_Processor_Constarints.xdc:30]
CRITICAL WARNING: [Common 17-55] 'set_property' expects at least one object. [C:/Users/USER/OneDrive/Desktop/GithubFiles/Nano-Processor-Design/Nano_Processor_Advanced/Nano_Processor_Advanced.srcs/constrs_1/new/Nano_Processor_Constarints.xdc:30]
Resolution: If [get_<value>] was used to populate the object, check to make sure this command returns at least one valid object.
WARNING: [Vivado 12-584] No ports matched 'led[15]'. [C:/Users/USER/OneDrive/Desktop/GithubFiles/Nano-Processor-Design/Nano_Processor_Advanced/Nano_Processor_Advanced.srcs/constrs_1/new/Nano_Processor_Constarints.xdc:31]
CRITICAL WARNING: [Common 17-55] 'set_property' expects at least one object. [C:/Users/USER/OneDrive/Desktop/GithubFiles/Nano-Processor-Design/Nano_Processor_Advanced/Nano_Processor_Advanced.srcs/constrs_1/new/Nano_Processor_Constarints.xdc:31]
Resolution: If [get_<value>] was used to populate the object, check to make sure this command returns at least one valid object.
WARNING: [Vivado 12-584] No ports matched 'led[*]'. [C:/Users/USER/OneDrive/Desktop/GithubFiles/Nano-Processor-Design/Nano_Processor_Advanced/Nano_Processor_Advanced.srcs/constrs_1/new/Nano_Processor_Constarints.xdc:32]
CRITICAL WARNING: [Common 17-55] 'set_property' expects at least one object. [C:/Users/USER/OneDrive/Desktop/GithubFiles/Nano-Processor-Design/Nano_Processor_Advanced/Nano_Processor_Advanced.srcs/constrs_1/new/Nano_Processor_Constarints.xdc:32]
Resolution: If [get_<value>] was used to populate the object, check to make sure this command returns at least one valid object.
WARNING: [Vivado 12-584] No ports matched 'seg[0]'. [C:/Users/USER/OneDrive/Desktop/GithubFiles/Nano-Processor-Design/Nano_Processor_Advanced/Nano_Processor_Advanced.srcs/constrs_1/new/Nano_Processor_Constarints.xdc:35]
CRITICAL WARNING: [Common 17-55] 'set_property' expects at least one object. [C:/Users/USER/OneDrive/Desktop/GithubFiles/Nano-Processor-Design/Nano_Processor_Advanced/Nano_Processor_Advanced.srcs/constrs_1/new/Nano_Processor_Constarints.xdc:35]
Resolution: If [get_<value>] was used to populate the object, check to make sure this command returns at least one valid object.
WARNING: [Vivado 12-584] No ports matched 'seg[1]'. [C:/Users/USER/OneDrive/Desktop/GithubFiles/Nano-Processor-Design/Nano_Processor_Advanced/Nano_Processor_Advanced.srcs/constrs_1/new/Nano_Processor_Constarints.xdc:36]
CRITICAL WARNING: [Common 17-55] 'set_property' expects at least one object. [C:/Users/USER/OneDrive/Desktop/GithubFiles/Nano-Processor-Design/Nano_Processor_Advanced/Nano_Processor_Advanced.srcs/constrs_1/new/Nano_Processor_Constarints.xdc:36]
Resolution: If [get_<value>] was used to populate the object, check to make sure this command returns at least one valid object.
WARNING: [Vivado 12-584] No ports matched 'seg[2]'. [C:/Users/USER/OneDrive/Desktop/GithubFiles/Nano-Processor-Design/Nano_Processor_Advanced/Nano_Processor_Advanced.srcs/constrs_1/new/Nano_Processor_Constarints.xdc:37]
CRITICAL WARNING: [Common 17-55] 'set_property' expects at least one object. [C:/Users/USER/OneDrive/Desktop/GithubFiles/Nano-Processor-Design/Nano_Processor_Advanced/Nano_Processor_Advanced.srcs/constrs_1/new/Nano_Processor_Constarints.xdc:37]
Resolution: If [get_<value>] was used to populate the object, check to make sure this command returns at least one valid object.
WARNING: [Vivado 12-584] No ports matched 'seg[3]'. [C:/Users/USER/OneDrive/Desktop/GithubFiles/Nano-Processor-Design/Nano_Processor_Advanced/Nano_Processor_Advanced.srcs/constrs_1/new/Nano_Processor_Constarints.xdc:38]
CRITICAL WARNING: [Common 17-55] 'set_property' expects at least one object. [C:/Users/USER/OneDrive/Desktop/GithubFiles/Nano-Processor-Design/Nano_Processor_Advanced/Nano_Processor_Advanced.srcs/constrs_1/new/Nano_Processor_Constarints.xdc:38]
Resolution: If [get_<value>] was used to populate the object, check to make sure this command returns at least one valid object.
WARNING: [Vivado 12-584] No ports matched 'seg[4]'. [C:/Users/USER/OneDrive/Desktop/GithubFiles/Nano-Processor-Design/Nano_Processor_Advanced/Nano_Processor_Advanced.srcs/constrs_1/new/Nano_Processor_Constarints.xdc:39]
CRITICAL WARNING: [Common 17-55] 'set_property' expects at least one object. [C:/Users/USER/OneDrive/Desktop/GithubFiles/Nano-Processor-Design/Nano_Processor_Advanced/Nano_Processor_Advanced.srcs/constrs_1/new/Nano_Processor_Constarints.xdc:39]
Resolution: If [get_<value>] was used to populate the object, check to make sure this command returns at least one valid object.
WARNING: [Vivado 12-584] No ports matched 'seg[5]'. [C:/Users/USER/OneDrive/Desktop/GithubFiles/Nano-Processor-Design/Nano_Processor_Advanced/Nano_Processor_Advanced.srcs/constrs_1/new/Nano_Processor_Constarints.xdc:40]
CRITICAL WARNING: [Common 17-55] 'set_property' expects at least one object. [C:/Users/USER/OneDrive/Desktop/GithubFiles/Nano-Processor-Design/Nano_Processor_Advanced/Nano_Processor_Advanced.srcs/constrs_1/new/Nano_Processor_Constarints.xdc:40]
Resolution: If [get_<value>] was used to populate the object, check to make sure this command returns at least one valid object.
WARNING: [Vivado 12-584] No ports matched 'seg[6]'. [C:/Users/USER/OneDrive/Desktop/GithubFiles/Nano-Processor-Design/Nano_Processor_Advanced/Nano_Processor_Advanced.srcs/constrs_1/new/Nano_Processor_Constarints.xdc:41]
CRITICAL WARNING: [Common 17-55] 'set_property' expects at least one object. [C:/Users/USER/OneDrive/Desktop/GithubFiles/Nano-Processor-Design/Nano_Processor_Advanced/Nano_Processor_Advanced.srcs/constrs_1/new/Nano_Processor_Constarints.xdc:41]
Resolution: If [get_<value>] was used to populate the object, check to make sure this command returns at least one valid object.
WARNING: [Vivado 12-584] No ports matched 'seg[*]'. [C:/Users/USER/OneDrive/Desktop/GithubFiles/Nano-Processor-Design/Nano_Processor_Advanced/Nano_Processor_Advanced.srcs/constrs_1/new/Nano_Processor_Constarints.xdc:42]
CRITICAL WARNING: [Common 17-55] 'set_property' expects at least one object. [C:/Users/USER/OneDrive/Desktop/GithubFiles/Nano-Processor-Design/Nano_Processor_Advanced/Nano_Processor_Advanced.srcs/constrs_1/new/Nano_Processor_Constarints.xdc:42]
Resolution: If [get_<value>] was used to populate the object, check to make sure this command returns at least one valid object.
WARNING: [Vivado 12-584] No ports matched 'an[0]'. [C:/Users/USER/OneDrive/Desktop/GithubFiles/Nano-Processor-Design/Nano_Processor_Advanced/Nano_Processor_Advanced.srcs/constrs_1/new/Nano_Processor_Constarints.xdc:45]
CRITICAL WARNING: [Common 17-55] 'set_property' expects at least one object. [C:/Users/USER/OneDrive/Desktop/GithubFiles/Nano-Processor-Design/Nano_Processor_Advanced/Nano_Processor_Advanced.srcs/constrs_1/new/Nano_Processor_Constarints.xdc:45]
Resolution: If [get_<value>] was used to populate the object, check to make sure this command returns at least one valid object.
WARNING: [Vivado 12-584] No ports matched 'an[1]'. [C:/Users/USER/OneDrive/Desktop/GithubFiles/Nano-Processor-Design/Nano_Processor_Advanced/Nano_Processor_Advanced.srcs/constrs_1/new/Nano_Processor_Constarints.xdc:46]
CRITICAL WARNING: [Common 17-55] 'set_property' expects at least one object. [C:/Users/USER/OneDrive/Desktop/GithubFiles/Nano-Processor-Design/Nano_Processor_Advanced/Nano_Processor_Advanced.srcs/constrs_1/new/Nano_Processor_Constarints.xdc:46]
Resolution: If [get_<value>] was used to populate the object, check to make sure this command returns at least one valid object.
WARNING: [Vivado 12-584] No ports matched 'an[2]'. [C:/Users/USER/OneDrive/Desktop/GithubFiles/Nano-Processor-Design/Nano_Processor_Advanced/Nano_Processor_Advanced.srcs/constrs_1/new/Nano_Processor_Constarints.xdc:47]
CRITICAL WARNING: [Common 17-55] 'set_property' expects at least one object. [C:/Users/USER/OneDrive/Desktop/GithubFiles/Nano-Processor-Design/Nano_Processor_Advanced/Nano_Processor_Advanced.srcs/constrs_1/new/Nano_Processor_Constarints.xdc:47]
Resolution: If [get_<value>] was used to populate the object, check to make sure this command returns at least one valid object.
WARNING: [Vivado 12-584] No ports matched 'an[3]'. [C:/Users/USER/OneDrive/Desktop/GithubFiles/Nano-Processor-Design/Nano_Processor_Advanced/Nano_Processor_Advanced.srcs/constrs_1/new/Nano_Processor_Constarints.xdc:48]
CRITICAL WARNING: [Common 17-55] 'set_property' expects at least one object. [C:/Users/USER/OneDrive/Desktop/GithubFiles/Nano-Processor-Design/Nano_Processor_Advanced/Nano_Processor_Advanced.srcs/constrs_1/new/Nano_Processor_Constarints.xdc:48]
Resolution: If [get_<value>] was used to populate the object, check to make sure this command returns at least one valid object.
WARNING: [Vivado 12-584] No ports matched 'an[*]'. [C:/Users/USER/OneDrive/Desktop/GithubFiles/Nano-Processor-Design/Nano_Processor_Advanced/Nano_Processor_Advanced.srcs/constrs_1/new/Nano_Processor_Constarints.xdc:49]
CRITICAL WARNING: [Common 17-55] 'set_property' expects at least one object. [C:/Users/USER/OneDrive/Desktop/GithubFiles/Nano-Processor-Design/Nano_Processor_Advanced/Nano_Processor_Advanced.srcs/constrs_1/new/Nano_Processor_Constarints.xdc:49]
Resolution: If [get_<value>] was used to populate the object, check to make sure this command returns at least one valid object.
WARNING: [Vivado 12-584] No ports matched 'pc_debug[0]'. [C:/Users/USER/OneDrive/Desktop/GithubFiles/Nano-Processor-Design/Nano_Processor_Advanced/Nano_Processor_Advanced.srcs/constrs_1/new/Nano_Processor_Constarints.xdc:52]
CRITICAL WARNING: [Common 17-55] 'set_property' expects at least one object. [C:/Users/USER/OneDrive/Desktop/GithubFiles/Nano-Processor-Design/Nano_Processor_Advanced/Nano_Processor_Advanced.srcs/constrs_1/new/Nano_Processor_Constarints.xdc:52]
Resolution: If [get_<value>] was used to populate the object, check to make sure this command returns at least one valid object.
WARNING: [Vivado 12-584] No ports matched 'pc_debug[1]'. [C:/Users/USER/OneDrive/Desktop/GithubFiles/Nano-Processor-Design/Nano_Processor_Advanced/Nano_Processor_Advanced.srcs/constrs_1/new/Nano_Processor_Constarints.xdc:53]
CRITICAL WARNING: [Common 17-55] 'set_property' expects at least one object. [C:/Users/USER/OneDrive/Desktop/GithubFiles/Nano-Processor-Design/Nano_Processor_Advanced/Nano_Processor_Advanced.srcs/constrs_1/new/Nano_Processor_Constarints.xdc:53]
Resolution: If [get_<value>] was used to populate the object, check to make sure this command returns at least one valid object.
WARNING: [Vivado 12-584] No ports matched 'pc_debug[2]'. [C:/Users/USER/OneDrive/Desktop/GithubFiles/Nano-Processor-Design/Nano_Processor_Advanced/Nano_Processor_Advanced.srcs/constrs_1/new/Nano_Processor_Constarints.xdc:54]
CRITICAL WARNING: [Common 17-55] 'set_property' expects at least one object. [C:/Users/USER/OneDrive/Desktop/GithubFiles/Nano-Processor-Design/Nano_Processor_Advanced/Nano_Processor_Advanced.srcs/constrs_1/new/Nano_Processor_Constarints.xdc:54]
Resolution: If [get_<value>] was used to populate the object, check to make sure this command returns at least one valid object.
WARNING: [Vivado 12-584] No ports matched 'pc_debug[*]'. [C:/Users/USER/OneDrive/Desktop/GithubFiles/Nano-Processor-Design/Nano_Processor_Advanced/Nano_Processor_Advanced.srcs/constrs_1/new/Nano_Processor_Constarints.xdc:55]
CRITICAL WARNING: [Common 17-55] 'set_property' expects at least one object. [C:/Users/USER/OneDrive/Desktop/GithubFiles/Nano-Processor-Design/Nano_Processor_Advanced/Nano_Processor_Advanced.srcs/constrs_1/new/Nano_Processor_Constarints.xdc:55]
Resolution: If [get_<value>] was used to populate the object, check to make sure this command returns at least one valid object.
WARNING: [Vivado 12-584] No ports matched 'r7_debug[0]'. [C:/Users/USER/OneDrive/Desktop/GithubFiles/Nano-Processor-Design/Nano_Processor_Advanced/Nano_Processor_Advanced.srcs/constrs_1/new/Nano_Processor_Constarints.xdc:58]
CRITICAL WARNING: [Common 17-55] 'set_property' expects at least one object. [C:/Users/USER/OneDrive/Desktop/GithubFiles/Nano-Processor-Design/Nano_Processor_Advanced/Nano_Processor_Advanced.srcs/constrs_1/new/Nano_Processor_Constarints.xdc:58]
Resolution: If [get_<value>] was used to populate the object, check to make sure this command returns at least one valid object.
WARNING: [Vivado 12-584] No ports matched 'r7_debug[1]'. [C:/Users/USER/OneDrive/Desktop/GithubFiles/Nano-Processor-Design/Nano_Processor_Advanced/Nano_Processor_Advanced.srcs/constrs_1/new/Nano_Processor_Constarints.xdc:59]
CRITICAL WARNING: [Common 17-55] 'set_property' expects at least one object. [C:/Users/USER/OneDrive/Desktop/GithubFiles/Nano-Processor-Design/Nano_Processor_Advanced/Nano_Processor_Advanced.srcs/constrs_1/new/Nano_Processor_Constarints.xdc:59]
Resolution: If [get_<value>] was used to populate the object, check to make sure this command returns at least one valid object.
WARNING: [Vivado 12-584] No ports matched 'r7_debug[2]'. [C:/Users/USER/OneDrive/Desktop/GithubFiles/Nano-Processor-Design/Nano_Processor_Advanced/Nano_Processor_Advanced.srcs/constrs_1/new/Nano_Processor_Constarints.xdc:60]
CRITICAL WARNING: [Common 17-55] 'set_property' expects at least one object. [C:/Users/USER/OneDrive/Desktop/GithubFiles/Nano-Processor-Design/Nano_Processor_Advanced/Nano_Processor_Advanced.srcs/constrs_1/new/Nano_Processor_Constarints.xdc:60]
Resolution: If [get_<value>] was used to populate the object, check to make sure this command returns at least one valid object.
WARNING: [Vivado 12-584] No ports matched 'r7_debug[3]'. [C:/Users/USER/OneDrive/Desktop/GithubFiles/Nano-Processor-Design/Nano_Processor_Advanced/Nano_Processor_Advanced.srcs/constrs_1/new/Nano_Processor_Constarints.xdc:61]
CRITICAL WARNING: [Common 17-55] 'set_property' expects at least one object. [C:/Users/USER/OneDrive/Desktop/GithubFiles/Nano-Processor-Design/Nano_Processor_Advanced/Nano_Processor_Advanced.srcs/constrs_1/new/Nano_Processor_Constarints.xdc:61]
Resolution: If [get_<value>] was used to populate the object, check to make sure this command returns at least one valid object.
WARNING: [Vivado 12-584] No ports matched 'r7_debug[*]'. [C:/Users/USER/OneDrive/Desktop/GithubFiles/Nano-Processor-Design/Nano_Processor_Advanced/Nano_Processor_Advanced.srcs/constrs_1/new/Nano_Processor_Constarints.xdc:62]
CRITICAL WARNING: [Common 17-55] 'set_property' expects at least one object. [C:/Users/USER/OneDrive/Desktop/GithubFiles/Nano-Processor-Design/Nano_Processor_Advanced/Nano_Processor_Advanced.srcs/constrs_1/new/Nano_Processor_Constarints.xdc:62]
Resolution: If [get_<value>] was used to populate the object, check to make sure this command returns at least one valid object.
Finished Parsing XDC File [C:/Users/USER/OneDrive/Desktop/GithubFiles/Nano-Processor-Design/Nano_Processor_Advanced/Nano_Processor_Advanced.srcs/constrs_1/new/Nano_Processor_Constarints.xdc]
Completed Processing XDC Constraints

INFO: [Project 1-111] Unisim Transformation Summary:
No Unisim elements were transformed.

Constraint Validation Runtime : Time (s): cpu = 00:00:00 ; elapsed = 00:00:00.002 . Memory (MB): peak = 727.406 ; gain = 0.000
---------------------------------------------------------------------------------
Finished Constraint Validation : Time (s): cpu = 00:00:17 ; elapsed = 00:00:20 . Memory (MB): peak = 727.406 ; gain = 387.109
---------------------------------------------------------------------------------
---------------------------------------------------------------------------------
Start Loading Part and Timing Information
---------------------------------------------------------------------------------
Loading part: xc7a35tcpg236-1
---------------------------------------------------------------------------------
Finished Loading Part and Timing Information : Time (s): cpu = 00:00:17 ; elapsed = 00:00:20 . Memory (MB): peak = 727.406 ; gain = 387.109
---------------------------------------------------------------------------------
---------------------------------------------------------------------------------
Start Applying 'set_property' XDC Constraints
---------------------------------------------------------------------------------
---------------------------------------------------------------------------------
Finished applying 'set_property' XDC Constraints : Time (s): cpu = 00:00:17 ; elapsed = 00:00:20 . Memory (MB): peak = 727.406 ; gain = 387.109
---------------------------------------------------------------------------------
---------------------------------------------------------------------------------
Finished RTL Optimization Phase 2 : Time (s): cpu = 00:00:17 ; elapsed = 00:00:20 . Memory (MB): peak = 727.406 ; gain = 387.109
---------------------------------------------------------------------------------

Report RTL Partitions: 
+-+--------------+------------+----------+
| |RTL Partition |Replication |Instances |
+-+--------------+------------+----------+
+-+--------------+------------+----------+
---------------------------------------------------------------------------------
Start RTL Component Statistics 
---------------------------------------------------------------------------------
Detailed RTL Component Info : 
+---Muxes : 
	   8 Input      8 Bit        Muxes := 1     
---------------------------------------------------------------------------------
Finished RTL Component Statistics 
---------------------------------------------------------------------------------
---------------------------------------------------------------------------------
Start RTL Hierarchical Component Statistics 
---------------------------------------------------------------------------------
Hierarchical RTL Component report 
Module decoder_3to8 
Detailed RTL Component Info : 
+---Muxes : 
	   8 Input      8 Bit        Muxes := 1     
---------------------------------------------------------------------------------
Finished RTL Hierarchical Component Statistics
---------------------------------------------------------------------------------
---------------------------------------------------------------------------------
Start Part Resource Summary
---------------------------------------------------------------------------------
Part Resources:
DSPs: 90 (col length:60)
BRAMs: 100 (col length: RAMB18 60 RAMB36 30)
---------------------------------------------------------------------------------
Finished Part Resource Summary
---------------------------------------------------------------------------------
---------------------------------------------------------------------------------
Start Cross Boundary and Area Optimization
---------------------------------------------------------------------------------
Warning: Parallel synthesis criteria is not met 
---------------------------------------------------------------------------------
Finished Cross Boundary and Area Optimization : Time (s): cpu = 00:00:18 ; elapsed = 00:00:20 . Memory (MB): peak = 727.406 ; gain = 387.109
---------------------------------------------------------------------------------

Report RTL Partitions: 
+-+--------------+------------+----------+
| |RTL Partition |Replication |Instances |
+-+--------------+------------+----------+
+-+--------------+------------+----------+
---------------------------------------------------------------------------------
Start Applying XDC Timing Constraints
---------------------------------------------------------------------------------
---------------------------------------------------------------------------------
Finished Applying XDC Timing Constraints : Time (s): cpu = 00:00:27 ; elapsed = 00:00:31 . Memory (MB): peak = 810.176 ; gain = 469.879
---------------------------------------------------------------------------------
---------------------------------------------------------------------------------
Start Timing Optimization
---------------------------------------------------------------------------------
---------------------------------------------------------------------------------
Finished Timing Optimization : Time (s): cpu = 00:00:27 ; elapsed = 00:00:31 . Memory (MB): peak = 810.176 ; gain = 469.879
---------------------------------------------------------------------------------

Report RTL Partitions: 
+-+--------------+------------+----------+
| |RTL Partition |Replication |Instances |
+-+--------------+------------+----------+
+-+--------------+------------+----------+
---------------------------------------------------------------------------------
Start Technology Mapping
---------------------------------------------------------------------------------
---------------------------------------------------------------------------------
Finished Technology Mapping : Time (s): cpu = 00:00:27 ; elapsed = 00:00:31 . Memory (MB): peak = 810.504 ; gain = 470.207
---------------------------------------------------------------------------------

Report RTL Partitions: 
+-+--------------+------------+----------+
| |RTL Partition |Replication |Instances |
+-+--------------+------------+----------+
+-+--------------+------------+----------+
---------------------------------------------------------------------------------
Start IO Insertion
---------------------------------------------------------------------------------
---------------------------------------------------------------------------------
Start Flattening Before IO Insertion
---------------------------------------------------------------------------------
---------------------------------------------------------------------------------
Finished Flattening Before IO Insertion
---------------------------------------------------------------------------------
---------------------------------------------------------------------------------
Start Final Netlist Cleanup
---------------------------------------------------------------------------------
---------------------------------------------------------------------------------
Finished Final Netlist Cleanup
---------------------------------------------------------------------------------
---------------------------------------------------------------------------------
Finished IO Insertion : Time (s): cpu = 00:00:28 ; elapsed = 00:00:32 . Memory (MB): peak = 811.633 ; gain = 471.336
---------------------------------------------------------------------------------

Report Check Netlist: 
+------+------------------+-------+---------+-------+------------------+
|      |Item              |Errors |Warnings |Status |Description       |
+------+------------------+-------+---------+-------+------------------+
|1     |multi_driven_nets |      0|        0|Passed |Multi driven nets |
+------+------------------+-------+---------+-------+------------------+
---------------------------------------------------------------------------------
Start Renaming Generated Instances
---------------------------------------------------------------------------------
---------------------------------------------------------------------------------
Finished Renaming Generated Instances : Time (s): cpu = 00:00:28 ; elapsed = 00:00:32 . Memory (MB): peak = 811.633 ; gain = 471.336
---------------------------------------------------------------------------------

Report RTL Partitions: 
+-+--------------+------------+----------+
| |RTL Partition |Replication |Instances |
+-+--------------+------------+----------+
+-+--------------+------------+----------+
---------------------------------------------------------------------------------
Start Rebuilding User Hierarchy
---------------------------------------------------------------------------------
---------------------------------------------------------------------------------
Finished Rebuilding User Hierarchy : Time (s): cpu = 00:00:28 ; elapsed = 00:00:32 . Memory (MB): peak = 811.633 ; gain = 471.336
---------------------------------------------------------------------------------
---------------------------------------------------------------------------------
Start Renaming Generated Ports
---------------------------------------------------------------------------------
---------------------------------------------------------------------------------
Finished Renaming Generated Ports : Time (s): cpu = 00:00:28 ; elapsed = 00:00:32 . Memory (MB): peak = 811.633 ; gain = 471.336
---------------------------------------------------------------------------------
---------------------------------------------------------------------------------
Start Handling Custom Attributes
---------------------------------------------------------------------------------
---------------------------------------------------------------------------------
Finished Handling Custom Attributes : Time (s): cpu = 00:00:28 ; elapsed = 00:00:32 . Memory (MB): peak = 811.633 ; gain = 471.336
---------------------------------------------------------------------------------
---------------------------------------------------------------------------------
Start Renaming Generated Nets
---------------------------------------------------------------------------------
---------------------------------------------------------------------------------
Finished Renaming Generated Nets : Time (s): cpu = 00:00:28 ; elapsed = 00:00:32 . Memory (MB): peak = 811.633 ; gain = 471.336
---------------------------------------------------------------------------------
---------------------------------------------------------------------------------
Start Writing Synthesis Report
---------------------------------------------------------------------------------

Report BlackBoxes: 
+-+--------------+----------+
| |BlackBox name |Instances |
+-+--------------+----------+
+-+--------------+----------+

Report Cell Usage: 
+------+-----+------+
|      |Cell |Count |
+------+-----+------+
|1     |LUT3 |     8|
|2     |IBUF |     3|
|3     |OBUF |     8|
+------+-----+------+

Report Instance Areas: 
+------+---------+-------+------+
|      |Instance |Module |Cells |
+------+---------+-------+------+
|1     |top      |       |    19|
+------+---------+-------+------+
---------------------------------------------------------------------------------
Finished Writing Synthesis Report : Time (s): cpu = 00:00:28 ; elapsed = 00:00:32 . Memory (MB): peak = 811.633 ; gain = 471.336
---------------------------------------------------------------------------------
Synthesis finished with 0 errors, 0 critical warnings and 0 warnings.
Synthesis Optimization Runtime : Time (s): cpu = 00:00:16 ; elapsed = 00:00:24 . Memory (MB): peak = 811.648 ; gain = 235.016
Synthesis Optimization Complete : Time (s): cpu = 00:00:28 ; elapsed = 00:00:32 . Memory (MB): peak = 811.648 ; gain = 471.352
INFO: [Project 1-571] Translating synthesized netlist
INFO: [Netlist 29-17] Analyzing 3 Unisim elements for replacement
INFO: [Netlist 29-28] Unisim Transformation completed in 0 CPU seconds
INFO: [Project 1-570] Preparing netlist for logic optimization
INFO: [Opt 31-138] Pushed 0 inverter(s) to 0 load pin(s).
INFO: [Project 1-111] Unisim Transformation Summary:
No Unisim elements were transformed.

INFO: [Common 17-83] Releasing license: Synthesis
14 Infos, 44 Warnings, 44 Critical Warnings and 0 Errors encountered.
synth_design completed successfully
synth_design: Time (s): cpu = 00:00:30 ; elapsed = 00:00:35 . Memory (MB): peak = 831.285 ; gain = 503.340
INFO: [Common 17-1381] The checkpoint 'C:/Users/USER/OneDrive/Desktop/GithubFiles/Nano-Processor-Design/Nano_Processor_Advanced/Nano_Processor_Advanced.runs/synth_1/decoder_3to8.dcp' has been generated.
INFO: [runtcl-4] Executing : report_utilization -file decoder_3to8_utilization_synth.rpt -pb decoder_3to8_utilization_synth.pb
report_utilization: Time (s): cpu = 00:00:00 ; elapsed = 00:00:00.033 . Memory (MB): peak = 831.285 ; gain = 0.000
INFO: [Common 17-206] Exiting Vivado at Fri May  8 23:05:13 2026...
